2026-05-31 20:29:14, MOVE, v:1, k:ed@lista_d1, mode:DOWN
2026-05-31 20:29:18, MOVE, v:1, k:ed@prin_list1, mode:DOWN
2026-05-31 20:29:57, MOVE, v:1, k:sandbox@user_003, mode:PICK
2026-05-31 20:29:14, MOVE, v:1, k:ed@lista_d1, mode:EDIT
2026-05-31 20:29:14, MOVE, v:1, k:ed@lista_d1, mode:EDIT
2026-05-31 20:29:14, MOVE, v:1, k:ed@lista_d1, mode:EDIT
2026-05-31 20:29:14, MOVE, v:1, k:ed@lista_d1, mode:EDIT
2026-05-31 20:29:17, MOVE, v:1, k:ed@prin_list1, mode:EDIT
2026-05-31 20:29:18, MOVE, v:1, k:ed@prin_list1, mode:EDIT
2026-05-31 20:29:18, MOVE, v:1, k:ed@prin_list1, mode:EDIT
2026-05-31 20:29:18, MOVE, v:1, k:ed@prin_list1, mode:EDIT
2026-05-31 20:29:56, MOVE, v:1, k:sandbox@user_003, mode:EDIT
2026-05-31 20:29:56, MOVE, v:1, k:sandbox@user_003, mode:EDIT
2026-05-31 20:33:43, MOVE, v:1, k:sandbox@user_003, mode:BACK
2026-05-31 21:00:13, MOVE, v:1, k:sandbox@user_003, mode:EDIT
2026-05-31 21:08:12, MOVE, v:1, k:sandbox@user_003, mode:PICK
2026-05-31 21:08:16, EXEC, v:1, k:sandbox@user_003, mode:LOCK, rate:0, size:46
2026-05-31 21:08:19, EXEC, v:1, k:sandbox@user_003, mode:LOCK, rate:0, size:57
2026-05-31 21:08:20, EXEC, v:1, k:sandbox@user_003, mode:LOCK, rate:0
2026-05-31 21:08:21, EXEC, v:1, k:sandbox@user_003, mode:LOCK, rate:0
2026-05-31 21:08:21, EXEC, v:1, k:sandbox@user_003, mode:LOCK, rate:0
2026-05-31 21:08:21, EXEC, v:1, k:sandbox@user_003, mode:LOCK, rate:0
2026-05-31 21:08:21, EXEC, v:1, k:sandbox@user_003, mode:LOCK, rate:0
2026-05-31 21:08:22, EXEC, v:1, k:sandbox@user_003, mode:LOCK, rate:0
2026-05-31 21:08:22, EXEC, v:1, k:sandbox@user_003, mode:LOCK, rate:0
2026-05-31 21:08:22, MOVE, v:1, k:sandbox@user_003, mode:EDIT
2026-05-31 21:08:18, MOVE, v:1, k:sandbox@user_003, mode:EDIT
2026-05-31 21:08:37, EXEC, v:1, k:sandbox@user_003, mode:LOCK, rate:0
2026-05-31 21:08:38, EXEC, v:1, k:sandbox@user_003, mode:LOCK, rate:0
2026-05-31 21:08:41, EXEC, v:1, k:sandbox@user_003, mode:LOCK, rate:0, size:57
2026-05-31 21:08:41, EXEC, v:1, k:sandbox@user_003, mode:LOCK, rate:0, size:57
2026-05-31 21:08:42, EXEC, v:1, k:sandbox@user_003, mode:LOCK, rate:0, size:57
2026-05-31 21:08:42, EXEC, v:1, k:sandbox@user_003, mode:LOCK, rate:0, size:57
2026-05-31 21:08:42, EXEC, v:1, k:sandbox@user_003, mode:LOCK, rate:0, size:57
2026-05-31 21:08:42, EXEC, v:1, k:sandbox@user_003, mode:LOCK, rate:0, size:57
2026-05-31 21:08:44, EXEC, v:1, k:sandbox@user_003, mode:LOCK, rate:0, size:57
2026-05-31 21:08:44, EXEC, v:1, k:sandbox@user_003, mode:LOCK, rate:0
2026-05-31 21:08:44, EXEC, v:1, k:sandbox@user_003, mode:LOCK, rate:0
2026-05-31 21:08:44, EXEC, v:1, k:sandbox@user_003, mode:LOCK, rate:0
2026-05-31 21:08:45, EXEC, v:1, k:sandbox@user_003, mode:LOCK, rate:0
2026-05-31 21:08:57, EXEC, v:1, k:sandbox@user_003, mode:LOCK, rate:0, size:57
2026-05-31 21:08:58, EXEC, v:1, k:sandbox@user_003, mode:LOCK, rate:0
2026-05-31 21:09:09, EXEC, v:1, k:sandbox@user_003, mode:LOCK, rate:0, size:57
2026-05-31 21:09:10, EXEC, v:1, k:sandbox@user_003, mode:LOCK, rate:0
2026-05-31 21:09:10, EXEC, v:1, k:sandbox@user_003, mode:LOCK, rate:0
2026-05-31 21:09:10, EXEC, v:1, k:sandbox@user_003, mode:LOCK, rate:0
2026-05-31 21:09:18, EXEC, v:1, k:sandbox@user_003, mode:LOCK, rate:0, size:57
2026-05-31 21:09:18, EXEC, v:1, k:sandbox@user_003, mode:LOCK, rate:0, size:57
2026-05-31 21:09:19, EXEC, v:1, k:sandbox@user_003, mode:LOCK, rate:0, size:57
2026-05-31 21:09:19, EXEC, v:1, k:sandbox@user_003, mode:LOCK, rate:0, size:57
2026-05-31 21:09:19, EXEC, v:1, k:sandbox@user_003, mode:LOCK, rate:0, size:57
2026-05-31 21:09:19, EXEC, v:1, k:sandbox@user_003, mode:LOCK, rate:0, size:57
2026-05-31 21:09:28, EXEC, v:1, k:sandbox@user_003, mode:LOCK, rate:0, size:57
2026-05-31 21:09:29, EXEC, v:1, k:sandbox@user_003, mode:LOCK, rate:0
2026-05-31 21:09:35, EXEC, v:1, k:sandbox@user_003, mode:LOCK, rate:0
2026-05-31 21:09:36, EXEC, v:1, k:sandbox@user_003, mode:LOCK, rate:0
2026-05-31 21:09:36, EXEC, v:1, k:sandbox@user_003, mode:LOCK, rate:0
2026-05-31 21:09:36, EXEC, v:1, k:sandbox@user_003, mode:LOCK, rate:0
2026-05-31 21:09:37, EXEC, v:1, k:sandbox@user_003, mode:LOCK, rate:0
2026-05-31 21:09:37, EXEC, v:1, k:sandbox@user_003, mode:LOCK, rate:0
2026-05-31 21:09:40, EXEC, v:1, k:sandbox@user_003, mode:LOCK, rate:0, size:57
2026-05-31 21:09:41, EXEC, v:1, k:sandbox@user_003, mode:LOCK, rate:0
2026-05-31 21:09:41, EXEC, v:1, k:sandbox@user_003, mode:LOCK, rate:0
2026-05-31 21:09:41, MOVE, v:1, k:sandbox@user_003, mode:EDIT
2026-05-31 21:09:39, MOVE, v:1, k:sandbox@user_003, mode:EDIT
2026-05-31 21:13:37, EXEC, v:1, k:sandbox@user_003, mode:LOCK, rate:0, size:60
2026-05-31 21:13:38, EXEC, v:1, k:sandbox@user_003, mode:LOCK, rate:0
2026-05-31 21:13:38, EXEC, v:1, k:sandbox@user_003, mode:LOCK, rate:0
2026-05-31 21:16:05, EXEC, v:1, k:sandbox@user_003, mode:LOCK, rate:0, size:60
2026-05-31 21:16:06, EXEC, v:1, k:sandbox@user_003, mode:LOCK, rate:0
2026-05-31 21:16:21, EXEC, v:1, k:sandbox@user_003, mode:LOCK, rate:0, size:60
2026-05-31 21:16:22, EXEC, v:1, k:sandbox@user_003, mode:LOCK, rate:0
2026-05-31 21:16:22, EXEC, v:1, k:sandbox@user_003, mode:LOCK, rate:0
2026-05-31 21:17:43, EXEC, v:1, k:sandbox@user_003, mode:LOCK, rate:0, size:65
2026-05-31 21:17:44, EXEC, v:1, k:sandbox@user_003, mode:LOCK, rate:0
2026-05-31 21:17:45, EXEC, v:1, k:sandbox@user_003, mode:LOCK, rate:0
2026-05-31 21:17:45, EXEC, v:1, k:sandbox@user_003, mode:LOCK, rate:0
2026-05-31 21:17:45, EXEC, v:1, k:sandbox@user_003, mode:LOCK, rate:0
2026-05-31 21:17:46, EXEC, v:1, k:sandbox@user_003, mode:LOCK, rate:0
2026-05-31 21:17:56, EXEC, v:1, k:sandbox@user_003, mode:LOCK, rate:0, size:65
2026-05-31 21:17:57, EXEC, v:1, k:sandbox@user_003, mode:LOCK, rate:0
2026-05-31 21:17:57, EXEC, v:1, k:sandbox@user_003, mode:LOCK, rate:0
2026-05-31 21:17:57, EXEC, v:1, k:sandbox@user_003, mode:LOCK, rate:0
2026-05-31 21:17:58, EXEC, v:1, k:sandbox@user_003, mode:LOCK, rate:0
2026-05-31 21:17:58, EXEC, v:1, k:sandbox@user_003, mode:LOCK, rate:0
2026-05-31 21:17:58, EXEC, v:1, k:sandbox@user_003, mode:LOCK, rate:0
2026-05-31 21:17:58, EXEC, v:1, k:sandbox@user_003, mode:LOCK, rate:0
2026-05-31 21:17:55, MOVE, v:1, k:sandbox@user_003, mode:EDIT
2026-05-31 21:17:58, MOVE, v:1, k:sandbox@user_003, mode:EDIT
2026-05-31 21:19:38, EXEC, v:1, k:sandbox@user_003, mode:LOCK, rate:0
2026-05-31 21:19:46, EXEC, v:1, k:sandbox@user_003, mode:LOCK, rate:0, size:60
2026-05-31 21:19:46, EXEC, v:1, k:sandbox@user_003, mode:LOCK, rate:0, size:60
2026-05-31 21:19:47, EXEC, v:1, k:sandbox@user_003, mode:LOCK, rate:0, size:60
2026-05-31 21:19:47, EXEC, v:1, k:sandbox@user_003, mode:LOCK, rate:0, size:60
2026-05-31 21:19:53, EXEC, v:1, k:sandbox@user_003, mode:LOCK, rate:0, size:60
2026-05-31 21:19:54, EXEC, v:1, k:sandbox@user_003, mode:LOCK, rate:0
2026-05-31 21:19:54, EXEC, v:1, k:sandbox@user_003, mode:LOCK, rate:0
2026-05-31 21:19:54, EXEC, v:1, k:sandbox@user_003, mode:LOCK, rate:0
2026-05-31 21:19:55, EXEC, v:1, k:sandbox@user_003, mode:LOCK, rate:0
2026-05-31 21:19:55, EXEC, v:1, k:sandbox@user_003, mode:LOCK, rate:0
2026-05-31 21:19:55, EXEC, v:1, k:sandbox@user_003, mode:LOCK, rate:0
2026-05-31 21:20:02, EXEC, v:1, k:sandbox@user_003, mode:LOCK, rate:0
2026-05-31 21:20:02, EXEC, v:1, k:sandbox@user_003, mode:LOCK, rate:0
2026-05-31 21:20:04, EXEC, v:1, k:sandbox@user_003, mode:LOCK, rate:0
2026-05-31 21:20:06, EXEC, v:1, k:sandbox@user_003, mode:LOCK, rate:0, size:60
2026-05-31 21:20:06, EXEC, v:1, k:sandbox@user_003, mode:LOCK, rate:0, size:60
2026-05-31 21:20:07, EXEC, v:1, k:sandbox@user_003, mode:LOCK, rate:0, size:60
2026-05-31 21:20:41, EXEC, v:1, k:sandbox@user_003, mode:LOCK, rate:0, size:57
2026-05-31 21:20:42, EXEC, v:1, k:sandbox@user_003, mode:LOCK, rate:0
2026-05-31 21:20:43, EXEC, v:1, k:sandbox@user_003, mode:LOCK, rate:0
2026-05-31 21:20:49, EXEC, v:1, k:sandbox@user_003, mode:LOCK, rate:0, size:57
2026-05-31 21:20:50, EXEC, v:1, k:sandbox@user_003, mode:LOCK, rate:0
2026-05-31 21:20:50, EXEC, v:1, k:sandbox@user_003, mode:LOCK, rate:0
2026-05-31 21:20:50, EXEC, v:1, k:sandbox@user_003, mode:LOCK, rate:0
2026-05-31 21:20:50, EXEC, v:1, k:sandbox@user_003, mode:LOCK, rate:0
2026-05-31 21:20:50, EXEC, v:1, k:sandbox@user_003, mode:LOCK, rate:0
2026-05-31 21:20:51, EXEC, v:1, k:sandbox@user_003, mode:LOCK, rate:0
2026-05-31 21:20:51, EXEC, v:1, k:sandbox@user_003, mode:LOCK, rate:0
2026-05-31 21:21:19, EXEC, v:1, k:sandbox@user_003, mode:LOCK, rate:0, size:57
2026-05-31 21:21:19, EXEC, v:1, k:sandbox@user_003, mode:LOCK, rate:0, size:57
2026-05-31 21:21:20, EXEC, v:1, k:sandbox@user_003, mode:LOCK, rate:0, size:57
2026-05-31 21:21:20, EXEC, v:1, k:sandbox@user_003, mode:LOCK, rate:0, size:57
2026-05-31 21:21:22, EXEC, v:1, k:sandbox@user_003, mode:LOCK, rate:0, size:57
2026-05-31 21:22:25, EXEC, v:1, k:sandbox@user_003, mode:LOCK, rate:0, size:57
2026-05-31 21:22:26, EXEC, v:1, k:sandbox@user_003, mode:LOCK, rate:0
2026-05-31 21:22:26, EXEC, v:1, k:sandbox@user_003, mode:LOCK, rate:0
2026-05-31 21:22:26, EXEC, v:1, k:sandbox@user_003, mode:LOCK, rate:0
2026-05-31 21:22:26, EXEC, v:1, k:sandbox@user_003, mode:LOCK, rate:0
2026-05-31 21:22:26, EXEC, v:1, k:sandbox@user_003, mode:LOCK, rate:0
2026-05-31 21:22:27, EXEC, v:1, k:sandbox@user_003, mode:LOCK, rate:0
2026-05-31 21:22:32, EXEC, v:1, k:sandbox@user_003, mode:LOCK, rate:0, size:57
2026-05-31 21:22:32, EXEC, v:1, k:sandbox@user_003, mode:LOCK, rate:0, size:57
2026-05-31 21:22:33, EXEC, v:1, k:sandbox@user_003, mode:LOCK, rate:0, size:57
2026-05-31 21:22:33, EXEC, v:1, k:sandbox@user_003, mode:LOCK, rate:0
2026-05-31 21:22:33, EXEC, v:1, k:sandbox@user_003, mode:LOCK, rate:0
2026-05-31 21:22:33, EXEC, v:1, k:sandbox@user_003, mode:LOCK, rate:0
2026-05-31 21:22:33, EXEC, v:1, k:sandbox@user_003, mode:LOCK, rate:0
2026-05-31 21:22:43, EXEC, v:1, k:sandbox@user_003, mode:LOCK, rate:0, size:57
2026-05-31 21:22:44, EXEC, v:1, k:sandbox@user_003, mode:LOCK, rate:0
2026-05-31 21:22:44, EXEC, v:1, k:sandbox@user_003, mode:LOCK, rate:0
2026-05-31 21:22:44, EXEC, v:1, k:sandbox@user_003, mode:LOCK, rate:0
2026-05-31 21:22:44, EXEC, v:1, k:sandbox@user_003, mode:LOCK, rate:0
2026-05-31 21:22:45, EXEC, v:1, k:sandbox@user_003, mode:LOCK, rate:0
2026-05-31 21:22:45, EXEC, v:1, k:sandbox@user_003, mode:LOCK, rate:0
2026-05-31 21:22:45, EXEC, v:1, k:sandbox@user_003, mode:LOCK, rate:0
2026-05-31 21:22:45, MOVE, v:1, k:sandbox@user_003, mode:EDIT
2026-05-31 21:22:42, MOVE, v:1, k:sandbox@user_003, mode:EDIT
2026-05-31 21:23:42, EXEC, v:1, k:sandbox@user_003, mode:LOCK, rate:0, size:57
2026-05-31 21:23:42, EXEC, v:1, k:sandbox@user_003, mode:LOCK, rate:0, size:57
2026-05-31 21:23:43, EXEC, v:1, k:sandbox@user_003, mode:LOCK, rate:0, size:57
2026-05-31 21:23:43, EXEC, v:1, k:sandbox@user_003, mode:LOCK, rate:0
2026-05-31 21:23:43, EXEC, v:1, k:sandbox@user_003, mode:LOCK, rate:0
2026-05-31 21:23:43, EXEC, v:1, k:sandbox@user_003, mode:LOCK, rate:0
2026-05-31 21:28:30, EXEC, v:1, k:sandbox@user_003, mode:LOCK, rate:0, size:70
2026-05-31 21:28:31, EXEC, v:1, k:sandbox@user_003, mode:LOCK, rate:0
2026-05-31 21:28:31, EXEC, v:1, k:sandbox@user_003, mode:LOCK, rate:0
2026-05-31 21:28:31, EXEC, v:1, k:sandbox@user_003, mode:LOCK, rate:0
2026-05-31 21:28:31, EXEC, v:1, k:sandbox@user_003, mode:LOCK, rate:0
2026-05-31 21:28:27, MOVE, v:1, k:sandbox@user_003, mode:EDIT
2026-05-31 21:28:31, MOVE, v:1, k:sandbox@user_003, mode:EDIT
2026-05-31 21:28:58, EXEC, v:1, k:sandbox@user_003, mode:FULL, size:70, fail:COMP
2026-05-31 21:28:59, EXEC, v:1, k:sandbox@user_003, mode:FULL, fail:COMP
2026-05-31 21:28:59, EXEC, v:1, k:sandbox@user_003, mode:FULL, fail:COMP
2026-05-31 21:28:59, EXEC, v:1, k:sandbox@user_003, mode:FULL, fail:COMP
2026-05-31 21:28:59, EXEC, v:1, k:sandbox@user_003, mode:FULL, fail:COMP
2026-05-31 21:29:38, EXEC, v:1, k:sandbox@user_003, mode:FULL, size:70, fail:COMP
2026-05-31 21:29:38, EXEC, v:1, k:sandbox@user_003, mode:FULL, size:70, fail:COMP
2026-05-31 21:29:39, EXEC, v:1, k:sandbox@user_003, mode:FULL, size:70, fail:COMP
2026-05-31 21:29:39, EXEC, v:1, k:sandbox@user_003, mode:FULL, size:70, fail:COMP
2026-05-31 21:29:39, EXEC, v:1, k:sandbox@user_003, mode:FULL, size:70, fail:COMP
2026-05-31 21:29:39, EXEC, v:1, k:sandbox@user_003, mode:FULL, size:70, fail:COMP
2026-05-31 21:29:40, EXEC, v:1, k:sandbox@user_003, mode:FULL, size:70, fail:COMP
2026-05-31 21:29:40, EXEC, v:1, k:sandbox@user_003, mode:FULL, fail:COMP
2026-05-31 21:29:40, EXEC, v:1, k:sandbox@user_003, mode:FULL, fail:COMP
2026-05-31 21:30:17, EXEC, v:1, k:sandbox@user_003, mode:FULL, size:70, fail:COMP
2026-05-31 21:30:18, EXEC, v:1, k:sandbox@user_003, mode:FULL, fail:COMP
2026-05-31 21:30:28, EXEC, v:1, k:sandbox@user_003, mode:FULL, size:70, fail:COMP
2026-05-31 21:30:29, EXEC, v:1, k:sandbox@user_003, mode:FULL, fail:COMP
2026-05-31 21:30:29, EXEC, v:1, k:sandbox@user_003, mode:FULL, fail:COMP
2026-05-31 21:30:29, EXEC, v:1, k:sandbox@user_003, mode:FULL, fail:COMP
2026-05-31 21:30:29, EXEC, v:1, k:sandbox@user_003, mode:FULL, fail:COMP
2026-05-31 21:30:29, EXEC, v:1, k:sandbox@user_003, mode:FULL, fail:COMP
2026-05-31 21:30:30, EXEC, v:1, k:sandbox@user_003, mode:FULL, fail:COMP
2026-05-31 21:30:34, EXEC, v:1, k:sandbox@user_003, mode:FULL, fail:COMP
2026-05-31 21:30:34, EXEC, v:1, k:sandbox@user_003, mode:FULL, fail:COMP
2026-05-31 21:30:34, EXEC, v:1, k:sandbox@user_003, mode:FULL, fail:COMP
2026-05-31 21:30:44, EXEC, v:1, k:sandbox@user_003, mode:FULL, fail:COMP
2026-05-31 21:30:44, EXEC, v:1, k:sandbox@user_003, mode:FULL, fail:COMP
2026-05-31 21:30:45, EXEC, v:1, k:sandbox@user_003, mode:FULL, fail:COMP
2026-05-31 21:30:46, EXEC, v:1, k:sandbox@user_003, mode:FULL, fail:COMP
2026-05-31 21:30:47, EXEC, v:1, k:sandbox@user_003, mode:FULL, fail:COMP
2026-05-31 21:30:47, EXEC, v:1, k:sandbox@user_003, mode:FULL, fail:COMP
2026-05-31 21:33:00, EXEC, v:1, k:sandbox@user_003, mode:FULL, size:70, fail:COMP
2026-05-31 21:33:00, EXEC, v:1, k:sandbox@user_003, mode:FULL, size:70, fail:COMP
2026-05-31 21:33:00, EXEC, v:1, k:sandbox@user_003, mode:FULL, size:70, fail:COMP
2026-05-31 21:33:00, EXEC, v:1, k:sandbox@user_003, mode:FULL, size:70, fail:COMP
2026-05-31 21:33:02, EXEC, v:1, k:sandbox@user_003, mode:FULL, size:70, fail:COMP
2026-05-31 21:33:12, EXEC, v:1, k:sandbox@user_003, mode:LOCK, rate:0, size:70
2026-05-31 21:33:13, EXEC, v:1, k:sandbox@user_003, mode:LOCK, rate:0
2026-05-31 21:33:17, EXEC, v:1, k:sandbox@user_003, mode:LOCK, rate:0, size:70
2026-05-31 21:33:18, EXEC, v:1, k:sandbox@user_003, mode:LOCK, rate:0
2026-05-31 21:33:18, EXEC, v:1, k:sandbox@user_003, mode:LOCK, rate:0
2026-05-31 21:33:19, EXEC, v:1, k:sandbox@user_003, mode:LOCK, rate:0
2026-05-31 21:33:19, EXEC, v:1, k:sandbox@user_003, mode:LOCK, rate:0
2026-05-31 21:33:16, MOVE, v:1, k:sandbox@user_003, mode:EDIT
2026-05-31 21:33:19, MOVE, v:1, k:sandbox@user_003, mode:EDIT
2026-05-31 21:40:11, EXEC, v:1, k:sandbox@user_003, mode:LOCK, rate:0, size:73
2026-05-31 21:40:11, EXEC, v:1, k:sandbox@user_003, mode:LOCK, rate:0, size:73
2026-05-31 21:40:12, EXEC, v:1, k:sandbox@user_003, mode:LOCK, rate:0, size:73
2026-05-31 21:40:12, EXEC, v:1, k:sandbox@user_003, mode:LOCK, rate:0, size:73
2026-05-31 21:40:12, EXEC, v:1, k:sandbox@user_003, mode:LOCK, rate:0, size:73
2026-05-31 21:40:12, EXEC, v:1, k:sandbox@user_003, mode:LOCK, rate:0, size:73
2026-05-31 21:40:13, EXEC, v:1, k:sandbox@user_003, mode:LOCK, rate:0, size:73
2026-05-31 21:40:13, EXEC, v:1, k:sandbox@user_003, mode:LOCK, rate:0
2026-05-31 21:40:14, EXEC, v:1, k:sandbox@user_003, mode:LOCK, rate:0
2026-05-31 21:40:10, MOVE, v:1, k:sandbox@user_003, mode:EDIT
2026-05-31 21:40:14, MOVE, v:1, k:sandbox@user_003, mode:EDIT
2026-05-31 21:46:45, EXEC, v:1, k:sandbox@user_003, mode:LOCK, rate:0, size:79
2026-05-31 21:46:46, EXEC, v:1, k:sandbox@user_003, mode:LOCK, rate:0
2026-05-31 21:46:46, EXEC, v:1, k:sandbox@user_003, mode:LOCK, rate:0
2026-05-31 21:46:46, EXEC, v:1, k:sandbox@user_003, mode:LOCK, rate:0
2026-05-31 21:46:44, MOVE, v:1, k:sandbox@user_003, mode:EDIT
2026-05-31 21:46:46, MOVE, v:1, k:sandbox@user_003, mode:EDIT
2026-05-31 22:07:31, MOVE, v:1, k:sandbox@user_003, mode:BACK
2026-05-31 22:07:39, MOVE, v:1, k:ed@prin_list1, mode:PICK
2026-05-31 22:07:59, EXEC, v:1, k:ed@prin_list1, mode:FULL, size:172, fail:COMP
2026-05-31 22:08:00, MOVE, v:1, k:ed@prin_list1, mode:BACK
2026-05-31 22:08:07, MOVE, v:1, k:ed@prin_list1, mode:PICK
2026-05-31 22:11:58, MOVE, v:1, k:sandbox@user_003, mode:EDIT
2026-05-31 22:27:48, MOVE, v:1, k:sandbox@user_003, mode:EDIT
2026-05-31 22:28:57, MOVE, v:1, k:sandbox@user_003, mode:EDIT
