2026-03-16 18:31:39, MOVE, v:1, k:ed@baruel, mode:PICK
2026-03-16 18:56:14, EXEC, v:1, k:ed@baruel, mode:FULL, size:83, fail:COMP
2026-03-16 18:56:34, EXEC, v:1, k:ed@baruel, mode:FULL, rate:0, size:83
2026-03-16 19:00:47, EXEC, v:1, k:ed@baruel, mode:FULL, rate:0, size:84
2026-03-16 19:01:29, EXEC, v:1, k:ed@baruel, mode:FULL, rate:0, size:84
2026-03-16 19:01:39, EXEC, v:1, k:ed@baruel, mode:FULL, rate:0, size:84
2026-03-16 19:02:01, EXEC, v:1, k:ed@baruel, mode:FULL, rate:0, size:84
2026-03-16 19:04:13, EXEC, v:1, k:ed@baruel, mode:FULL, rate:50, size:92
2026-03-16 19:05:38, EXEC, v:1, k:ed@baruel, mode:FULL, rate:25, size:92
2026-03-16 19:05:44, EXEC, v:1, k:ed@baruel, mode:FULL, rate:25
2026-03-16 19:05:45, EXEC, v:1, k:ed@baruel, mode:FULL, rate:25
2026-03-16 19:05:46, EXEC, v:1, k:ed@baruel, mode:FULL, rate:25
2026-03-16 19:06:37, EXEC, v:1, k:ed@baruel, mode:FULL, rate:25, size:92
2026-03-16 19:06:38, EXEC, v:1, k:ed@baruel, mode:FULL, rate:50
2026-03-16 19:08:24, EXEC, v:1, k:ed@baruel, mode:FULL, rate:0, size:93
2026-03-16 19:09:06, EXEC, v:1, k:ed@baruel, mode:FULL, rate:0
2026-03-16 19:09:30, EXEC, v:1, k:ed@baruel, mode:FULL, rate:75, size:93
2026-03-16 19:10:48, EXEC, v:1, k:ed@baruel, mode:FULL, rate:75, size:93
2026-03-16 19:13:46, EXEC, v:1, k:ed@baruel, mode:FULL, rate:0, size:93
2026-03-16 19:13:46, EXEC, v:1, k:ed@baruel, mode:FULL, rate:0, size:93
2026-03-16 19:14:11, EXEC, v:1, k:ed@baruel, mode:FULL, rate:50, size:93
2026-03-16 19:14:17, EXEC, v:1, k:ed@baruel, mode:FULL, rate:100, size:93
2026-03-16 19:14:31, MOVE, v:1, k:ed@baruel, mode:BACK
2026-03-16 19:15:09, SELF, v:1, k:ed@baruel, self:1, rate:100, study:85, friend:Jose Luis
2026-03-16 19:15:15, MOVE, v:1, k:ed@gomos, mode:DOWN
