2026-03-30 15:48:20, MOVE, v:1, k:ed@manipulacao, mode:PICK
2026-03-30 15:49:26, EXEC, v:1, k:ed@manipulacao, mode:FULL, rate:57, size:168
2026-03-30 16:07:48, EXEC, v:1, k:ed@manipulacao, mode:FULL, rate:57
2026-03-30 16:07:56, EXEC, v:1, k:ed@manipulacao, mode:FULL, rate:57
2026-03-30 16:08:00, EXEC, v:1, k:ed@manipulacao, mode:FULL, rate:57, size:181
2026-03-30 16:14:35, EXEC, v:1, k:ed@manipulacao, mode:FULL, rate:57, size:187
2026-03-30 16:14:38, EXEC, v:1, k:ed@manipulacao, mode:FULL, rate:57
2026-03-30 16:14:44, EXEC, v:1, k:ed@manipulacao, mode:FULL, rate:57
2026-03-30 16:14:53, EXEC, v:1, k:ed@manipulacao, mode:FULL, rate:57
2026-03-30 18:28:32, MOVE, v:1, k:ed@manipulacao, mode:PICK
2026-03-30 18:34:05, EXEC, v:1, k:ed@manipulacao, mode:FULL, rate:57, size:179
2026-03-30 18:42:45, EXEC, v:1, k:ed@manipulacao, mode:FULL, rate:57, size:192
2026-03-30 18:43:45, EXEC, v:1, k:ed@manipulacao, mode:FULL, rate:71, size:193
2026-03-30 18:44:26, EXEC, v:1, k:ed@manipulacao, mode:FULL, rate:85, size:193
2026-03-30 18:44:57, EXEC, v:1, k:ed@manipulacao, mode:FULL, rate:71, size:193
2026-03-30 18:45:17, EXEC, v:1, k:ed@manipulacao, mode:FULL, rate:71, size:193
2026-03-30 18:45:31, EXEC, v:1, k:ed@manipulacao, mode:FULL, rate:71
2026-03-30 18:46:38, EXEC, v:1, k:ed@manipulacao, mode:FULL, rate:85, size:194
2026-03-30 18:46:59, EXEC, v:1, k:ed@manipulacao, mode:FULL, rate:85
2026-03-30 18:48:12, EXEC, v:1, k:ed@manipulacao, mode:FULL, rate:71, size:197
2026-03-30 18:49:13, EXEC, v:1, k:ed@manipulacao, mode:FULL, rate:71, size:197
2026-03-30 18:49:55, EXEC, v:1, k:ed@manipulacao, mode:FULL, rate:71, size:197
2026-03-30 18:50:36, EXEC, v:1, k:ed@manipulacao, mode:FULL, rate:71, size:194
2026-03-30 18:51:01, EXEC, v:1, k:ed@manipulacao, mode:FULL, rate:71, size:194
2026-03-30 18:52:54, EXEC, v:1, k:ed@manipulacao, mode:FULL, rate:71, size:193
2026-03-30 18:52:59, EXEC, v:1, k:ed@manipulacao, mode:FULL, rate:71
2026-03-30 18:53:07, EXEC, v:1, k:ed@manipulacao, mode:FULL, rate:85, size:193
2026-03-30 18:53:53, EXEC, v:1, k:ed@manipulacao, mode:FULL, rate:85, size:194
2026-03-30 18:54:10, EXEC, v:1, k:ed@manipulacao, mode:FULL, rate:85, size:194
2026-03-30 18:54:38, EXEC, v:1, k:ed@manipulacao, mode:FULL, rate:85, size:194
2026-03-30 18:57:43, EXEC, v:1, k:ed@manipulacao, mode:FULL, rate:85, size:196
2026-03-30 18:58:06, EXEC, v:1, k:ed@manipulacao, mode:FULL, rate:85, size:196
2026-03-30 18:58:31, EXEC, v:1, k:ed@manipulacao, mode:FULL, rate:85, size:197
2026-03-30 18:58:42, EXEC, v:1, k:ed@manipulacao, mode:FULL, rate:85
2026-03-30 18:58:45, EXEC, v:1, k:ed@manipulacao, mode:FULL, rate:85
2026-03-30 18:59:13, EXEC, v:1, k:ed@manipulacao, mode:FULL, rate:85
2026-03-30 19:00:29, EXEC, v:1, k:ed@manipulacao, mode:FULL, rate:85, size:198
2026-03-30 19:00:36, EXEC, v:1, k:ed@manipulacao, mode:FULL, rate:85, size:198
2026-03-30 19:00:47, EXEC, v:1, k:ed@manipulacao, mode:FULL, rate:85, size:198
2026-03-30 19:00:53, EXEC, v:1, k:ed@manipulacao, mode:FULL, rate:85, size:198
2026-03-30 19:00:58, EXEC, v:1, k:ed@manipulacao, mode:FULL, rate:85, size:198
2026-03-30 19:01:04, EXEC, v:1, k:ed@manipulacao, mode:FULL, rate:85, size:198
2026-03-30 19:01:17, EXEC, v:1, k:ed@manipulacao, mode:FULL, rate:85, size:198
2026-03-30 19:01:30, EXEC, v:1, k:ed@manipulacao, mode:FULL, rate:85, size:197
2026-03-30 19:02:00, EXEC, v:1, k:ed@manipulacao, mode:FULL, rate:85, size:197
2026-03-30 19:02:09, EXEC, v:1, k:ed@manipulacao, mode:FULL, rate:85, size:197
2026-03-30 19:03:35, EXEC, v:1, k:ed@manipulacao, mode:FULL, size:190, fail:COMP
2026-03-30 19:03:41, EXEC, v:1, k:ed@manipulacao, mode:FULL, fail:COMP
2026-03-30 19:03:46, EXEC, v:1, k:ed@manipulacao, mode:FULL, rate:85, size:190
2026-03-30 19:07:57, EXEC, v:1, k:ed@manipulacao, mode:FULL, rate:85, size:201
2026-03-30 19:08:21, EXEC, v:1, k:ed@manipulacao, mode:FULL, rate:85, size:201
2026-03-30 19:08:40, EXEC, v:1, k:ed@manipulacao, mode:FULL, rate:85, size:201
2026-03-30 19:10:04, EXEC, v:1, k:ed@manipulacao, mode:FULL, rate:85, size:202
2026-03-30 19:10:42, EXEC, v:1, k:ed@manipulacao, mode:FULL, rate:85, size:202
2026-03-30 19:11:10, EXEC, v:1, k:ed@manipulacao, mode:FULL, rate:85, size:203
2026-03-30 19:11:14, EXEC, v:1, k:ed@manipulacao, mode:FULL, rate:85, size:202
2026-03-30 19:11:46, EXEC, v:1, k:ed@manipulacao, mode:FULL, rate:85, size:202
2026-03-30 19:12:12, EXEC, v:1, k:ed@manipulacao, mode:FULL, rate:85, size:202
2026-03-30 19:12:16, EXEC, v:1, k:ed@manipulacao, mode:FULL, rate:85
2026-03-30 19:12:45, EXEC, v:1, k:ed@manipulacao, mode:FULL, rate:85, size:198
2026-03-30 19:12:57, EXEC, v:1, k:ed@manipulacao, mode:FULL, rate:85, size:197
2026-03-30 19:13:00, EXEC, v:1, k:ed@manipulacao, mode:FULL, rate:85, size:196
2026-03-30 19:13:28, EXEC, v:1, k:ed@manipulacao, mode:FULL, rate:85, size:197
2026-03-30 19:13:41, EXEC, v:1, k:ed@manipulacao, mode:FULL, rate:85, size:199
2026-03-30 19:13:54, EXEC, v:1, k:ed@manipulacao, mode:FULL, rate:85, size:199
2026-03-30 19:13:59, EXEC, v:1, k:ed@manipulacao, mode:FULL, rate:85, size:199
2026-03-30 19:14:13, EXEC, v:1, k:ed@manipulacao, mode:FULL, rate:85, size:199
2026-03-30 19:18:26, EXEC, v:1, k:ed@manipulacao, mode:FULL, rate:85, size:197
2026-03-30 19:24:36, EXEC, v:1, k:ed@manipulacao, mode:FULL, rate:85, size:197
2026-03-30 19:24:45, EXEC, v:1, k:ed@manipulacao, mode:FULL, rate:85, size:197
2026-03-30 19:24:47, EXEC, v:1, k:ed@manipulacao, mode:FULL, rate:85
2026-03-30 19:25:17, EXEC, v:1, k:ed@manipulacao, mode:FULL, rate:85, size:197
2026-03-30 19:25:29, EXEC, v:1, k:ed@manipulacao, mode:FULL, rate:100, size:197
2026-03-30 19:25:37, MOVE, v:1, k:ed@manipulacao, mode:BACK
2026-03-30 19:26:12, SELF, v:1, k:ed@manipulacao, self:1, rate:100, study:210
2026-03-30 19:27:08, MOVE, v:1, k:ed@princesa, mode:PICK
2026-03-30 19:33:42, EXEC, v:1, k:ed@princesa, mode:FULL, rate:0, size:115
2026-03-30 19:34:04, EXEC, v:1, k:ed@princesa, mode:FULL, rate:0, size:115
2026-03-30 19:34:29, EXEC, v:1, k:ed@princesa, mode:FULL, rate:0
2026-03-30 19:34:37, EXEC, v:1, k:ed@princesa, mode:FULL, rate:0, size:115
2026-03-30 19:34:50, EXEC, v:1, k:ed@princesa, mode:FULL, rate:0, size:114
2026-03-30 19:35:00, EXEC, v:1, k:ed@princesa, mode:FULL, rate:0, size:113
2026-03-30 19:35:03, EXEC, v:1, k:ed@princesa, mode:FULL, rate:0
2026-03-30 19:35:06, EXEC, v:1, k:ed@princesa, mode:FULL, rate:0
2026-03-30 19:35:34, EXEC, v:1, k:ed@princesa, mode:FULL, rate:0, size:114
2026-03-30 19:35:39, EXEC, v:1, k:ed@princesa, mode:FULL, rate:0, size:114
2026-03-30 19:35:56, EXEC, v:1, k:ed@princesa, mode:FULL, rate:0, size:114
2026-03-30 19:48:43, EXEC, v:1, k:ed@princesa, mode:FULL, size:112, fail:COMP
2026-03-30 19:48:57, EXEC, v:1, k:ed@princesa, mode:FULL, rate:0, size:112
2026-03-30 19:49:12, EXEC, v:1, k:ed@princesa, mode:FULL, rate:0, size:112
2026-03-30 19:49:31, EXEC, v:1, k:ed@princesa, mode:FULL, rate:0, size:113
2026-03-30 19:51:17, EXEC, v:1, k:ed@princesa, mode:FULL, rate:0, size:113
2026-03-30 19:51:38, EXEC, v:1, k:ed@princesa, mode:FULL, rate:0, size:113
2026-03-30 19:53:02, EXEC, v:1, k:ed@princesa, mode:FULL, rate:0, size:113
2026-03-30 19:53:10, EXEC, v:1, k:ed@princesa, mode:FULL, rate:0, size:113
2026-03-30 19:53:24, EXEC, v:1, k:ed@princesa, mode:FULL, rate:0, size:113
2026-03-30 19:53:43, EXEC, v:1, k:ed@princesa, mode:FULL, rate:0, size:113
2026-03-30 19:53:50, EXEC, v:1, k:ed@princesa, mode:FULL, rate:0, size:113
2026-03-30 19:54:24, EXEC, v:1, k:ed@princesa, mode:FULL, rate:0, size:113
