2026-03-12 18:45:01, MOVE, v:1, k:ed@pedra, mode:PICK
2026-03-12 19:34:00, EXEC, v:1, k:ed@pedra, mode:FULL, rate:0, size:79
2026-03-12 19:35:50, EXEC, v:1, k:ed@pedra, mode:FULL, rate:0
2026-03-12 19:35:55, EXEC, v:1, k:ed@pedra, mode:FULL, rate:25, size:83
2026-03-12 19:37:36, EXEC, v:1, k:ed@pedra, mode:FULL, rate:25
2026-03-12 19:37:37, EXEC, v:1, k:ed@pedra, mode:FULL, rate:25
2026-03-12 19:37:41, EXEC, v:1, k:ed@pedra, mode:FULL, rate:16, size:85
2026-03-12 19:38:05, EXEC, v:1, k:ed@pedra, mode:FULL, rate:16
2026-03-12 19:38:06, EXEC, v:1, k:ed@pedra, mode:FULL, rate:16
2026-03-12 19:38:09, EXEC, v:1, k:ed@pedra, mode:FULL, rate:41, size:85
2026-03-12 19:38:51, EXEC, v:1, k:ed@pedra, mode:FULL, rate:41
2026-03-12 19:38:52, EXEC, v:1, k:ed@pedra, mode:FULL, rate:41
2026-03-12 19:39:06, EXEC, v:1, k:ed@pedra, mode:FULL, rate:66, size:86
2026-03-12 19:41:52, EXEC, v:1, k:ed@pedra, mode:FULL, rate:66
2026-03-12 19:51:25, EXEC, v:1, k:ed@pedra, mode:FULL, rate:100, size:66
2026-03-12 19:51:26, MOVE, v:1, k:ed@pedra, mode:BACK
2026-03-12 19:51:38, SELF, v:1, k:ed@pedra, self:1, rate:100, study:30
2026-03-12 19:54:21, MOVE, v:1, k:ed@casais, mode:DOWN
2026-03-12 19:55:03, MOVE, v:1, k:ed@casais, mode:PICK
2026-03-12 20:20:54, EXEC, v:1, k:ed@casais, mode:FULL, rate:0, size:35
2026-03-12 20:24:20, EXEC, v:1, k:ed@casais, mode:FULL, rate:0, size:47
2026-03-12 20:24:20, EXEC, v:1, k:ed@casais, mode:FULL, rate:0, size:47
2026-03-12 20:25:13, EXEC, v:1, k:ed@casais, mode:FULL, rate:0, size:47
2026-03-12 20:25:19, EXEC, v:1, k:ed@casais, mode:FULL, rate:0
2026-03-12 20:25:21, EXEC, v:1, k:ed@casais, mode:FULL, rate:0
2026-03-12 20:25:34, EXEC, v:1, k:ed@casais, mode:FULL, rate:0
2026-03-12 20:32:35, EXEC, v:1, k:ed@casais, mode:FULL, rate:0
2026-03-12 20:32:36, EXEC, v:1, k:ed@casais, mode:FULL, rate:0
2026-03-12 20:32:39, EXEC, v:1, k:ed@casais, mode:FULL, rate:0, size:47
2026-03-12 20:32:39, EXEC, v:1, k:ed@casais, mode:FULL, rate:0, size:47
2026-03-12 20:32:40, EXEC, v:1, k:ed@casais, mode:FULL, rate:0, size:47
2026-03-12 20:32:40, EXEC, v:1, k:ed@casais, mode:FULL, rate:0, size:47
2026-03-12 20:32:41, EXEC, v:1, k:ed@casais, mode:FULL, rate:0, size:47
2026-03-12 20:32:41, EXEC, v:1, k:ed@casais, mode:FULL, rate:0, size:47
