2026-04-13 15:06:22, MOVE, v:1, k:ed@triangulo, mode:PICK
2026-04-13 15:06:24, EXEC, v:1, k:ed@triangulo, mode:FULL, rate:100
2026-04-13 15:06:29, MOVE, v:1, k:ed@triangulo, mode:BACK
2026-04-13 15:06:32, MOVE, v:1, k:ed@resto, mode:PICK
2026-04-13 15:06:32, EXEC, v:1, k:ed@resto, mode:FULL, rate:100
2026-04-13 15:06:33, MOVE, v:1, k:ed@resto, mode:BACK
2026-04-13 15:06:34, MOVE, v:1, k:ed@mdc, mode:PICK
2026-04-13 15:06:35, EXEC, v:1, k:ed@mdc, mode:FULL, rate:100, size:21
2026-04-13 15:06:35, MOVE, v:1, k:ed@mdc, mode:BACK
2026-04-13 15:06:36, MOVE, v:1, k:ed@queimada, mode:PICK
2026-04-13 15:06:37, EXEC, v:1, k:ed@queimada, mode:FULL, rate:100
2026-04-13 15:06:37, MOVE, v:1, k:ed@queimada, mode:BACK
2026-04-13 15:06:45, SELF, v:1, k:ed@fractais_png, self:1, rate:100
2026-04-13 15:06:57, SELF, v:1, k:ed@+recursao, self:1, rate:100
2026-04-13 15:07:06, SELF, v:1, k:ed@+analise, self:1, rate:100
2026-04-13 15:07:27, MOVE, v:1, k:ed@treinando, mode:PICK
2026-04-13 15:07:32, EXEC, v:1, k:ed@treinando, mode:FREE
2026-04-13 15:09:31, EXEC, v:1, k:ed@treinando, mode:FULL, rate:0
2026-04-13 15:11:09, EXEC, v:1, k:ed@treinando, mode:FULL, rate:0, size:160
2026-04-13 15:06:24, MOVE, v:1, k:ed@triangulo, mode:EDIT
2026-04-13 15:06:32, MOVE, v:1, k:ed@resto, mode:EDIT
2026-04-13 15:06:35, MOVE, v:1, k:ed@mdc, mode:EDIT
2026-04-13 15:06:36, MOVE, v:1, k:ed@queimada, mode:EDIT
2026-04-13 15:11:06, MOVE, v:1, k:ed@treinando, mode:EDIT
2026-04-13 15:11:01, MOVE, v:1, k:ed@treinando, mode:EDIT
2026-04-13 15:15:18, MOVE, v:1, k:ed@treinando, mode:EDIT
2026-04-13 15:19:59, MOVE, v:1, k:ed@treinando, mode:BACK
2026-04-13 15:20:01, MOVE, v:1, k:ed@labirinto, mode:PICK
2026-04-13 15:19:58, MOVE, v:1, k:ed@treinando, mode:EDIT
2026-04-13 15:21:14, MOVE, v:1, k:ed@labirinto, mode:EDIT
2026-04-13 15:22:38, MOVE, v:1, k:ed@labirinto, mode:BACK
2026-04-13 15:22:45, MOVE, v:1, k:ed@labirinto, mode:PICK
2026-04-13 15:23:54, MOVE, v:1, k:ed@labirinto, mode:BACK
2026-04-13 15:23:56, MOVE, v:1, k:ed@labirinto, mode:PICK
2026-04-13 15:23:29, MOVE, v:1, k:ed@labirinto, mode:EDIT
2026-04-13 15:31:09, MOVE, v:1, k:ed@labirinto, mode:EDIT
2026-04-13 15:36:15, MOVE, v:1, k:ed@labirinto, mode:EDIT
2026-04-13 15:40:30, MOVE, v:1, k:ed@labirinto, mode:BACK
2026-04-13 15:38:37, MOVE, v:1, k:ed@labirinto, mode:EDIT
2026-04-13 15:42:29, MOVE, v:1, k:ed@labirinto, mode:PICK
2026-04-13 15:42:34, MOVE, v:1, k:ed@labirinto, mode:BACK
2026-04-13 15:46:07, MOVE, v:1, k:ed@labirinto, mode:EDIT
2026-04-13 15:49:00, MOVE, v:1, k:ed@labirinto, mode:PICK
2026-04-13 15:51:15, MOVE, v:1, k:ed@labirinto, mode:EDIT
2026-04-13 15:56:12, MOVE, v:1, k:ed@labirinto, mode:EDIT
2026-04-13 16:01:13, MOVE, v:1, k:ed@labirinto, mode:EDIT
2026-04-13 16:01:27, EXEC, v:1, k:ed@labirinto, mode:FULL, rate:100, size:82
2026-04-13 16:01:29, MOVE, v:1, k:ed@labirinto, mode:BACK
2026-04-13 16:02:28, SELF, v:1, k:ed@labirinto, self:1, rate:100, friend:Jose Luis, Anna
2026-04-13 16:02:40, MOVE, v:1, k:ed@treinando, mode:PICK
2026-04-13 16:01:25, MOVE, v:1, k:ed@labirinto, mode:EDIT
2026-04-13 16:01:27, MOVE, v:1, k:ed@labirinto, mode:EDIT
2026-04-13 16:06:12, MOVE, v:1, k:ed@treinando, mode:EDIT
2026-04-13 16:10:30, MOVE, v:1, k:ed@treinando, mode:EDIT
2026-04-13 16:16:16, MOVE, v:1, k:ed@treinando, mode:EDIT
2026-04-13 16:17:47, EXEC, v:1, k:ed@treinando, mode:FULL, rate:0, size:158
2026-04-13 16:18:30, EXEC, v:1, k:ed@treinando, mode:FULL, rate:0, size:158
2026-04-13 16:18:45, EXEC, v:1, k:ed@treinando, mode:FREE, size:160
2026-04-13 16:18:57, MOVE, v:1, k:ed@treinando, mode:BACK
2026-04-13 16:18:59, MOVE, v:1, k:ed@treinando, mode:PICK
2026-04-13 16:19:00, EXEC, v:1, k:ed@treinando, mode:FREE
2026-04-13 16:19:34, MOVE, v:1, k:ed@treinando, mode:BACK
2026-04-13 16:19:35, MOVE, v:1, k:ed@treinando, mode:PICK
2026-04-13 16:19:36, EXEC, v:1, k:ed@treinando, mode:FREE
2026-04-13 16:18:39, MOVE, v:1, k:ed@treinando, mode:EDIT
2026-04-13 16:20:02, MOVE, v:1, k:ed@treinando, mode:EDIT
2026-04-13 18:35:02, MOVE, v:1, k:ed@triangulo, mode:PICK
2026-04-13 18:35:03, EXEC, v:1, k:ed@triangulo, mode:FULL, rate:100
2026-04-13 18:35:04, MOVE, v:1, k:ed@triangulo, mode:BACK
2026-04-13 18:35:05, MOVE, v:1, k:ed@resto, mode:PICK
2026-04-13 18:35:06, EXEC, v:1, k:ed@resto, mode:FULL, rate:100
2026-04-13 18:35:06, MOVE, v:1, k:ed@resto, mode:BACK
2026-04-13 18:35:07, MOVE, v:1, k:ed@mdc, mode:PICK
2026-04-13 18:35:07, EXEC, v:1, k:ed@mdc, mode:FULL, rate:100
2026-04-13 18:35:08, MOVE, v:1, k:ed@mdc, mode:BACK
2026-04-13 18:35:09, MOVE, v:1, k:ed@queimada, mode:PICK
2026-04-13 18:35:09, EXEC, v:1, k:ed@queimada, mode:FULL, rate:100
2026-04-13 18:35:10, MOVE, v:1, k:ed@queimada, mode:BACK
2026-04-13 18:35:12, MOVE, v:1, k:ed@labirinto, mode:PICK
2026-04-13 18:35:12, EXEC, v:1, k:ed@labirinto, mode:FULL, rate:100
2026-04-13 18:35:13, MOVE, v:1, k:ed@labirinto, mode:BACK
2026-04-13 18:35:19, SELF, v:1, k:ed@fractais_png, self:1, rate:100
2026-04-13 18:35:27, SELF, v:1, k:ed@+recursao, self:1, rate:100
2026-04-13 18:37:40, MOVE, v:1, k:eval1@baruel, mode:DOWN
2026-04-13 18:37:43, MOVE, v:1, k:eval1@baruel, mode:PICK
2026-04-13 18:37:50, MOVE, v:1, k:eval1@baruel, mode:BACK
2026-04-13 18:37:52, MOVE, v:1, k:eval1@apagando, mode:DOWN
2026-04-13 18:37:54, MOVE, v:1, k:eval1@triangulo, mode:DOWN
2026-04-13 18:37:55, MOVE, v:1, k:eval1@queimada, mode:DOWN
2026-04-13 18:38:00, MOVE, v:1, k:eval1@baruel, mode:PICK
2026-04-13 18:37:40, MOVE, v:1, k:eval1@baruel, mode:EDIT
2026-04-13 18:37:40, MOVE, v:1, k:eval1@baruel, mode:EDIT
2026-04-13 18:41:47, MOVE, v:1, k:eval1@baruel, mode:EDIT
2026-04-13 18:37:52, MOVE, v:1, k:eval1@apagando, mode:EDIT
2026-04-13 18:37:52, MOVE, v:1, k:eval1@apagando, mode:EDIT
2026-04-13 18:37:54, MOVE, v:1, k:eval1@triangulo, mode:EDIT
2026-04-13 18:37:54, MOVE, v:1, k:eval1@triangulo, mode:EDIT
2026-04-13 18:37:54, MOVE, v:1, k:eval1@triangulo, mode:EDIT
2026-04-13 18:37:55, MOVE, v:1, k:eval1@queimada, mode:EDIT
2026-04-13 18:37:55, MOVE, v:1, k:eval1@queimada, mode:EDIT
2026-04-13 18:37:55, MOVE, v:1, k:eval1@queimada, mode:EDIT
2026-04-13 18:47:24, MOVE, v:1, k:eval1@baruel, mode:EDIT
2026-04-13 18:52:28, MOVE, v:1, k:eval1@baruel, mode:EDIT
2026-04-13 18:53:03, MOVE, v:1, k:eval1@baruel, mode:BACK
2026-04-13 18:53:21, MOVE, v:1, k:eval1@baruel, mode:PICK
2026-04-13 18:54:05, EXEC, v:1, k:eval1@baruel, mode:FULL, rate:0, size:63
2026-04-13 18:54:05, EXEC, v:1, k:eval1@baruel, mode:FREE, size:63
2026-04-13 18:54:31, EXEC, v:1, k:eval1@baruel, mode:FULL, rate:0, size:63
2026-04-13 18:56:10, EXEC, v:1, k:eval1@baruel, mode:FULL, rate:0, size:69
2026-04-13 18:57:26, MOVE, v:1, k:eval1@baruel, mode:PICK
2026-04-13 18:57:26, EXEC, v:1, k:eval1@baruel, mode:FULL, rate:0, size:69
2026-04-13 18:58:12, EXEC, v:1, k:eval1@baruel, mode:FULL, rate:0, size:69
2026-04-13 18:59:12, EXEC, v:1, k:eval1@baruel, mode:FULL, rate:0, size:69
2026-04-13 18:59:38, EXEC, v:1, k:eval1@baruel, mode:FULL, rate:0, size:69
2026-04-13 19:00:06, EXEC, v:1, k:eval1@baruel, mode:FULL, rate:0, size:69
2026-04-13 19:00:06, MOVE, v:1, k:eval1@baruel, mode:EDIT
2026-04-13 19:02:21, MOVE, v:1, k:eval1@baruel, mode:EDIT
2026-04-13 19:04:15, EXEC, v:1, k:eval1@baruel, mode:FULL, rate:25, size:57
2026-04-13 19:04:59, EXEC, v:1, k:eval1@baruel, mode:FULL, size:58, fail:COMP
2026-04-13 19:05:02, EXEC, v:1, k:eval1@baruel, mode:FULL, rate:0, size:58
2026-04-13 19:07:01, EXEC, v:1, k:eval1@baruel, mode:FULL, rate:0, size:62
2026-04-13 19:07:23, MOVE, v:1, k:eval1@baruel, mode:EDIT
2026-04-13 19:07:01, MOVE, v:1, k:eval1@baruel, mode:EDIT
2026-04-13 19:07:25, EXEC, v:1, k:eval1@baruel, mode:FULL, rate:25, size:62
2026-04-13 19:07:38, EXEC, v:1, k:eval1@baruel, mode:FULL, rate:25, size:62
2026-04-13 19:08:58, EXEC, v:1, k:eval1@baruel, mode:FULL, rate:25, size:62
2026-04-13 19:09:06, EXEC, v:1, k:eval1@baruel, mode:FULL, rate:25, size:62
2026-04-13 19:09:37, EXEC, v:1, k:eval1@baruel, mode:FULL, rate:0, size:56
2026-04-13 19:09:40, EXEC, v:1, k:eval1@baruel, mode:FULL, rate:0, size:56
2026-04-13 19:09:54, EXEC, v:1, k:eval1@baruel, mode:FULL, rate:0
2026-04-13 19:10:19, EXEC, v:1, k:eval1@baruel, mode:FULL, rate:0, size:57
2026-04-13 19:10:43, EXEC, v:1, k:eval1@baruel, mode:FULL, rate:25, size:56
2026-04-13 19:11:31, EXEC, v:1, k:eval1@baruel, mode:FULL, rate:50, size:61
2026-04-13 19:12:21, EXEC, v:1, k:eval1@baruel, mode:FULL, rate:50, size:62
2026-04-13 19:12:21, MOVE, v:1, k:eval1@baruel, mode:EDIT
2026-04-13 19:12:21, MOVE, v:1, k:eval1@baruel, mode:EDIT
2026-04-13 19:12:29, EXEC, v:1, k:eval1@baruel, mode:FULL, rate:0
2026-04-13 19:13:29, EXEC, v:1, k:eval1@baruel, mode:FULL, rate:0, size:62
2026-04-13 19:13:54, EXEC, v:1, k:eval1@baruel, mode:FULL, rate:0
2026-04-13 19:14:07, EXEC, v:1, k:eval1@baruel, mode:FULL, rate:0, size:61
2026-04-13 19:14:23, EXEC, v:1, k:eval1@baruel, mode:FULL, rate:0
2026-04-13 19:14:25, EXEC, v:1, k:eval1@baruel, mode:FULL, rate:50, size:60
2026-04-13 19:14:34, EXEC, v:1, k:eval1@baruel, mode:FULL, rate:75
2026-04-13 19:14:38, EXEC, v:1, k:eval1@baruel, mode:FULL, rate:50
2026-04-13 19:14:54, EXEC, v:1, k:eval1@baruel, mode:FULL, rate:0, size:61
2026-04-13 19:15:13, EXEC, v:1, k:eval1@baruel, mode:FULL, rate:0
2026-04-13 19:15:23, EXEC, v:1, k:eval1@baruel, mode:FULL, rate:0
2026-04-13 19:15:24, EXEC, v:1, k:eval1@baruel, mode:FULL, rate:25, size:60
2026-04-13 19:16:45, EXEC, v:1, k:eval1@baruel, mode:FULL, rate:75
2026-04-13 19:17:17, EXEC, v:1, k:eval1@baruel, mode:FULL, rate:25
2026-04-13 19:17:18, EXEC, v:1, k:eval1@baruel, mode:FULL, rate:50
2026-04-13 19:17:18, MOVE, v:1, k:eval1@baruel, mode:EDIT
2026-04-13 19:15:23, MOVE, v:1, k:eval1@baruel, mode:EDIT
2026-04-13 19:19:25, EXEC, v:1, k:eval1@baruel, mode:FULL, rate:75, size:62
2026-04-13 19:19:27, EXEC, v:1, k:eval1@baruel, mode:FULL, rate:75
2026-04-13 19:19:32, EXEC, v:1, k:eval1@baruel, mode:FULL, rate:50
2026-04-13 19:19:34, EXEC, v:1, k:eval1@baruel, mode:FULL, rate:50
2026-04-13 19:19:35, EXEC, v:1, k:eval1@baruel, mode:FULL, rate:75
2026-04-13 19:19:36, EXEC, v:1, k:eval1@baruel, mode:FULL, rate:25
2026-04-13 19:21:54, EXEC, v:1, k:eval1@baruel, mode:FULL, rate:0, size:62
2026-04-13 19:22:19, MOVE, v:1, k:eval1@baruel, mode:EDIT
2026-04-13 19:21:54, MOVE, v:1, k:eval1@baruel, mode:EDIT
2026-04-13 19:22:28, EXEC, v:1, k:eval1@baruel, mode:FULL, rate:0, size:62
2026-04-13 19:22:41, EXEC, v:1, k:eval1@baruel, mode:FULL, rate:0
2026-04-13 19:23:26, EXEC, v:1, k:eval1@baruel, mode:FULL, rate:75, size:62
2026-04-13 19:23:28, EXEC, v:1, k:eval1@baruel, mode:FULL, rate:75
2026-04-13 19:25:25, MOVE, v:1, k:eval1@baruel, mode:BACK
2026-04-13 19:25:39, MOVE, v:1, k:eval1@triangulo, mode:PICK
2026-04-13 19:23:49, MOVE, v:1, k:eval1@baruel, mode:EDIT
2026-04-13 19:23:28, MOVE, v:1, k:eval1@baruel, mode:EDIT
2026-04-13 19:25:45, MOVE, v:1, k:eval1@triangulo, mode:EDIT
2026-04-13 19:27:22, MOVE, v:1, k:eval1@triangulo, mode:EDIT
2026-04-13 19:30:12, MOVE, v:1, k:eval1@triangulo, mode:BACK
2026-04-13 19:30:16, MOVE, v:1, k:eval1@queimada, mode:PICK
2026-04-13 19:30:10, MOVE, v:1, k:eval1@triangulo, mode:EDIT
2026-04-13 19:32:21, MOVE, v:1, k:eval1@queimada, mode:EDIT
2026-04-13 19:33:45, EXEC, v:1, k:eval1@queimada, mode:FULL, rate:0, size:42
2026-04-13 19:34:25, EXEC, v:1, k:eval1@queimada, mode:FULL, rate:0, size:43
2026-04-13 19:34:49, EXEC, v:1, k:eval1@queimada, mode:FULL, rate:0, size:43
2026-04-13 19:36:03, EXEC, v:1, k:eval1@queimada, mode:FULL, size:44, fail:COMP
2026-04-13 19:36:05, EXEC, v:1, k:eval1@queimada, mode:FULL, rate:0, size:44
2026-04-13 19:36:18, EXEC, v:1, k:eval1@queimada, mode:FULL, rate:0, size:44
2026-04-13 19:36:21, EXEC, v:1, k:eval1@queimada, mode:FULL, rate:0
2026-04-13 19:36:30, EXEC, v:1, k:eval1@queimada, mode:FULL, rate:0, size:43
2026-04-13 19:36:32, EXEC, v:1, k:eval1@queimada, mode:FULL, rate:0
2026-04-13 19:37:17, EXEC, v:1, k:eval1@queimada, mode:FULL, rate:0, size:43
2026-04-13 19:37:22, MOVE, v:1, k:eval1@queimada, mode:EDIT
2026-04-13 19:37:17, MOVE, v:1, k:eval1@queimada, mode:EDIT
2026-04-13 19:38:50, EXEC, v:1, k:eval1@queimada, mode:FULL, size:43, fail:COMP
2026-04-13 19:38:51, EXEC, v:1, k:eval1@queimada, mode:FULL, rate:0, size:43
2026-04-13 19:39:08, EXEC, v:1, k:eval1@queimada, mode:FULL, rate:0, size:43
2026-04-13 19:39:09, EXEC, v:1, k:eval1@queimada, mode:FULL, rate:0
2026-04-13 19:39:10, EXEC, v:1, k:eval1@queimada, mode:FULL, rate:0
2026-04-13 19:39:11, EXEC, v:1, k:eval1@queimada, mode:FULL, rate:0
2026-04-13 19:39:11, EXEC, v:1, k:eval1@queimada, mode:FULL, rate:0
2026-04-13 19:39:12, EXEC, v:1, k:eval1@queimada, mode:FULL, rate:0
2026-04-13 19:39:13, EXEC, v:1, k:eval1@queimada, mode:FULL, rate:0
2026-04-13 19:39:46, EXEC, v:1, k:eval1@queimada, mode:FULL, rate:0
2026-04-13 19:39:49, EXEC, v:1, k:eval1@queimada, mode:FULL, rate:0, size:43
2026-04-13 19:40:16, EXEC, v:1, k:eval1@queimada, mode:FULL, rate:100, size:43
2026-04-13 19:40:17, MOVE, v:1, k:eval1@queimada, mode:BACK
2026-04-13 19:40:21, SELF, v:1, k:eval1@queimada, self:1, rate:100
2026-04-13 19:40:29, MOVE, v:1, k:eval1@apagando, mode:PICK
2026-04-13 19:40:14, MOVE, v:1, k:eval1@queimada, mode:EDIT
2026-04-13 19:40:16, MOVE, v:1, k:eval1@queimada, mode:EDIT
2026-04-13 19:42:21, MOVE, v:1, k:eval1@apagando, mode:EDIT
2026-04-13 19:47:22, MOVE, v:1, k:eval1@apagando, mode:EDIT
2026-04-13 19:48:32, MOVE, v:1, k:eval1@apagando, mode:BACK
