2026-06-08 13:13:31, MOVE, v:1, k:ed@prin_list1, mode:PICK
2026-06-08 13:13:38, EXEC, v:1, k:ed@prin_list1, mode:FULL, fail:COMP
2026-06-08 15:04:12, MOVE, v:1, k:ed@prin_list1, mode:BACK
2026-06-08 15:04:21, MOVE, v:1, k:ed@lista_d4, mode:DOWN
2026-06-08 15:04:33, MOVE, v:1, k:ed@lista_d4, mode:PICK
2026-06-08 15:04:21, MOVE, v:1, k:ed@lista_d4, mode:EDIT
2026-06-08 15:04:21, MOVE, v:1, k:ed@lista_d4, mode:EDIT
2026-06-08 15:04:21, MOVE, v:1, k:ed@lista_d4, mode:EDIT
2026-06-08 15:04:21, MOVE, v:1, k:ed@lista_d4, mode:EDIT
2026-06-08 15:10:45, MOVE, v:1, k:ed@lista_d4, mode:EDIT
2026-06-08 15:14:55, MOVE, v:1, k:ed@lista_d4, mode:EDIT
2026-06-08 15:17:47, MOVE, v:1, k:ed@lista_d4, mode:EDIT
2026-06-08 15:24:08, MOVE, v:1, k:ed@lista_d4, mode:EDIT
2026-06-08 15:30:42, MOVE, v:1, k:ed@lista_d4, mode:EDIT
2026-06-08 15:31:17, MOVE, v:1, k:ed@lista_d4, mode:EDIT
2026-06-08 15:40:39, MOVE, v:1, k:ed@lista_d4, mode:EDIT
2026-06-08 15:42:52, EXEC, v:1, k:ed@lista_d4, mode:FULL, rate:66, size:167
2026-06-08 15:42:39, MOVE, v:1, k:ed@lista_d4, mode:EDIT
2026-06-08 15:42:51, MOVE, v:1, k:ed@lista_d4, mode:EDIT
2026-06-08 15:54:43, EXEC, v:1, k:ed@lista_d4, mode:FULL, rate:66, size:168
2026-06-08 15:54:40, MOVE, v:1, k:ed@lista_d4, mode:EDIT
2026-06-08 15:54:42, MOVE, v:1, k:ed@lista_d4, mode:EDIT
2026-06-08 15:57:25, EXEC, v:1, k:ed@lista_d4, mode:FULL, rate:66, size:164
2026-06-08 15:57:27, EXEC, v:1, k:ed@lista_d4, mode:FULL, rate:66
2026-06-08 15:59:31, EXEC, v:1, k:ed@lista_d4, mode:FULL, rate:66, size:164
2026-06-08 15:59:34, EXEC, v:1, k:ed@lista_d4, mode:FULL, rate:66
2026-06-08 16:00:46, MOVE, v:1, k:ed@lista_d4, mode:EDIT
2026-06-08 15:59:33, MOVE, v:1, k:ed@lista_d4, mode:EDIT
2026-06-08 16:01:07, EXEC, v:1, k:ed@lista_d4, mode:FULL, rate:100, size:165
2026-06-08 16:01:21, MOVE, v:1, k:ed@lista_d4, mode:BACK
2026-06-08 16:01:34, SELF, v:1, k:ed@lista_d4, self:1, rate:100, study:30
2026-06-08 16:03:26, MOVE, v:1, k:ed@prin_list1, mode:PICK
2026-06-08 16:01:05, MOVE, v:1, k:ed@lista_d4, mode:EDIT
2026-06-08 16:01:07, MOVE, v:1, k:ed@lista_d4, mode:EDIT
2026-06-08 16:18:00, MOVE, v:1, k:ed@prin_list1, mode:EDIT
2026-06-08 16:23:41, EXEC, v:1, k:ed@prin_list1, mode:FULL, rate:0, size:188
2026-06-08 16:24:06, EXEC, v:1, k:ed@prin_list1, mode:FULL, rate:0
2026-06-08 16:24:07, EXEC, v:1, k:ed@prin_list1, mode:FULL, rate:100, size:187
2026-06-08 16:24:08, MOVE, v:1, k:ed@prin_list1, mode:BACK
2026-06-08 16:24:15, SELF, v:1, k:ed@prin_list1, self:1, rate:100, study:20
2026-06-08 16:24:24, MOVE, v:1, k:ed@lista_d3, mode:DOWN
2026-06-08 16:24:05, MOVE, v:1, k:ed@prin_list1, mode:EDIT
2026-06-08 16:24:07, MOVE, v:1, k:ed@prin_list1, mode:EDIT
2026-06-08 16:24:24, MOVE, v:1, k:ed@lista_d3, mode:EDIT
2026-06-08 16:24:24, MOVE, v:1, k:ed@lista_d3, mode:EDIT
2026-06-08 16:24:24, MOVE, v:1, k:ed@lista_d3, mode:EDIT
2026-06-08 16:27:50, MOVE, v:1, k:ed@lista_d3, mode:PICK
2026-06-08 16:40:45, MOVE, v:1, k:ed@lista_d3, mode:EDIT
2026-06-08 16:45:47, MOVE, v:1, k:ed@lista_d3, mode:EDIT
2026-06-08 16:49:27, MOVE, v:1, k:ed@lista_d3, mode:EDIT
2026-06-08 16:53:01, EXEC, v:1, k:ed@lista_d3, mode:FULL, rate:0, size:144
2026-06-08 16:54:57, EXEC, v:1, k:ed@lista_d3, mode:FULL, rate:0, size:144
2026-06-08 16:55:47, MOVE, v:1, k:ed@lista_d3, mode:EDIT
2026-06-08 16:54:56, MOVE, v:1, k:ed@lista_d3, mode:EDIT
2026-06-08 16:58:32, EXEC, v:1, k:ed@lista_d3, mode:FULL, rate:0, size:157
2026-06-08 17:00:47, MOVE, v:1, k:ed@lista_d3, mode:EDIT
2026-06-08 16:58:31, MOVE, v:1, k:ed@lista_d3, mode:EDIT
2026-06-08 17:02:25, EXEC, v:1, k:ed@lista_d3, mode:FULL, rate:0, size:169
2026-06-08 17:02:43, EXEC, v:1, k:ed@lista_d3, mode:FULL, rate:0, size:170
2026-06-08 17:03:35, EXEC, v:1, k:ed@lista_d3, mode:FULL, rate:0, size:170
2026-06-08 17:03:41, EXEC, v:1, k:ed@lista_d3, mode:FULL, rate:0
2026-06-08 17:05:03, EXEC, v:1, k:ed@lista_d3, mode:FULL, rate:25, size:170
2026-06-08 17:05:02, MOVE, v:1, k:ed@lista_d3, mode:EDIT
2026-06-08 17:05:02, MOVE, v:1, k:ed@lista_d3, mode:EDIT
2026-06-08 17:06:11, EXEC, v:1, k:ed@lista_d3, mode:FULL, rate:50, size:170
2026-06-08 17:10:21, MOVE, v:1, k:ed@lista_d3, mode:EDIT
2026-06-08 17:06:10, MOVE, v:1, k:ed@lista_d3, mode:EDIT
2026-06-08 17:11:03, EXEC, v:1, k:ed@lista_d3, mode:FULL, rate:50, size:178
2026-06-08 17:11:55, EXEC, v:1, k:ed@lista_d3, mode:FULL, rate:50, size:180
2026-06-08 17:12:23, EXEC, v:1, k:ed@lista_d3, mode:FULL, rate:50, size:181
2026-06-08 17:12:25, EXEC, v:1, k:ed@lista_d3, mode:FULL, rate:50
2026-06-08 17:12:48, EXEC, v:1, k:ed@lista_d3, mode:FULL, rate:50, size:180
2026-06-08 17:13:21, EXEC, v:1, k:ed@lista_d3, mode:FULL, rate:50, size:180
2026-06-08 17:13:32, EXEC, v:1, k:ed@lista_d3, mode:FULL, rate:50, size:180
2026-06-08 17:15:16, EXEC, v:1, k:ed@lista_d3, mode:FULL, rate:50, size:180
2026-06-08 17:15:41, MOVE, v:1, k:ed@lista_d3, mode:EDIT
2026-06-08 17:15:16, MOVE, v:1, k:ed@lista_d3, mode:EDIT
2026-06-08 17:16:20, EXEC, v:1, k:ed@lista_d3, mode:FULL, rate:50, size:181
2026-06-08 17:16:22, EXEC, v:1, k:ed@lista_d3, mode:FULL, rate:50
2026-06-08 17:17:27, EXEC, v:1, k:ed@lista_d3, mode:FULL, rate:50, size:183
2026-06-08 17:17:45, EXEC, v:1, k:ed@lista_d3, mode:FULL, rate:50, size:184
2026-06-08 17:20:23, EXEC, v:1, k:ed@lista_d3, mode:FULL, rate:50, size:183
2026-06-08 17:20:32, EXEC, v:1, k:ed@lista_d3, mode:FULL, rate:50, size:181
2026-06-08 17:20:43, MOVE, v:1, k:ed@lista_d3, mode:EDIT
2026-06-08 17:20:29, MOVE, v:1, k:ed@lista_d3, mode:EDIT
2026-06-08 17:21:36, EXEC, v:1, k:ed@lista_d3, mode:FULL, rate:50, size:187
2026-06-08 17:22:19, EXEC, v:1, k:ed@lista_d3, mode:FULL, rate:50, size:187
2026-06-08 17:22:23, EXEC, v:1, k:ed@lista_d3, mode:FULL, rate:50
2026-06-08 17:23:22, EXEC, v:1, k:ed@lista_d3, mode:FULL, rate:50, size:186
2026-06-08 17:23:56, EXEC, v:1, k:ed@lista_d3, mode:FULL, rate:50, size:188
2026-06-08 17:24:01, EXEC, v:1, k:ed@lista_d3, mode:FULL, rate:50
2026-06-08 17:25:08, EXEC, v:1, k:ed@lista_d3, mode:FULL, rate:50, size:186
2026-06-08 17:25:45, MOVE, v:1, k:ed@lista_d3, mode:EDIT
2026-06-08 17:25:47, MOVE, v:1, k:ed@lista_d3, mode:EDIT
2026-06-08 17:25:49, EXEC, v:1, k:ed@lista_d3, mode:FULL, rate:50, size:187
2026-06-08 17:26:25, EXEC, v:1, k:ed@lista_d3, mode:FULL, rate:50
2026-06-08 17:26:23, MOVE, v:1, k:ed@lista_d3, mode:EDIT
2026-06-08 17:30:46, MOVE, v:1, k:ed@lista_d3, mode:EDIT
2026-06-08 17:32:14, EXEC, v:1, k:ed@lista_d3, mode:FULL, rate:50, size:186
2026-06-08 17:34:04, EXEC, v:1, k:ed@lista_d3, mode:FULL, rate:50, size:188
2026-06-08 17:34:39, EXEC, v:1, k:ed@lista_d3, mode:FULL, rate:50, size:186
2026-06-08 17:35:48, MOVE, v:1, k:ed@lista_d3, mode:EDIT
2026-06-08 17:34:37, MOVE, v:1, k:ed@lista_d3, mode:EDIT
2026-06-08 17:36:01, EXEC, v:1, k:ed@lista_d3, mode:FULL, rate:50, size:191
2026-06-08 17:37:16, MOVE, v:1, k:ed@lista_d3, mode:BACK
2026-06-08 17:37:32, MOVE, v:1, k:ed@editorint, mode:DOWN
2026-06-08 17:37:40, MOVE, v:1, k:ed@editorint, mode:PICK
2026-06-08 17:37:41, MOVE, v:1, k:ed@editorint, mode:BACK
2026-06-08 17:37:47, SELF, v:1, k:ed@editorint, self:1, rate:100
2026-06-08 17:37:51, MOVE, v:1, k:ed@editorint, mode:PICK
2026-06-08 17:35:59, MOVE, v:1, k:ed@lista_d3, mode:EDIT
2026-06-08 17:36:52, MOVE, v:1, k:ed@lista_d3, mode:EDIT
2026-06-08 17:37:32, MOVE, v:1, k:ed@editorint, mode:EDIT
2026-06-08 17:37:32, MOVE, v:1, k:ed@editorint, mode:EDIT
2026-06-08 17:37:32, MOVE, v:1, k:ed@editorint, mode:EDIT
2026-06-08 17:40:29, MOVE, v:1, k:ed@editorint, mode:EDIT
2026-06-08 17:37:32, MOVE, v:1, k:ed@editorint, mode:EDIT
2026-06-08 17:40:51, MOVE, v:1, k:ed@editorint, mode:BACK
2026-06-08 17:43:12, MOVE, v:1, k:ed@bufferring, mode:DOWN
