2026-05-11 00:01:06, EXEC, v:1, k:ed@vetbuild, mode:FULL, rate:54, size:288
2026-05-11 00:01:49, EXEC, v:1, k:ed@vetbuild, mode:FULL, rate:72, size:288
2026-05-11 00:01:48, MOVE, v:1, k:ed@vetbuild, mode:EDIT
2026-05-11 00:01:49, MOVE, v:1, k:ed@vetbuild, mode:EDIT
2026-05-11 00:07:22, EXEC, v:1, k:ed@vetbuild, mode:FULL, rate:54, size:315
2026-05-11 00:07:35, EXEC, v:1, k:ed@vetbuild, mode:FULL, rate:72, size:315
2026-05-11 00:08:10, EXEC, v:1, k:ed@vetbuild, mode:FULL, rate:81, size:315
2026-05-11 00:09:19, EXEC, v:1, k:ed@vetbuild, mode:FULL, rate:54, size:318
2026-05-11 00:09:42, EXEC, v:1, k:ed@vetbuild, mode:FULL, rate:81, size:318
2026-05-11 00:10:13, EXEC, v:1, k:ed@vetbuild, mode:FULL, rate:72, size:319
2026-05-11 00:10:28, EXEC, v:1, k:ed@vetbuild, mode:FULL, rate:72, size:320
2026-05-11 00:10:27, MOVE, v:1, k:ed@vetbuild, mode:EDIT
2026-05-11 00:10:28, MOVE, v:1, k:ed@vetbuild, mode:EDIT
2026-05-11 00:10:45, EXEC, v:1, k:ed@vetbuild, mode:FULL, rate:72, size:317
2026-05-11 00:14:40, EXEC, v:1, k:ed@vetbuild, mode:FULL, rate:72, size:317
2026-05-11 00:15:10, EXEC, v:1, k:ed@vetbuild, mode:FULL, rate:54, size:317
2026-05-11 00:15:19, EXEC, v:1, k:ed@vetbuild, mode:FULL, rate:72, size:317
2026-05-11 00:15:17, MOVE, v:1, k:ed@vetbuild, mode:EDIT
2026-05-11 00:15:19, MOVE, v:1, k:ed@vetbuild, mode:EDIT
2026-05-11 00:16:29, EXEC, v:1, k:ed@vetbuild, mode:FULL, rate:72, size:317
2026-05-11 00:16:41, EXEC, v:1, k:ed@vetbuild, mode:FULL, rate:54, size:317
2026-05-11 00:16:46, EXEC, v:1, k:ed@vetbuild, mode:FULL, rate:72, size:317
2026-05-11 00:16:45, MOVE, v:1, k:ed@vetbuild, mode:EDIT
2026-05-11 00:16:46, MOVE, v:1, k:ed@vetbuild, mode:EDIT
2026-05-11 00:21:50, MOVE, v:1, k:ed@vetbuild, mode:BACK
2026-05-11 16:16:07, MOVE, v:1, k:ed@vetbuild, mode:PICK
2026-05-11 16:20:50, EXEC, v:1, k:ed@vetbuild, mode:FULL, rate:90, size:318
2026-05-11 16:20:46, MOVE, v:1, k:ed@vetbuild, mode:EDIT
2026-05-11 16:20:49, MOVE, v:1, k:ed@vetbuild, mode:EDIT
2026-05-11 16:26:03, MOVE, v:1, k:ed@vetbuild, mode:EDIT
2026-05-11 16:28:49, EXEC, v:1, k:ed@vetbuild, mode:FULL, rate:90, size:340
2026-05-11 16:29:50, EXEC, v:1, k:ed@vetbuild, mode:FULL, rate:90
2026-05-11 16:30:24, EXEC, v:1, k:ed@vetbuild, mode:FULL, rate:90, size:340
2026-05-11 16:30:27, EXEC, v:1, k:ed@vetbuild, mode:FULL, rate:90
2026-05-11 16:31:03, EXEC, v:1, k:ed@vetbuild, mode:FULL, rate:90, size:339
2026-05-11 16:31:00, MOVE, v:1, k:ed@vetbuild, mode:EDIT
2026-05-11 16:31:02, MOVE, v:1, k:ed@vetbuild, mode:EDIT
2026-05-11 16:31:41, EXEC, v:1, k:ed@vetbuild, mode:FULL, rate:90, size:341
2026-05-11 16:32:10, EXEC, v:1, k:ed@vetbuild, mode:FULL, rate:90, size:342
2026-05-11 16:32:11, EXEC, v:1, k:ed@vetbuild, mode:FULL, rate:90
2026-05-11 16:32:44, EXEC, v:1, k:ed@vetbuild, mode:FULL, rate:90, size:345
2026-05-11 16:32:52, EXEC, v:1, k:ed@vetbuild, mode:FULL, rate:90, size:343
2026-05-11 16:32:53, EXEC, v:1, k:ed@vetbuild, mode:FULL, rate:100
2026-05-11 16:32:55, MOVE, v:1, k:ed@vetbuild, mode:BACK
2026-05-11 16:33:07, SELF, v:1, k:ed@vetbuild, self:1, rate:100, study:9038745
2026-05-11 18:42:01, MOVE, v:1, k:ed@setbuild, mode:DOWN
2026-05-11 18:42:02, MOVE, v:1, k:ed@setbuild, mode:PICK
2026-05-11 18:42:01, MOVE, v:1, k:ed@setbuild, mode:EDIT
2026-05-11 18:42:01, MOVE, v:1, k:ed@setbuild, mode:EDIT
2026-05-11 18:42:01, MOVE, v:1, k:ed@setbuild, mode:EDIT
2026-05-11 18:42:01, MOVE, v:1, k:ed@setbuild, mode:EDIT
2026-05-11 20:05:36, MOVE, v:1, k:ed@setbuild, mode:EDIT
2026-05-11 20:26:30, EXEC, v:1, k:ed@setbuild, mode:FULL, rate:0, size:157
2026-05-11 20:26:16, MOVE, v:1, k:ed@setbuild, mode:EDIT
2026-05-11 20:26:26, MOVE, v:1, k:ed@setbuild, mode:EDIT
2026-05-11 20:31:51, EXEC, v:1, k:ed@setbuild, mode:FULL, rate:0, size:177
2026-05-11 20:32:52, EXEC, v:1, k:ed@setbuild, mode:FULL, rate:0, size:177
2026-05-11 20:32:51, MOVE, v:1, k:ed@setbuild, mode:EDIT
2026-05-11 20:32:52, MOVE, v:1, k:ed@setbuild, mode:EDIT
2026-05-11 20:34:11, EXEC, v:1, k:ed@setbuild, mode:FULL, rate:0, size:180
