2026-05-26 17:27:40, MOVE, v:1, k:ed@multiset, mode:PICK
2026-05-26 17:34:11, EXEC, v:1, k:ed@multiset, mode:FULL, rate:33
2026-05-26 17:34:06, MOVE, v:1, k:ed@multiset, mode:EDIT
2026-05-26 17:54:33, EXEC, v:1, k:ed@multiset, mode:FULL, rate:33, size:223
2026-05-26 17:54:34, EXEC, v:1, k:ed@multiset, mode:FULL, rate:33
2026-05-26 17:55:02, EXEC, v:1, k:ed@multiset, mode:FULL, rate:50, size:223
2026-05-26 17:55:01, MOVE, v:1, k:ed@multiset, mode:EDIT
2026-05-26 17:55:02, MOVE, v:1, k:ed@multiset, mode:EDIT
2026-05-26 18:07:02, EXEC, v:1, k:ed@multiset, mode:FULL, rate:50, size:237
2026-05-26 18:08:40, EXEC, v:1, k:ed@multiset, mode:FULL, rate:66, size:236
2026-05-26 18:08:35, MOVE, v:1, k:ed@multiset, mode:EDIT
2026-05-26 18:08:40, MOVE, v:1, k:ed@multiset, mode:EDIT
2026-05-26 18:49:52, EXEC, v:1, k:ed@multiset, mode:FULL, rate:66, size:236
2026-05-26 18:49:50, MOVE, v:1, k:ed@multiset, mode:EDIT
2026-05-26 18:49:52, MOVE, v:1, k:ed@multiset, mode:EDIT
2026-05-26 18:50:54, EXEC, v:1, k:ed@multiset, mode:FULL, rate:66, size:236
2026-05-26 18:50:55, EXEC, v:1, k:ed@multiset, mode:FULL, rate:66
2026-05-26 18:50:56, EXEC, v:1, k:ed@multiset, mode:FULL, rate:66
2026-05-26 18:51:34, EXEC, v:1, k:ed@multiset, mode:FULL, rate:83, size:237
2026-05-26 18:51:30, MOVE, v:1, k:ed@multiset, mode:EDIT
2026-05-26 18:51:34, MOVE, v:1, k:ed@multiset, mode:EDIT
2026-05-26 19:00:39, EXEC, v:1, k:ed@multiset, mode:FULL, rate:100, size:261
2026-05-26 19:00:41, MOVE, v:1, k:ed@multiset, mode:BACK
2026-05-26 19:01:06, SELF, v:1, k:ed@multiset, self:1, rate:100, study:160, friend:Mario
2026-05-26 19:00:37, MOVE, v:1, k:ed@multiset, mode:EDIT
2026-05-26 19:00:39, MOVE, v:1, k:ed@multiset, mode:EDIT
