2026-05-24 15:52:58, MOVE, v:1, k:ed@multiset, mode:DOWN
2026-05-24 15:53:02, MOVE, v:1, k:ed@bettersearch, mode:PICK
2026-05-24 15:53:57, EXEC, v:1, k:ed@bettersearch, mode:FULL, rate:18, size:33
2026-05-24 15:54:07, EXEC, v:1, k:ed@bettersearch, mode:FULL, rate:100, size:67
2026-05-24 15:54:09, MOVE, v:1, k:ed@bettersearch, mode:BACK
2026-05-24 15:54:17, SELF, v:1, k:ed@bettersearch, self:1, rate:100, friend:Rafael
2026-05-24 15:54:57, MOVE, v:1, k:ed@multiset, mode:PICK
2026-05-24 15:52:57, MOVE, v:1, k:ed@multiset, mode:EDIT
2026-05-24 15:52:57, MOVE, v:1, k:ed@multiset, mode:EDIT
2026-05-24 15:52:58, MOVE, v:1, k:ed@multiset, mode:EDIT
2026-05-24 15:52:58, MOVE, v:1, k:ed@multiset, mode:EDIT
2026-05-24 15:54:06, MOVE, v:1, k:ed@bettersearch, mode:EDIT
2026-05-24 15:54:05, MOVE, v:1, k:ed@bettersearch, mode:EDIT
2026-05-24 16:04:01, MOVE, v:1, k:ed@multiset, mode:EDIT
2026-05-24 16:12:47, MOVE, v:1, k:ed@multiset, mode:EDIT
2026-05-24 16:17:58, MOVE, v:1, k:ed@multiset, mode:EDIT
2026-05-24 16:49:31, MOVE, v:1, k:ed@multiset, mode:EDIT
2026-05-24 16:52:35, MOVE, v:1, k:ed@multiset, mode:EDIT
2026-05-24 16:57:59, MOVE, v:1, k:ed@multiset, mode:BACK
2026-05-24 16:58:04, MOVE, v:1, k:ed@setbuild, mode:PICK
2026-05-24 16:59:13, MOVE, v:1, k:ed@setbuild, mode:BACK
2026-05-24 16:59:15, MOVE, v:1, k:ed@vetbuild, mode:PICK
2026-05-24 17:07:03, EXEC, v:1, k:ed@vetbuild, mode:FULL, rate:100
2026-05-24 17:07:07, MOVE, v:1, k:ed@vetbuild, mode:BACK
2026-05-24 17:07:08, MOVE, v:1, k:ed@multiset, mode:PICK
2026-05-24 17:07:11, EXEC, v:1, k:ed@multiset, mode:FULL, rate:0, size:185
2026-05-24 17:07:26, MOVE, v:1, k:ed@multiset, mode:BACK
2026-05-24 17:07:27, MOVE, v:1, k:ed@multiset, mode:PICK
2026-05-24 17:07:28, EXEC, v:1, k:ed@multiset, mode:FREE
2026-05-24 17:08:12, MOVE, v:1, k:ed@multiset, mode:PICK
2026-05-24 17:08:13, EXEC, v:1, k:ed@multiset, mode:FREE
2026-05-24 17:09:39, EXEC, v:1, k:ed@multiset, mode:FULL, rate:0
2026-05-24 17:09:43, MOVE, v:1, k:ed@multiset, mode:BACK
2026-05-24 17:09:44, MOVE, v:1, k:ed@multiset, mode:PICK
2026-05-24 17:09:45, EXEC, v:1, k:ed@multiset, mode:FREE
2026-05-24 17:11:33, EXEC, v:1, k:ed@multiset, mode:FULL, rate:0, size:185
2026-05-24 17:11:40, EXEC, v:1, k:ed@multiset, mode:FULL, rate:0, size:186
2026-05-24 17:11:50, EXEC, v:1, k:ed@multiset, mode:FULL, rate:0
2026-05-24 17:11:55, MOVE, v:1, k:ed@multiset, mode:BACK
2026-05-24 17:11:56, MOVE, v:1, k:ed@multiset, mode:PICK
2026-05-24 17:11:56, EXEC, v:1, k:ed@multiset, mode:FREE
2026-05-24 17:11:56, MOVE, v:1, k:ed@multiset, mode:EDIT
2026-05-24 17:11:36, MOVE, v:1, k:ed@multiset, mode:EDIT
2026-05-24 17:13:59, EXEC, v:1, k:ed@multiset, mode:FULL, rate:0
2026-05-24 17:14:05, EXEC, v:1, k:ed@multiset, mode:FREE
2026-05-24 17:14:20, EXEC, v:1, k:ed@multiset, mode:FULL, rate:0, size:187
2026-05-24 17:14:27, EXEC, v:1, k:ed@multiset, mode:FREE
2026-05-24 17:16:52, EXEC, v:1, k:ed@multiset, mode:FULL, rate:0, size:191
2026-05-24 17:16:56, EXEC, v:1, k:ed@multiset, mode:FULL, rate:0
2026-05-24 17:17:19, EXEC, v:1, k:ed@multiset, mode:FULL, rate:0
2026-05-24 17:17:28, EXEC, v:1, k:ed@multiset, mode:FULL, rate:0
2026-05-24 17:17:59, EXEC, v:1, k:ed@multiset, mode:FULL, rate:0
2026-05-24 17:17:57, MOVE, v:1, k:ed@multiset, mode:EDIT
2026-05-24 17:16:52, MOVE, v:1, k:ed@multiset, mode:EDIT
2026-05-24 17:18:12, EXEC, v:1, k:ed@multiset, mode:FULL, rate:0, size:191
2026-05-24 17:18:24, EXEC, v:1, k:ed@multiset, mode:FULL, rate:0, size:192
2026-05-24 17:20:20, EXEC, v:1, k:ed@multiset, mode:FULL, rate:0, size:190
2026-05-24 17:21:10, EXEC, v:1, k:ed@multiset, mode:FULL, rate:0, size:190
2026-05-24 17:21:42, EXEC, v:1, k:ed@multiset, mode:FULL, rate:0
2026-05-24 17:22:35, EXEC, v:1, k:ed@multiset, mode:FULL, rate:0, size:191
2026-05-24 17:22:38, EXEC, v:1, k:ed@multiset, mode:FULL, rate:0
2026-05-24 17:22:40, EXEC, v:1, k:ed@multiset, mode:FREE
2026-05-24 17:22:34, MOVE, v:1, k:ed@multiset, mode:EDIT
2026-05-24 17:22:41, MOVE, v:1, k:ed@multiset, mode:EDIT
2026-05-24 17:23:36, EXEC, v:1, k:ed@multiset, mode:FULL, rate:0, size:191
2026-05-24 17:26:13, EXEC, v:1, k:ed@multiset, mode:FULL, rate:0, size:191
2026-05-24 17:26:17, EXEC, v:1, k:ed@multiset, mode:FULL, rate:0
2026-05-24 17:26:57, EXEC, v:1, k:ed@multiset, mode:FULL, rate:0, size:192
2026-05-24 17:27:34, EXEC, v:1, k:ed@multiset, mode:FULL, rate:0, size:191
2026-05-24 17:27:29, MOVE, v:1, k:ed@multiset, mode:EDIT
2026-05-24 17:27:32, MOVE, v:1, k:ed@multiset, mode:EDIT
2026-05-24 17:29:15, EXEC, v:1, k:ed@multiset, mode:FULL, rate:0, size:190
2026-05-24 17:29:18, EXEC, v:1, k:ed@multiset, mode:FULL, rate:0
2026-05-24 17:30:04, EXEC, v:1, k:ed@multiset, mode:FULL, rate:0, size:190
2026-05-24 17:31:05, EXEC, v:1, k:ed@multiset, mode:FULL, rate:0
2026-05-24 17:31:15, EXEC, v:1, k:ed@multiset, mode:FULL, size:190, fail:COMP
2026-05-24 17:31:16, EXEC, v:1, k:ed@multiset, mode:FULL, fail:COMP
2026-05-24 17:31:17, EXEC, v:1, k:ed@multiset, mode:FULL, fail:COMP
2026-05-24 17:31:18, EXEC, v:1, k:ed@multiset, mode:FULL, fail:COMP
2026-05-24 17:31:18, EXEC, v:1, k:ed@multiset, mode:FULL, fail:COMP
2026-05-24 17:31:19, EXEC, v:1, k:ed@multiset, mode:FULL, fail:COMP
2026-05-24 17:31:19, EXEC, v:1, k:ed@multiset, mode:FULL, fail:COMP
2026-05-24 17:31:19, EXEC, v:1, k:ed@multiset, mode:FULL, fail:COMP
2026-05-24 17:31:19, EXEC, v:1, k:ed@multiset, mode:FULL, fail:COMP
2026-05-24 17:31:30, EXEC, v:1, k:ed@multiset, mode:FULL, rate:0, size:190
2026-05-24 17:32:15, EXEC, v:1, k:ed@multiset, mode:FULL, rate:0, size:190
2026-05-24 17:32:47, EXEC, v:1, k:ed@multiset, mode:FULL, rate:0, size:191
2026-05-24 17:32:51, EXEC, v:1, k:ed@multiset, mode:FULL, rate:0
2026-05-24 17:32:43, MOVE, v:1, k:ed@multiset, mode:EDIT
2026-05-24 17:32:48, MOVE, v:1, k:ed@multiset, mode:EDIT
2026-05-24 17:33:40, EXEC, v:1, k:ed@multiset, mode:FULL, rate:0
2026-05-24 17:33:45, EXEC, v:1, k:ed@multiset, mode:FULL, rate:0, size:190
2026-05-24 17:34:01, EXEC, v:1, k:ed@multiset, mode:FULL, rate:0, size:190
2026-05-24 17:34:25, EXEC, v:1, k:ed@multiset, mode:FULL, rate:0
2026-05-24 17:34:32, EXEC, v:1, k:ed@multiset, mode:FULL, rate:0, size:190
2026-05-24 17:35:20, EXEC, v:1, k:ed@multiset, mode:FULL, rate:0, size:190
2026-05-24 17:35:29, EXEC, v:1, k:ed@multiset, mode:FULL, rate:0, size:190
2026-05-24 17:37:32, EXEC, v:1, k:ed@multiset, mode:FULL, rate:0, size:190
2026-05-24 17:37:32, MOVE, v:1, k:ed@multiset, mode:EDIT
2026-05-24 17:37:30, MOVE, v:1, k:ed@multiset, mode:EDIT
2026-05-24 17:38:35, EXEC, v:1, k:ed@multiset, mode:FULL, rate:0, size:194
2026-05-24 17:38:38, EXEC, v:1, k:ed@multiset, mode:FULL, rate:0
2026-05-24 17:38:57, EXEC, v:1, k:ed@multiset, mode:FULL, rate:0, size:195
2026-05-24 17:39:08, EXEC, v:1, k:ed@multiset, mode:FULL, rate:0, size:195
2026-05-24 17:39:32, EXEC, v:1, k:ed@multiset, mode:FULL, rate:0
2026-05-24 17:39:36, EXEC, v:1, k:ed@multiset, mode:FULL, rate:0, size:195
2026-05-24 17:41:26, EXEC, v:1, k:ed@multiset, mode:FULL, rate:0, size:195
2026-05-24 17:41:24, MOVE, v:1, k:ed@multiset, mode:EDIT
2026-05-24 17:41:26, MOVE, v:1, k:ed@multiset, mode:EDIT
2026-05-24 17:43:45, EXEC, v:1, k:ed@multiset, mode:FULL, rate:0, size:195
2026-05-24 17:47:29, EXEC, v:1, k:ed@multiset, mode:FULL, size:195, fail:COMP
2026-05-24 17:48:01, EXEC, v:1, k:ed@multiset, mode:FULL, rate:0, size:195
2026-05-24 17:47:59, MOVE, v:1, k:ed@multiset, mode:EDIT
2026-05-24 17:48:01, MOVE, v:1, k:ed@multiset, mode:EDIT
2026-05-24 17:49:18, EXEC, v:1, k:ed@multiset, mode:FULL, rate:0, size:196
2026-05-24 17:50:07, EXEC, v:1, k:ed@multiset, mode:FULL, rate:0, size:197
2026-05-24 17:51:46, EXEC, v:1, k:ed@multiset, mode:FULL, rate:0, size:197
2026-05-24 17:51:48, EXEC, v:1, k:ed@multiset, mode:FULL, rate:0
2026-05-24 17:52:03, EXEC, v:1, k:ed@multiset, mode:FULL, rate:0, size:197
2026-05-24 17:52:17, EXEC, v:1, k:ed@multiset, mode:FULL, rate:0, size:197
2026-05-24 17:52:42, EXEC, v:1, k:ed@multiset, mode:FULL, rate:0, size:197
2026-05-24 17:52:52, EXEC, v:1, k:ed@multiset, mode:FULL, rate:0, size:197
2026-05-24 17:52:53, EXEC, v:1, k:ed@multiset, mode:FULL, rate:0
2026-05-24 17:52:49, MOVE, v:1, k:ed@multiset, mode:EDIT
2026-05-24 17:52:53, MOVE, v:1, k:ed@multiset, mode:EDIT
2026-05-24 18:07:11, EXEC, v:1, k:ed@multiset, mode:FULL, rate:0
2026-05-24 18:08:50, MOVE, v:1, k:ed@multiset, mode:PICK
2026-05-24 18:08:59, EXEC, v:1, k:ed@multiset, mode:FULL, rate:0
2026-05-24 18:08:58, MOVE, v:1, k:ed@multiset, mode:EDIT
2026-05-24 18:09:10, MOVE, v:1, k:ed@multiset, mode:EDIT
2026-05-24 18:15:46, EXEC, v:1, k:ed@multiset, mode:FULL, rate:0, size:197
2026-05-24 18:15:48, EXEC, v:1, k:ed@multiset, mode:FULL, rate:0
2026-05-24 18:15:53, EXEC, v:1, k:ed@multiset, mode:FULL, rate:0, size:196
2026-05-24 18:16:06, EXEC, v:1, k:ed@multiset, mode:FULL, rate:0, size:196
2026-05-24 18:16:15, EXEC, v:1, k:ed@multiset, mode:FULL, rate:0, size:196
2026-05-24 18:16:21, EXEC, v:1, k:ed@multiset, mode:FULL, rate:0, size:196
2026-05-24 18:16:41, MOVE, v:1, k:ed@multiset, mode:BACK
2026-05-24 18:16:42, MOVE, v:1, k:ed@multiset, mode:PICK
2026-05-24 18:16:43, EXEC, v:1, k:ed@multiset, mode:FREE, size:196
2026-05-24 18:18:04, EXEC, v:1, k:ed@multiset, mode:FULL, rate:0, size:197
2026-05-24 18:18:08, EXEC, v:1, k:ed@multiset, mode:FULL, rate:0
2026-05-24 18:18:05, MOVE, v:1, k:ed@multiset, mode:EDIT
2026-05-24 18:18:06, MOVE, v:1, k:ed@multiset, mode:EDIT
2026-05-24 18:19:25, EXEC, v:1, k:ed@multiset, mode:FULL, rate:0, size:196
2026-05-24 18:21:00, EXEC, v:1, k:ed@multiset, mode:FREE
2026-05-24 18:21:11, EXEC, v:1, k:ed@multiset, mode:FREE
2026-05-24 18:21:38, EXEC, v:1, k:ed@multiset, mode:FULL, rate:0
2026-05-24 18:21:40, EXEC, v:1, k:ed@multiset, mode:FULL, rate:0
2026-05-24 18:21:46, EXEC, v:1, k:ed@multiset, mode:FULL, rate:0
2026-05-24 18:21:52, EXEC, v:1, k:ed@multiset, mode:FULL, rate:0, size:196
2026-05-24 18:21:54, EXEC, v:1, k:ed@multiset, mode:FULL, rate:0
2026-05-24 18:21:58, EXEC, v:1, k:ed@multiset, mode:FULL, rate:0, size:196
2026-05-24 18:21:59, EXEC, v:1, k:ed@multiset, mode:FULL, rate:0
2026-05-24 18:22:04, EXEC, v:1, k:ed@multiset, mode:FULL, rate:0, size:196
2026-05-24 18:22:12, EXEC, v:1, k:ed@multiset, mode:FULL, rate:0, size:196
2026-05-24 18:22:17, EXEC, v:1, k:ed@multiset, mode:FULL, rate:0, size:196
2026-05-24 18:22:29, EXEC, v:1, k:ed@multiset, mode:FULL, rate:0, size:196
2026-05-24 18:22:30, EXEC, v:1, k:ed@multiset, mode:FULL, rate:0
2026-05-24 18:22:32, EXEC, v:1, k:ed@multiset, mode:FULL, rate:0
2026-05-24 18:22:40, EXEC, v:1, k:ed@multiset, mode:FULL, rate:0
2026-05-24 18:22:41, EXEC, v:1, k:ed@multiset, mode:FULL, rate:0
2026-05-24 18:22:44, EXEC, v:1, k:ed@multiset, mode:FULL, rate:0
2026-05-24 18:22:49, EXEC, v:1, k:ed@multiset, mode:FULL, rate:0, size:196
2026-05-24 18:22:49, EXEC, v:1, k:ed@multiset, mode:FULL, rate:0
2026-05-24 18:22:53, MOVE, v:1, k:ed@multiset, mode:EDIT
2026-05-24 18:22:49, MOVE, v:1, k:ed@multiset, mode:EDIT
2026-05-24 18:24:01, EXEC, v:1, k:ed@multiset, mode:FULL, rate:0, size:196
2026-05-24 18:24:27, EXEC, v:1, k:ed@multiset, mode:FULL, rate:0, size:196
2026-05-24 18:24:29, EXEC, v:1, k:ed@multiset, mode:FULL, rate:0
2026-05-24 18:25:27, EXEC, v:1, k:ed@multiset, mode:FULL, rate:0, size:196
2026-05-24 18:25:55, EXEC, v:1, k:ed@multiset, mode:FULL, rate:0
2026-05-24 18:26:30, EXEC, v:1, k:ed@multiset, mode:FULL, rate:0, size:194
2026-05-24 18:27:46, EXEC, v:1, k:ed@multiset, mode:FULL, rate:0
2026-05-24 18:27:50, EXEC, v:1, k:ed@multiset, mode:FULL, rate:0, size:197
2026-05-24 18:27:49, MOVE, v:1, k:ed@multiset, mode:EDIT
2026-05-24 18:27:50, MOVE, v:1, k:ed@multiset, mode:EDIT
2026-05-24 18:29:14, EXEC, v:1, k:ed@multiset, mode:FULL, rate:0, size:197
2026-05-24 18:29:33, EXEC, v:1, k:ed@multiset, mode:FULL, rate:0, size:197
2026-05-24 18:29:31, MOVE, v:1, k:ed@multiset, mode:EDIT
2026-05-24 18:29:32, MOVE, v:1, k:ed@multiset, mode:EDIT
2026-05-24 18:35:00, EXEC, v:1, k:ed@multiset, mode:FULL, rate:0, size:197
2026-05-24 18:35:01, EXEC, v:1, k:ed@multiset, mode:FULL, rate:0
2026-05-24 18:35:04, EXEC, v:1, k:ed@multiset, mode:FULL, rate:0
2026-05-24 18:35:17, EXEC, v:1, k:ed@multiset, mode:FULL, rate:0
2026-05-24 18:35:33, MOVE, v:1, k:ed@multiset, mode:BACK
2026-05-24 18:35:46, MOVE, v:1, k:ed@especiais, mode:PICK
2026-05-24 18:37:17, EXEC, v:1, k:ed@especiais, mode:FULL, rate:0, size:132
2026-05-24 18:35:02, MOVE, v:1, k:ed@multiset, mode:EDIT
2026-05-24 18:35:17, MOVE, v:1, k:ed@multiset, mode:EDIT
2026-05-24 18:37:17, MOVE, v:1, k:ed@especiais, mode:EDIT
2026-05-24 18:39:52, MOVE, v:1, k:ed@especiais, mode:BACK
2026-05-24 18:40:31, SELF, v:1, k:ed@fractais_png, self:1, rate:100
2026-05-24 18:40:42, SELF, v:1, k:ed@recursao, self:1, rate:100
2026-05-24 18:40:53, SELF, v:1, k:ed@analise, self:1, rate:100
2026-05-24 18:41:45, MOVE, v:1, k:ed@pintando, mode:PICK
2026-05-24 18:41:46, EXEC, v:1, k:ed@pintando, mode:FULL, rate:100
2026-05-24 18:41:52, MOVE, v:1, k:ed@pintando, mode:BACK
2026-05-24 18:41:46, MOVE, v:1, k:ed@pintando, mode:EDIT
