2026-03-03 20:06:00, MOVE, v:1, k:sandbox@pintando, mode:PICK
2026-03-03 20:09:20, MOVE, v:1, k:sandbox@pintando, mode:BACK
2026-03-03 21:49:36, MOVE, v:1, k:sandbox@pintando, mode:PICK
2026-03-03 21:51:20, EXEC, v:1, k:sandbox@pintando, mode:LOCK, rate:0, size:28
2026-03-03 21:51:20, EXEC, v:1, k:sandbox@pintando, mode:LOCK, rate:0, size:28
2026-03-03 21:51:20, MOVE, v:1, k:sandbox@pintando, mode:BACK
2026-03-03 21:52:32, MOVE, v:1, k:sandbox@pintando, mode:PICK
2026-03-03 21:52:36, EXEC, v:1, k:sandbox@pintando, mode:LOCK, rate:0, size:28
2026-03-03 21:52:39, EXEC, v:1, k:sandbox@pintando, mode:LOCK, rate:0
2026-03-03 22:03:15, MOVE, v:1, k:sandbox@pintando, mode:BACK
2026-03-03 22:04:45, MOVE, v:1, k:ed@princesa, mode:DOWN
2026-03-03 22:04:46, MOVE, v:1, k:ed@princesa, mode:PICK
2026-03-03 22:05:39, MOVE, v:1, k:ed@princesa, mode:BACK
2026-03-03 22:05:44, MOVE, v:1, k:sandbox@pintando, mode:PICK
2026-03-03 22:06:17, EXEC, v:1, k:sandbox@pintando, mode:FULL, rate:0, size:28
2026-03-03 22:08:44, EXEC, v:1, k:sandbox@pintando, mode:FULL, rate:0, size:28
2026-03-03 22:08:54, EXEC, v:1, k:sandbox@pintando, mode:FULL, rate:0, size:28
2026-03-03 22:10:24, EXEC, v:1, k:sandbox@pintando, mode:FULL, rate:0, size:28
2026-03-03 22:10:28, EXEC, v:1, k:sandbox@pintando, mode:FULL, rate:0
2026-03-03 22:11:06, EXEC, v:1, k:sandbox@pintando, mode:FULL, rate:0, size:28
2026-03-03 22:11:25, EXEC, v:1, k:sandbox@pintando, mode:FULL, rate:0, size:28
2026-03-03 22:12:24, EXEC, v:1, k:sandbox@pintando, mode:FULL, rate:0
2026-03-03 22:13:31, EXEC, v:1, k:sandbox@pintando, mode:FULL, rate:0, size:28
2026-03-03 22:14:00, MOVE, v:1, k:sandbox@pintando, mode:PICK
2026-03-03 22:14:02, EXEC, v:1, k:sandbox@pintando, mode:FULL, rate:0
2026-03-03 22:23:29, EXEC, v:1, k:sandbox@pintando, mode:FULL, rate:0, size:28
2026-03-03 22:23:41, EXEC, v:1, k:sandbox@pintando, mode:FULL, rate:0, size:28
2026-03-03 22:23:50, EXEC, v:1, k:sandbox@pintando, mode:FULL, rate:100, size:28
2026-03-03 22:23:57, MOVE, v:1, k:sandbox@pintando, mode:BACK
2026-03-03 22:24:25, SELF, v:1, k:sandbox@pintando, self:1, rate:100, study:10
2026-03-03 22:27:43, MOVE, v:1, k:sandbox@mumia, mode:PICK
2026-03-03 22:36:19, EXEC, v:1, k:sandbox@mumia, mode:FULL, rate:50, size:27
2026-03-03 22:36:34, EXEC, v:1, k:sandbox@mumia, mode:FULL, rate:50, size:27
2026-03-03 22:37:28, EXEC, v:1, k:sandbox@mumia, mode:FULL, rate:100, size:28
2026-03-03 22:37:30, MOVE, v:1, k:sandbox@mumia, mode:BACK
2026-03-03 22:38:03, SELF, v:1, k:sandbox@mumia, self:1, rate:100
2026-03-03 22:41:04, MOVE, v:1, k:sandbox@fuga, mode:PICK
2026-03-03 22:47:03, MOVE, v:1, k:sandbox@fuga, mode:BACK
