2026-05-15 15:02:22, MOVE, v:1, k:ed@setbuild, mode:PICK
2026-05-15 15:02:49, EXEC, v:1, k:ed@setbuild, mode:FULL, rate:0
2026-05-15 15:04:18, EXEC, v:1, k:ed@setbuild, mode:FULL, rate:0, size:184
2026-05-15 15:04:19, EXEC, v:1, k:ed@setbuild, mode:FULL, rate:0
2026-05-15 15:04:20, EXEC, v:1, k:ed@setbuild, mode:FULL, rate:0
2026-05-15 15:04:50, EXEC, v:1, k:ed@setbuild, mode:FULL, rate:0, size:185
2026-05-15 15:04:54, EXEC, v:1, k:ed@setbuild, mode:FULL, rate:0
2026-05-15 15:04:57, EXEC, v:1, k:ed@setbuild, mode:FULL, rate:0
2026-05-15 15:05:33, EXEC, v:1, k:ed@setbuild, mode:FULL, rate:0
2026-05-15 15:06:01, EXEC, v:1, k:ed@setbuild, mode:FULL, rate:0
2026-05-15 15:06:51, EXEC, v:1, k:ed@setbuild, mode:FULL, rate:0, size:185
2026-05-15 15:06:55, EXEC, v:1, k:ed@setbuild, mode:FULL, rate:0
2026-05-15 15:06:55, MOVE, v:1, k:ed@setbuild, mode:EDIT
2026-05-15 15:06:50, MOVE, v:1, k:ed@setbuild, mode:EDIT
2026-05-15 15:08:27, EXEC, v:1, k:ed@setbuild, mode:FULL, rate:0, size:185
2026-05-15 15:08:30, EXEC, v:1, k:ed@setbuild, mode:FULL, rate:0
2026-05-15 15:09:00, EXEC, v:1, k:ed@setbuild, mode:FULL, rate:0
2026-05-15 15:09:02, EXEC, v:1, k:ed@setbuild, mode:FULL, rate:0
2026-05-15 15:10:46, EXEC, v:1, k:ed@setbuild, mode:FULL, rate:0, size:185
2026-05-15 15:12:18, MOVE, v:1, k:ed@setbuild, mode:EDIT
2026-05-15 15:10:46, MOVE, v:1, k:ed@setbuild, mode:EDIT
2026-05-15 15:12:27, EXEC, v:1, k:ed@setbuild, mode:FULL, rate:0, size:193
2026-05-15 15:14:08, EXEC, v:1, k:ed@setbuild, mode:FULL, rate:0, size:197
2026-05-15 15:14:54, EXEC, v:1, k:ed@setbuild, mode:FULL, rate:0, size:197
2026-05-15 15:14:58, EXEC, v:1, k:ed@setbuild, mode:FULL, rate:0
2026-05-15 15:16:16, EXEC, v:1, k:ed@setbuild, mode:FULL, rate:33, size:197
2026-05-15 15:17:03, EXEC, v:1, k:ed@setbuild, mode:FULL, size:199, fail:COMP
2026-05-15 15:17:05, EXEC, v:1, k:ed@setbuild, mode:FULL, rate:33
2026-05-15 15:17:18, EXEC, v:1, k:ed@setbuild, mode:FULL, rate:33, size:199
2026-05-15 15:17:16, MOVE, v:1, k:ed@setbuild, mode:EDIT
2026-05-15 15:17:18, MOVE, v:1, k:ed@setbuild, mode:EDIT
2026-05-15 15:17:24, EXEC, v:1, k:ed@setbuild, mode:FULL, rate:33
2026-05-15 15:18:08, EXEC, v:1, k:ed@setbuild, mode:FULL, rate:33, size:199
2026-05-15 15:18:26, EXEC, v:1, k:ed@setbuild, mode:FULL, rate:33, size:195
2026-05-15 15:21:15, EXEC, v:1, k:ed@setbuild, mode:FULL, rate:33, size:192
2026-05-15 15:21:15, MOVE, v:1, k:ed@setbuild, mode:EDIT
2026-05-15 15:21:13, MOVE, v:1, k:ed@setbuild, mode:EDIT
2026-05-15 15:34:11, EXEC, v:1, k:ed@setbuild, mode:FULL, rate:0, size:191
2026-05-15 15:34:13, EXEC, v:1, k:ed@setbuild, mode:FULL, rate:0
2026-05-15 15:34:13, EXEC, v:1, k:ed@setbuild, mode:FULL, rate:0
2026-05-15 15:35:35, EXEC, v:1, k:ed@setbuild, mode:FULL, rate:0, size:192
2026-05-15 15:35:37, EXEC, v:1, k:ed@setbuild, mode:FULL, rate:0
2026-05-15 15:36:09, EXEC, v:1, k:ed@setbuild, mode:FULL, rate:33, size:192
2026-05-15 15:36:46, EXEC, v:1, k:ed@setbuild, mode:FULL, rate:0, size:193
2026-05-15 15:36:45, MOVE, v:1, k:ed@setbuild, mode:EDIT
2026-05-15 15:36:46, MOVE, v:1, k:ed@setbuild, mode:EDIT
2026-05-15 15:37:35, EXEC, v:1, k:ed@setbuild, mode:FULL, rate:0, size:194
2026-05-15 15:38:13, EXEC, v:1, k:ed@setbuild, mode:FULL, rate:0, size:194
2026-05-15 15:39:13, EXEC, v:1, k:ed@setbuild, mode:FULL, rate:0, size:193
2026-05-15 15:39:34, EXEC, v:1, k:ed@setbuild, mode:FULL, rate:0, size:193
2026-05-15 15:40:05, EXEC, v:1, k:ed@setbuild, mode:FULL, rate:0, size:192
2026-05-15 15:41:16, EXEC, v:1, k:ed@setbuild, mode:FULL, rate:0, size:193
2026-05-15 15:41:42, EXEC, v:1, k:ed@setbuild, mode:FULL, rate:0, size:193
2026-05-15 15:42:00, MOVE, v:1, k:ed@setbuild, mode:EDIT
2026-05-15 15:41:42, MOVE, v:1, k:ed@setbuild, mode:EDIT
2026-05-15 15:43:10, EXEC, v:1, k:ed@setbuild, mode:FULL, rate:0, size:191
2026-05-15 15:47:19, MOVE, v:1, k:ed@setbuild, mode:EDIT
2026-05-15 15:43:10, MOVE, v:1, k:ed@setbuild, mode:EDIT
2026-05-15 15:48:33, EXEC, v:1, k:ed@setbuild, mode:FULL, rate:0, size:192
2026-05-15 15:48:40, EXEC, v:1, k:ed@setbuild, mode:FULL, rate:0
2026-05-15 15:48:52, EXEC, v:1, k:ed@setbuild, mode:FULL, rate:33, size:193
2026-05-15 15:49:36, EXEC, v:1, k:ed@setbuild, mode:FULL, rate:0, size:193
2026-05-15 15:52:14, MOVE, v:1, k:ed@setbuild, mode:EDIT
2026-05-15 15:49:36, MOVE, v:1, k:ed@setbuild, mode:EDIT
2026-05-15 15:57:05, EXEC, v:1, k:ed@setbuild, mode:FULL, rate:0, size:192
2026-05-15 15:57:03, MOVE, v:1, k:ed@setbuild, mode:EDIT
2026-05-15 15:57:05, MOVE, v:1, k:ed@setbuild, mode:EDIT
2026-05-15 15:57:45, EXEC, v:1, k:ed@setbuild, mode:FULL, size:193, fail:COMP
2026-05-15 15:57:47, EXEC, v:1, k:ed@setbuild, mode:FULL, rate:0, size:193
2026-05-15 15:59:18, EXEC, v:1, k:ed@setbuild, mode:FULL, rate:0, size:193
2026-05-15 15:59:32, EXEC, v:1, k:ed@setbuild, mode:FULL, rate:0, size:189
2026-05-15 16:02:04, MOVE, v:1, k:ed@setbuild, mode:EDIT
2026-05-15 15:59:32, MOVE, v:1, k:ed@setbuild, mode:EDIT
2026-05-15 16:04:52, EXEC, v:1, k:ed@setbuild, mode:FULL, rate:0, size:193
2026-05-15 16:06:06, EXEC, v:1, k:ed@setbuild, mode:FULL, rate:0
2026-05-15 16:06:14, EXEC, v:1, k:ed@setbuild, mode:FULL, rate:0, size:193
2026-05-15 16:06:20, EXEC, v:1, k:ed@setbuild, mode:FULL, rate:0, size:193
2026-05-15 16:06:47, EXEC, v:1, k:ed@setbuild, mode:FULL, rate:0, size:193
2026-05-15 16:07:15, EXEC, v:1, k:ed@setbuild, mode:FULL, rate:0, size:193
2026-05-15 16:07:15, MOVE, v:1, k:ed@setbuild, mode:EDIT
2026-05-15 16:07:15, MOVE, v:1, k:ed@setbuild, mode:EDIT
2026-05-15 16:08:10, EXEC, v:1, k:ed@setbuild, mode:FULL, rate:66, size:195
2026-05-15 16:08:26, EXEC, v:1, k:ed@setbuild, mode:FULL, rate:66, size:195
2026-05-15 16:08:30, EXEC, v:1, k:ed@setbuild, mode:FULL, rate:66
2026-05-15 16:10:01, EXEC, v:1, k:ed@setbuild, mode:FULL, rate:100, size:196
2026-05-15 16:10:03, MOVE, v:1, k:ed@setbuild, mode:BACK
2026-05-15 16:10:11, SELF, v:1, k:ed@setbuild, self:1, rate:100, study:200
2026-05-15 16:10:18, MOVE, v:1, k:ed@bettersearch, mode:DOWN
