2026-03-04 00:04:13, EXEC, v:1, k:sandbox@fuga, mode:FULL, rate:75, size:35
2026-03-04 00:08:03, EXEC, v:1, k:sandbox@fuga, mode:FULL, rate:75, size:35
2026-03-04 00:09:39, EXEC, v:1, k:sandbox@fuga, mode:FULL, size:35, fail:COMP
2026-03-04 00:10:14, EXEC, v:1, k:sandbox@fuga, mode:FULL, rate:75, size:35
2026-03-04 00:12:26, EXEC, v:1, k:sandbox@fuga, mode:FULL, rate:75, size:35
2026-03-04 00:12:40, EXEC, v:1, k:sandbox@fuga, mode:FULL, rate:75, size:35
2026-03-04 00:12:58, EXEC, v:1, k:sandbox@fuga, mode:FULL, rate:100, size:35
2026-03-04 00:12:59, MOVE, v:1, k:sandbox@fuga, mode:BACK
2026-03-04 00:13:20, SELF, v:1, k:sandbox@fuga, self:1, rate:100, study:15
2026-03-04 00:14:04, MOVE, v:1, k:sandbox@pedra, mode:PICK
2026-03-04 01:04:54, EXEC, v:1, k:sandbox@pedra, mode:FULL, rate:0, size:58
2026-03-04 01:07:19, EXEC, v:1, k:sandbox@pedra, mode:FULL, rate:0, size:60
2026-03-04 01:09:48, EXEC, v:1, k:sandbox@pedra, mode:FULL, rate:0, size:60
2026-03-04 01:13:35, EXEC, v:1, k:sandbox@pedra, mode:FULL, rate:0, size:61
2026-03-04 01:14:47, EXEC, v:1, k:sandbox@pedra, mode:FULL, rate:0, size:61
2026-03-04 01:17:10, EXEC, v:1, k:sandbox@pedra, mode:FULL, rate:0, size:61
2026-03-04 01:18:15, EXEC, v:1, k:sandbox@pedra, mode:FULL, rate:0, size:61
2026-03-04 01:18:24, EXEC, v:1, k:sandbox@pedra, mode:FULL, size:61, fail:COMP
2026-03-04 01:18:52, EXEC, v:1, k:sandbox@pedra, mode:FULL, rate:0, size:62
2026-03-04 01:20:39, EXEC, v:1, k:sandbox@pedra, mode:FULL, rate:0, size:61
2026-03-04 01:21:06, EXEC, v:1, k:sandbox@pedra, mode:FULL, rate:0, size:62
2026-03-04 01:22:45, EXEC, v:1, k:sandbox@pedra, mode:FULL, rate:0, size:61
2026-03-04 01:23:32, EXEC, v:1, k:sandbox@pedra, mode:FULL, size:61, fail:COMP
2026-03-04 01:23:35, EXEC, v:1, k:sandbox@pedra, mode:FULL, rate:0, size:60
2026-03-04 01:23:36, EXEC, v:1, k:sandbox@pedra, mode:FULL, rate:0
2026-03-04 01:24:46, EXEC, v:1, k:sandbox@pedra, mode:FULL, rate:0, size:60
2026-03-04 01:27:00, EXEC, v:1, k:sandbox@pedra, mode:FULL, rate:25, size:61
2026-03-04 01:27:36, EXEC, v:1, k:sandbox@pedra, mode:FULL, rate:0, size:61
2026-03-04 01:28:07, EXEC, v:1, k:sandbox@pedra, mode:FULL, rate:0, size:61
2026-03-04 01:28:12, EXEC, v:1, k:sandbox@pedra, mode:FULL, rate:0
2026-03-04 01:28:14, EXEC, v:1, k:sandbox@pedra, mode:FULL, rate:75, size:61
2026-03-04 01:29:04, EXEC, v:1, k:sandbox@pedra, mode:FULL, rate:100
2026-03-04 01:29:05, MOVE, v:1, k:sandbox@pedra, mode:BACK
2026-03-04 01:29:22, SELF, v:1, k:sandbox@pedra, self:1, rate:100, study:60
2026-03-04 01:52:15, MOVE, v:1, k:sandbox@casais, mode:PICK
2026-03-04 01:57:41, EXEC, v:1, k:sandbox@casais, mode:FULL, size:17, fail:COMP
2026-03-04 01:57:57, EXEC, v:1, k:sandbox@casais, mode:FULL, size:17, fail:COMP
2026-03-04 01:59:31, MOVE, v:1, k:sandbox@casais, mode:BACK
2026-03-04 02:00:21, MOVE, v:1, k:sandbox@gomos, mode:PICK
2026-03-04 02:00:33, MOVE, v:1, k:sandbox@gomos, mode:BACK
2026-03-04 02:01:02, MOVE, v:1, k:sandbox@gomos, mode:PICK
2026-03-04 02:25:01, EXEC, v:1, k:sandbox@gomos, mode:FULL, rate:0, size:71
2026-03-04 02:26:17, EXEC, v:1, k:sandbox@gomos, mode:FULL, rate:0, size:71
2026-03-04 02:26:29, EXEC, v:1, k:sandbox@gomos, mode:FULL, rate:0, size:71
2026-03-04 02:26:54, EXEC, v:1, k:sandbox@gomos, mode:FULL, rate:0, size:71
2026-03-04 02:28:26, EXEC, v:1, k:sandbox@gomos, mode:FULL, rate:0, size:71
2026-03-04 02:28:49, EXEC, v:1, k:sandbox@gomos, mode:FULL, rate:0, size:71
2026-03-04 02:29:16, EXEC, v:1, k:sandbox@gomos, mode:FULL, rate:0, size:71
2026-03-04 02:29:21, EXEC, v:1, k:sandbox@gomos, mode:FULL, rate:0
2026-03-04 02:29:34, EXEC, v:1, k:sandbox@gomos, mode:FULL, rate:0, size:71
2026-03-04 02:29:52, EXEC, v:1, k:sandbox@gomos, mode:FULL, rate:0, size:71
2026-03-04 02:30:52, EXEC, v:1, k:sandbox@gomos, mode:FULL, rate:0, size:71
2026-03-04 02:31:55, EXEC, v:1, k:sandbox@gomos, mode:FULL, rate:0, size:73
2026-03-04 02:33:10, EXEC, v:1, k:sandbox@gomos, mode:FULL, rate:0, size:74
2026-03-04 02:34:33, EXEC, v:1, k:sandbox@gomos, mode:FULL, rate:0, size:73
2026-03-04 02:35:39, EXEC, v:1, k:sandbox@gomos, mode:FULL, rate:0, size:73
2026-03-04 02:35:49, EXEC, v:1, k:sandbox@gomos, mode:FULL, rate:0
2026-03-04 02:36:37, EXEC, v:1, k:sandbox@gomos, mode:FULL, rate:0, size:73
2026-03-04 02:46:06, EXEC, v:1, k:sandbox@gomos, mode:FULL, rate:66, size:77
2026-03-04 02:48:05, EXEC, v:1, k:sandbox@gomos, mode:FULL, size:76, fail:COMP
2026-03-04 02:48:25, EXEC, v:1, k:sandbox@gomos, mode:FULL, rate:66, size:76
2026-03-04 02:49:53, MOVE, v:1, k:sandbox@gomos, mode:BACK
