2026-03-31 11:17:10, MOVE, v:1, k:ed@princesa, mode:PICK
2026-03-31 11:17:12, EXEC, v:1, k:ed@princesa, mode:FREE, size:113
2026-03-31 11:18:00, EXEC, v:1, k:ed@princesa, mode:FULL, rate:0
2026-03-31 11:18:47, EXEC, v:1, k:ed@princesa, mode:FULL, rate:0, size:113
2026-03-31 11:20:09, EXEC, v:1, k:ed@princesa, mode:FULL, rate:0, size:113
2026-03-31 11:20:53, EXEC, v:1, k:ed@princesa, mode:FULL, rate:0, size:114
2026-03-31 11:20:58, EXEC, v:1, k:ed@princesa, mode:FULL, rate:0
2026-03-31 11:21:19, EXEC, v:1, k:ed@princesa, mode:FULL, rate:0, size:114
2026-03-31 11:21:22, EXEC, v:1, k:ed@princesa, mode:FULL, rate:0
2026-03-31 11:22:00, EXEC, v:1, k:ed@princesa, mode:FULL, rate:0, size:114
2026-03-31 11:22:24, EXEC, v:1, k:ed@princesa, mode:FULL, rate:0, size:112
2026-03-31 11:23:15, EXEC, v:1, k:ed@princesa, mode:FULL, rate:0, size:114
2026-03-31 11:24:02, EXEC, v:1, k:ed@princesa, mode:FULL, rate:0, size:115
2026-03-31 11:26:18, EXEC, v:1, k:ed@princesa, mode:FULL, rate:0, size:116
2026-03-31 11:26:42, EXEC, v:1, k:ed@princesa, mode:FULL, rate:0
2026-03-31 11:26:58, EXEC, v:1, k:ed@princesa, mode:FULL, rate:0, size:116
2026-03-31 11:27:24, EXEC, v:1, k:ed@princesa, mode:FULL, rate:0, size:116
2026-03-31 11:27:41, EXEC, v:1, k:ed@princesa, mode:FULL, rate:0, size:116
2026-03-31 11:28:37, EXEC, v:1, k:ed@princesa, mode:FULL, rate:0, size:117
2026-03-31 11:28:51, EXEC, v:1, k:ed@princesa, mode:FULL, rate:0
2026-03-31 11:29:15, EXEC, v:1, k:ed@princesa, mode:FULL, rate:0, size:117
2026-03-31 11:29:31, EXEC, v:1, k:ed@princesa, mode:FREE
2026-03-31 11:30:48, EXEC, v:1, k:ed@princesa, mode:FULL, rate:0, size:118
2026-03-31 11:30:54, EXEC, v:1, k:ed@princesa, mode:FREE
2026-03-31 11:31:14, EXEC, v:1, k:ed@princesa, mode:FULL, rate:0, size:118
2026-03-31 11:32:49, EXEC, v:1, k:ed@princesa, mode:FULL, rate:0, size:118
2026-03-31 11:33:04, EXEC, v:1, k:ed@princesa, mode:FULL, rate:0, size:117
2026-03-31 11:33:13, EXEC, v:1, k:ed@princesa, mode:FULL, rate:0
2026-03-31 11:34:12, EXEC, v:1, k:ed@princesa, mode:FULL, rate:0, size:121
2026-03-31 11:34:55, EXEC, v:1, k:ed@princesa, mode:FULL, rate:0, size:118
2026-03-31 11:36:25, EXEC, v:1, k:ed@princesa, mode:FULL, rate:0, size:118
2026-03-31 11:36:31, MOVE, v:1, k:ed@princesa, mode:BACK
2026-03-31 11:36:33, MOVE, v:1, k:ed@princesa, mode:PICK
2026-03-31 11:36:34, EXEC, v:1, k:ed@princesa, mode:FREE
2026-03-31 11:38:03, EXEC, v:1, k:ed@princesa, mode:FULL, rate:0, size:118
2026-03-31 11:38:06, EXEC, v:1, k:ed@princesa, mode:FULL, rate:0
2026-03-31 11:38:16, EXEC, v:1, k:ed@princesa, mode:FULL, rate:0, size:118
2026-03-31 11:38:34, EXEC, v:1, k:ed@princesa, mode:FULL, rate:0
2026-03-31 11:38:35, EXEC, v:1, k:ed@princesa, mode:FULL, rate:0, size:117
2026-03-31 11:41:24, EXEC, v:1, k:ed@princesa, mode:FULL, rate:0, size:125
2026-03-31 11:42:35, EXEC, v:1, k:ed@princesa, mode:FULL, rate:0, size:127
2026-03-31 11:42:38, EXEC, v:1, k:ed@princesa, mode:FULL, rate:0
2026-03-31 11:42:43, EXEC, v:1, k:ed@princesa, mode:FULL, rate:0
2026-03-31 11:43:37, EXEC, v:1, k:ed@princesa, mode:FREE
2026-03-31 11:44:10, EXEC, v:1, k:ed@princesa, mode:FULL, rate:0
2026-03-31 11:44:17, EXEC, v:1, k:ed@princesa, mode:FULL, rate:0
2026-03-31 11:44:20, EXEC, v:1, k:ed@princesa, mode:FREE
2026-03-31 11:45:04, EXEC, v:1, k:ed@princesa, mode:FULL, rate:0, size:127
2026-03-31 11:46:07, MOVE, v:1, k:ed@princesa, mode:BACK
2026-03-31 11:46:08, MOVE, v:1, k:ed@princesa, mode:PICK
2026-03-31 11:46:09, EXEC, v:1, k:ed@princesa, mode:FREE, size:127
2026-03-31 11:47:19, EXEC, v:1, k:ed@princesa, mode:FULL, rate:0, size:127
2026-03-31 11:48:00, EXEC, v:1, k:ed@princesa, mode:FULL, rate:0, size:129
2026-03-31 11:48:34, EXEC, v:1, k:ed@princesa, mode:FULL, rate:0, size:129
2026-03-31 11:48:58, EXEC, v:1, k:ed@princesa, mode:FULL, rate:0, size:129
2026-03-31 11:49:11, EXEC, v:1, k:ed@princesa, mode:FULL, rate:0, size:129
2026-03-31 11:49:21, EXEC, v:1, k:ed@princesa, mode:FULL, rate:0
2026-03-31 11:49:51, EXEC, v:1, k:ed@princesa, mode:FULL, rate:0, size:129
2026-03-31 11:50:02, EXEC, v:1, k:ed@princesa, mode:FULL, rate:0, size:121
2026-03-31 11:51:05, EXEC, v:1, k:ed@princesa, mode:FULL, rate:0, size:121
2026-03-31 11:51:49, EXEC, v:1, k:ed@princesa, mode:FULL, rate:0, size:123
2026-03-31 11:52:26, EXEC, v:1, k:ed@princesa, mode:FULL, rate:0, size:123
2026-03-31 11:53:36, EXEC, v:1, k:ed@princesa, mode:FULL, rate:0, size:125
2026-03-31 11:54:04, EXEC, v:1, k:ed@princesa, mode:FULL, rate:0, size:125
2026-03-31 11:54:07, MOVE, v:1, k:ed@princesa, mode:BACK
2026-03-31 11:54:08, MOVE, v:1, k:ed@princesa, mode:PICK
2026-03-31 11:54:14, EXEC, v:1, k:ed@princesa, mode:FULL, rate:0, size:125
2026-03-31 11:54:16, MOVE, v:1, k:ed@princesa, mode:BACK
2026-03-31 11:54:17, MOVE, v:1, k:ed@princesa, mode:PICK
2026-03-31 11:54:21, EXEC, v:1, k:ed@princesa, mode:FULL, rate:0
2026-03-31 11:54:23, EXEC, v:1, k:ed@princesa, mode:FREE
2026-03-31 11:54:56, EXEC, v:1, k:ed@princesa, mode:FULL, rate:0, size:125
2026-03-31 11:56:13, EXEC, v:1, k:ed@princesa, mode:FULL, rate:0, size:125
2026-03-31 11:56:21, EXEC, v:1, k:ed@princesa, mode:FREE
2026-03-31 11:57:05, EXEC, v:1, k:ed@princesa, mode:FULL, rate:0, size:125
2026-03-31 11:57:28, EXEC, v:1, k:ed@princesa, mode:FULL, rate:0
2026-03-31 11:58:22, EXEC, v:1, k:ed@princesa, mode:FULL, rate:0, size:125
2026-03-31 12:00:22, EXEC, v:1, k:ed@princesa, mode:FULL, rate:0, size:121
2026-03-31 12:06:38, EXEC, v:1, k:ed@princesa, mode:FULL, rate:0, size:118
2026-03-31 12:07:22, EXEC, v:1, k:ed@princesa, mode:FULL, rate:0, size:118
2026-03-31 12:09:41, EXEC, v:1, k:ed@princesa, mode:FULL, rate:0, size:122
2026-03-31 12:11:51, EXEC, v:1, k:ed@princesa, mode:FULL, rate:0, size:129
2026-03-31 12:11:54, EXEC, v:1, k:ed@princesa, mode:FULL, rate:0
2026-03-31 12:12:08, EXEC, v:1, k:ed@princesa, mode:FULL, rate:0, size:122
2026-03-31 12:12:09, EXEC, v:1, k:ed@princesa, mode:FULL, rate:0, size:118
2026-03-31 12:14:18, MOVE, v:1, k:ed@princesa, mode:BACK
2026-03-31 18:38:32, MOVE, v:1, k:ed@manipulacao, mode:PICK
2026-03-31 18:40:11, MOVE, v:1, k:ed@manipulacao, mode:BACK
2026-03-31 18:40:22, MOVE, v:1, k:ed@princesa, mode:PICK
2026-03-31 18:40:40, EXEC, v:1, k:ed@princesa, mode:FULL, rate:0
2026-03-31 18:42:59, EXEC, v:1, k:ed@princesa, mode:FULL, rate:0
2026-03-31 18:46:28, EXEC, v:1, k:ed@princesa, mode:FULL, rate:0, size:120
2026-03-31 18:48:52, EXEC, v:1, k:ed@princesa, mode:FULL, rate:0, size:121
2026-03-31 18:49:08, EXEC, v:1, k:ed@princesa, mode:FULL, rate:0, size:122
2026-03-31 18:49:29, EXEC, v:1, k:ed@princesa, mode:FREE
2026-03-31 18:50:52, EXEC, v:1, k:ed@princesa, mode:FULL, rate:0, size:123
2026-03-31 18:52:05, EXEC, v:1, k:ed@princesa, mode:FULL, rate:0, size:123
2026-03-31 18:52:29, EXEC, v:1, k:ed@princesa, mode:FULL, rate:0, size:123
2026-03-31 18:52:35, EXEC, v:1, k:ed@princesa, mode:FULL, rate:0
2026-03-31 18:52:58, EXEC, v:1, k:ed@princesa, mode:FULL, rate:0, size:123
2026-03-31 18:53:15, EXEC, v:1, k:ed@princesa, mode:FULL, rate:0, size:123
2026-03-31 18:54:03, EXEC, v:1, k:ed@princesa, mode:FULL, rate:0, size:122
2026-03-31 18:54:15, EXEC, v:1, k:ed@princesa, mode:FULL, rate:0
2026-03-31 18:55:21, MOVE, v:1, k:ed@princesa, mode:BACK
2026-03-31 18:55:21, MOVE, v:1, k:ed@princesa, mode:PICK
2026-03-31 18:55:27, EXEC, v:1, k:ed@princesa, mode:FULL, rate:0
2026-03-31 18:55:27, EXEC, v:1, k:ed@princesa, mode:FREE
2026-03-31 18:57:30, EXEC, v:1, k:ed@princesa, mode:FULL, rate:0, size:122
2026-03-31 18:57:45, EXEC, v:1, k:ed@princesa, mode:FULL, rate:0, size:122
2026-03-31 19:05:15, EXEC, v:1, k:ed@princesa, mode:FULL, rate:0, size:112
2026-03-31 19:05:46, EXEC, v:1, k:ed@princesa, mode:FULL, rate:0, size:112
2026-03-31 19:05:55, EXEC, v:1, k:ed@princesa, mode:FULL, rate:0, size:112
2026-03-31 19:05:56, EXEC, v:1, k:ed@princesa, mode:FULL, rate:0
2026-03-31 19:06:23, EXEC, v:1, k:ed@princesa, mode:FULL, rate:0
2026-03-31 19:06:50, EXEC, v:1, k:ed@princesa, mode:FULL, rate:0, size:112
2026-03-31 19:06:52, EXEC, v:1, k:ed@princesa, mode:FULL, rate:0
2026-03-31 19:07:57, EXEC, v:1, k:ed@princesa, mode:FULL, rate:0, size:112
2026-03-31 19:08:21, EXEC, v:1, k:ed@princesa, mode:FULL, rate:0, size:112
2026-03-31 19:08:23, EXEC, v:1, k:ed@princesa, mode:FULL, rate:0
2026-03-31 19:08:31, EXEC, v:1, k:ed@princesa, mode:FULL, rate:0, size:112
2026-03-31 19:15:00, EXEC, v:1, k:ed@princesa, mode:FULL, rate:0
2026-03-31 19:15:31, EXEC, v:1, k:ed@princesa, mode:FULL, rate:0, size:112
2026-03-31 19:16:35, EXEC, v:1, k:ed@princesa, mode:FULL, rate:0, size:112
2026-03-31 19:16:41, EXEC, v:1, k:ed@princesa, mode:FULL, rate:0
2026-03-31 19:17:22, EXEC, v:1, k:ed@princesa, mode:FULL, rate:0, size:112
2026-03-31 19:17:44, EXEC, v:1, k:ed@princesa, mode:FULL, rate:0
2026-03-31 19:17:57, EXEC, v:1, k:ed@princesa, mode:FULL, rate:0, size:112
2026-03-31 19:18:14, EXEC, v:1, k:ed@princesa, mode:FULL, rate:0, size:112
2026-03-31 19:18:41, EXEC, v:1, k:ed@princesa, mode:FULL, rate:0, size:112
2026-03-31 19:18:51, EXEC, v:1, k:ed@princesa, mode:FULL, rate:0, size:112
2026-03-31 19:19:00, EXEC, v:1, k:ed@princesa, mode:FULL, rate:0, size:112
2026-03-31 19:19:19, EXEC, v:1, k:ed@princesa, mode:FULL, rate:0, size:112
2026-03-31 19:19:27, EXEC, v:1, k:ed@princesa, mode:FULL, rate:0, size:112
2026-03-31 19:24:19, EXEC, v:1, k:ed@princesa, mode:FULL, rate:0, size:118
2026-03-31 19:24:59, EXEC, v:1, k:ed@princesa, mode:FULL, rate:0, size:118
2026-03-31 19:25:26, EXEC, v:1, k:ed@princesa, mode:FULL, rate:0, size:118
2026-03-31 19:25:39, EXEC, v:1, k:ed@princesa, mode:FULL, rate:0
2026-03-31 19:26:03, EXEC, v:1, k:ed@princesa, mode:FREE
2026-03-31 19:26:45, EXEC, v:1, k:ed@princesa, mode:FULL, rate:0, size:118
2026-03-31 19:28:21, EXEC, v:1, k:ed@princesa, mode:FULL, rate:0, size:119
2026-03-31 19:29:05, EXEC, v:1, k:ed@princesa, mode:FULL, rate:0, size:119
2026-03-31 19:31:13, EXEC, v:1, k:ed@princesa, mode:FULL, rate:0, size:125
2026-03-31 19:32:40, EXEC, v:1, k:ed@princesa, mode:FULL, rate:0, size:125
2026-03-31 19:32:50, EXEC, v:1, k:ed@princesa, mode:FULL, rate:0, size:125
2026-03-31 19:32:53, EXEC, v:1, k:ed@princesa, mode:FULL, rate:0
2026-03-31 19:33:58, EXEC, v:1, k:ed@princesa, mode:FULL, rate:0, size:125
2026-03-31 19:34:17, EXEC, v:1, k:ed@princesa, mode:FULL, rate:0, size:125
2026-03-31 19:34:53, EXEC, v:1, k:ed@princesa, mode:FULL, rate:0, size:125
2026-03-31 19:35:46, EXEC, v:1, k:ed@princesa, mode:FULL, rate:0, size:125
2026-03-31 19:35:49, EXEC, v:1, k:ed@princesa, mode:FULL, rate:0
2026-03-31 19:35:59, EXEC, v:1, k:ed@princesa, mode:FULL, rate:0
2026-03-31 19:36:45, EXEC, v:1, k:ed@princesa, mode:FULL, rate:0, size:125
2026-03-31 19:37:46, EXEC, v:1, k:ed@princesa, mode:FULL, size:125, fail:COMP
2026-03-31 19:37:58, EXEC, v:1, k:ed@princesa, mode:FULL, rate:0, size:122
2026-03-31 19:38:24, EXEC, v:1, k:ed@princesa, mode:FULL, size:125, fail:COMP
2026-03-31 19:38:25, EXEC, v:1, k:ed@princesa, mode:FULL, fail:COMP
2026-03-31 19:38:28, EXEC, v:1, k:ed@princesa, mode:FULL, fail:COMP
2026-03-31 19:38:35, EXEC, v:1, k:ed@princesa, mode:FULL, fail:COMP
2026-03-31 19:38:48, EXEC, v:1, k:ed@princesa, mode:FULL, rate:0, size:125
2026-03-31 19:39:06, EXEC, v:1, k:ed@princesa, mode:FULL, rate:0, size:125
2026-03-31 19:39:29, EXEC, v:1, k:ed@princesa, mode:FULL, rate:0, size:125
2026-03-31 19:44:07, EXEC, v:1, k:ed@princesa, mode:FULL, rate:0, size:108
2026-03-31 19:45:31, EXEC, v:1, k:ed@princesa, mode:FULL, rate:0, size:109
2026-03-31 19:47:26, EXEC, v:1, k:ed@princesa, mode:FULL, rate:0, size:115
2026-03-31 19:48:27, EXEC, v:1, k:ed@princesa, mode:FULL, rate:0, size:115
2026-03-31 19:48:32, EXEC, v:1, k:ed@princesa, mode:FULL, rate:0
2026-03-31 19:50:56, EXEC, v:1, k:ed@princesa, mode:FULL, rate:0, size:115
2026-03-31 19:51:20, EXEC, v:1, k:ed@princesa, mode:FULL, rate:0, size:115
2026-03-31 19:51:49, EXEC, v:1, k:ed@princesa, mode:FULL, rate:0, size:115
2026-03-31 19:51:58, EXEC, v:1, k:ed@princesa, mode:FULL, rate:0, size:115
2026-03-31 19:54:38, EXEC, v:1, k:ed@princesa, mode:FULL, rate:0, size:115
2026-03-31 19:55:06, EXEC, v:1, k:ed@princesa, mode:FULL, rate:0, size:115
2026-03-31 19:56:11, EXEC, v:1, k:ed@princesa, mode:FULL, rate:0, size:121
2026-03-31 19:56:14, EXEC, v:1, k:ed@princesa, mode:FULL, rate:0
2026-03-31 19:57:50, EXEC, v:1, k:ed@princesa, mode:FULL, rate:0, size:127
2026-03-31 19:57:52, EXEC, v:1, k:ed@princesa, mode:FULL, rate:0
2026-03-31 19:58:10, EXEC, v:1, k:ed@princesa, mode:FULL, rate:0, size:127
2026-03-31 19:58:27, EXEC, v:1, k:ed@princesa, mode:FULL, rate:0, size:127
2026-03-31 19:59:20, EXEC, v:1, k:ed@princesa, mode:FULL, rate:0, size:127
2026-03-31 19:59:43, EXEC, v:1, k:ed@princesa, mode:FULL, rate:0, size:127
2026-03-31 19:59:56, EXEC, v:1, k:ed@princesa, mode:FULL, rate:0, size:127
2026-03-31 20:04:03, EXEC, v:1, k:ed@princesa, mode:FULL, rate:0, size:131
2026-03-31 20:06:01, EXEC, v:1, k:ed@princesa, mode:FULL, rate:0, size:131
2026-03-31 20:06:08, EXEC, v:1, k:ed@princesa, mode:FULL, rate:0, size:131
2026-03-31 20:06:29, EXEC, v:1, k:ed@princesa, mode:FULL, rate:0, size:131
2026-03-31 20:06:40, EXEC, v:1, k:ed@princesa, mode:FULL, rate:0, size:131
2026-03-31 20:07:33, EXEC, v:1, k:ed@princesa, mode:FULL, rate:0, size:131
2026-03-31 21:38:28, MOVE, v:1, k:ed@princesa, mode:PICK
2026-03-31 21:38:53, EXEC, v:1, k:ed@princesa, mode:FULL, rate:0, size:126
2026-03-31 21:41:45, EXEC, v:1, k:ed@princesa, mode:FULL, rate:0
2026-03-31 21:42:51, EXEC, v:1, k:ed@princesa, mode:FULL, rate:0
2026-03-31 21:43:42, EXEC, v:1, k:ed@princesa, mode:FULL, rate:0
2026-03-31 21:43:43, EXEC, v:1, k:ed@princesa, mode:FULL, rate:0
2026-03-31 21:44:35, EXEC, v:1, k:ed@princesa, mode:FULL, rate:0
2026-03-31 21:45:28, EXEC, v:1, k:ed@princesa, mode:FULL, rate:0, size:131
2026-03-31 21:46:05, EXEC, v:1, k:ed@princesa, mode:FULL, rate:0, size:131
2026-03-31 21:46:16, EXEC, v:1, k:ed@princesa, mode:FULL, rate:0, size:126
2026-03-31 21:47:57, EXEC, v:1, k:ed@princesa, mode:FULL, rate:0
2026-03-31 21:48:07, EXEC, v:1, k:ed@princesa, mode:FULL, rate:0, size:126
2026-03-31 21:48:40, EXEC, v:1, k:ed@princesa, mode:FULL, rate:0, size:126
2026-03-31 21:49:32, EXEC, v:1, k:ed@princesa, mode:FULL, rate:0
2026-03-31 21:50:23, EXEC, v:1, k:ed@princesa, mode:FULL, rate:0
2026-03-31 21:50:30, EXEC, v:1, k:ed@princesa, mode:FULL, rate:0, size:126
2026-03-31 21:50:46, EXEC, v:1, k:ed@princesa, mode:FULL, rate:0, size:109
2026-03-31 21:50:53, EXEC, v:1, k:ed@princesa, mode:FULL, rate:0, size:109
2026-03-31 21:50:55, EXEC, v:1, k:ed@princesa, mode:FULL, rate:0
2026-03-31 21:51:27, EXEC, v:1, k:ed@princesa, mode:FULL, rate:0
2026-03-31 21:51:28, EXEC, v:1, k:ed@princesa, mode:FULL, rate:0
2026-03-31 21:51:31, EXEC, v:1, k:ed@princesa, mode:FULL, rate:0, size:109
2026-03-31 21:52:23, EXEC, v:1, k:ed@princesa, mode:FULL, rate:0, size:109
2026-03-31 21:53:36, EXEC, v:1, k:ed@princesa, mode:FULL, rate:0, size:115
2026-03-31 21:54:59, EXEC, v:1, k:ed@princesa, mode:FULL, rate:0
2026-03-31 21:55:01, EXEC, v:1, k:ed@princesa, mode:FULL, rate:0, size:121
2026-03-31 21:56:13, EXEC, v:1, k:ed@princesa, mode:FULL, rate:0, size:122
2026-03-31 21:56:18, EXEC, v:1, k:ed@princesa, mode:FULL, rate:0
2026-03-31 22:00:40, EXEC, v:1, k:ed@princesa, mode:FULL, rate:0, size:122
2026-03-31 22:03:02, EXEC, v:1, k:ed@princesa, mode:FULL, rate:0, size:121
2026-03-31 22:04:47, EXEC, v:1, k:ed@princesa, mode:FULL, rate:0, size:121
2026-03-31 22:04:54, EXEC, v:1, k:ed@princesa, mode:FULL, rate:0, size:121
2026-03-31 22:05:22, EXEC, v:1, k:ed@princesa, mode:FULL, rate:0
2026-03-31 22:05:28, EXEC, v:1, k:ed@princesa, mode:FULL, rate:0, size:122
2026-03-31 22:07:51, EXEC, v:1, k:ed@princesa, mode:FULL, rate:0, size:124
2026-03-31 22:08:27, EXEC, v:1, k:ed@princesa, mode:FULL, rate:0, size:123
2026-03-31 22:10:58, EXEC, v:1, k:ed@princesa, mode:FULL, rate:0, size:126
2026-03-31 22:11:39, EXEC, v:1, k:ed@princesa, mode:FULL, rate:0, size:126
2026-03-31 22:11:58, EXEC, v:1, k:ed@princesa, mode:FULL, rate:0, size:126
2026-03-31 22:16:42, EXEC, v:1, k:ed@princesa, mode:FULL, rate:0, size:126
2026-03-31 22:23:25, EXEC, v:1, k:ed@princesa, mode:FULL, rate:0, size:109
2026-03-31 22:27:14, EXEC, v:1, k:ed@princesa, mode:FULL, size:114, fail:COMP
2026-03-31 22:27:46, EXEC, v:1, k:ed@princesa, mode:FULL, rate:0, size:116
2026-03-31 22:29:52, EXEC, v:1, k:ed@princesa, mode:FULL, rate:0, size:122
2026-03-31 22:30:04, EXEC, v:1, k:ed@princesa, mode:FULL, rate:0
2026-03-31 22:30:44, EXEC, v:1, k:ed@princesa, mode:FULL, rate:0
2026-03-31 22:31:43, EXEC, v:1, k:ed@princesa, mode:FULL, rate:0
2026-03-31 22:32:01, EXEC, v:1, k:ed@princesa, mode:FULL, rate:0, size:122
2026-03-31 22:32:26, EXEC, v:1, k:ed@princesa, mode:FULL, rate:0, size:122
2026-03-31 22:32:58, EXEC, v:1, k:ed@princesa, mode:FULL, rate:100, size:122
