2026-05-25 15:14:03, MOVE, v:1, k:ed@multiset, mode:PICK
2026-05-25 15:14:23, EXEC, v:1, k:ed@multiset, mode:FULL, rate:0
2026-05-25 15:14:23, MOVE, v:1, k:ed@multiset, mode:EDIT
2026-05-25 15:18:43, MOVE, v:1, k:ed@multiset, mode:EDIT
2026-05-25 15:20:22, EXEC, v:1, k:ed@multiset, mode:FULL, rate:0, size:197
2026-05-25 15:20:29, EXEC, v:1, k:ed@multiset, mode:FREE
2026-05-25 15:22:26, EXEC, v:1, k:ed@multiset, mode:FULL, rate:0, size:200
2026-05-25 15:22:51, EXEC, v:1, k:ed@multiset, mode:FULL, rate:0, size:201
2026-05-25 15:23:51, MOVE, v:1, k:ed@multiset, mode:EDIT
2026-05-25 15:22:51, MOVE, v:1, k:ed@multiset, mode:EDIT
2026-05-25 15:24:54, MOVE, v:1, k:ed@multiset, mode:EDIT
2026-05-25 15:36:41, MOVE, v:1, k:ed@multiset, mode:BACK
2026-05-25 15:37:14, MOVE, v:1, k:ed@multiset, mode:PICK
2026-05-25 15:37:17, EXEC, v:1, k:ed@multiset, mode:FULL, rate:0, size:196
2026-05-25 15:37:18, EXEC, v:1, k:ed@multiset, mode:FULL, rate:0
2026-05-25 15:37:20, EXEC, v:1, k:ed@multiset, mode:FULL, rate:0
2026-05-25 15:37:20, EXEC, v:1, k:ed@multiset, mode:FULL, rate:0
2026-05-25 15:37:21, EXEC, v:1, k:ed@multiset, mode:FULL, rate:0
2026-05-25 15:38:16, EXEC, v:1, k:ed@multiset, mode:FULL, rate:0, size:197
2026-05-25 15:38:39, EXEC, v:1, k:ed@multiset, mode:FULL, rate:0, size:197
2026-05-25 15:38:38, MOVE, v:1, k:ed@multiset, mode:EDIT
2026-05-25 15:38:38, MOVE, v:1, k:ed@multiset, mode:EDIT
2026-05-25 15:39:15, EXEC, v:1, k:ed@multiset, mode:FULL, rate:0, size:197
2026-05-25 15:39:56, EXEC, v:1, k:ed@multiset, mode:FULL, rate:0, size:199
2026-05-25 15:40:39, EXEC, v:1, k:ed@multiset, mode:FULL, rate:0, size:199
2026-05-25 15:40:42, EXEC, v:1, k:ed@multiset, mode:FULL, rate:0
2026-05-25 15:40:46, EXEC, v:1, k:ed@multiset, mode:FULL, rate:0, size:199
2026-05-25 15:41:51, MOVE, v:1, k:ed@multiset, mode:EDIT
2026-05-25 15:40:46, MOVE, v:1, k:ed@multiset, mode:EDIT
2026-05-25 15:52:29, EXEC, v:1, k:ed@multiset, mode:FULL, rate:0, size:199
2026-05-25 15:52:34, EXEC, v:1, k:ed@multiset, mode:FULL, rate:0, size:199
2026-05-25 15:52:33, MOVE, v:1, k:ed@multiset, mode:EDIT
2026-05-25 15:52:33, MOVE, v:1, k:ed@multiset, mode:EDIT
2026-05-25 16:02:59, MOVE, v:1, k:ed@multiset, mode:EDIT
2026-05-25 16:06:03, MOVE, v:1, k:ed@multiset, mode:BACK
2026-05-25 16:06:21, MOVE, v:1, k:sandbox@user_002, mode:PICK
2026-05-25 16:06:00, MOVE, v:1, k:ed@multiset, mode:EDIT
2026-05-25 16:07:47, MOVE, v:1, k:sandbox@user_002, mode:EDIT
2026-05-25 16:12:31, MOVE, v:1, k:sandbox@user_002, mode:EDIT
2026-05-25 16:13:57, EXEC, v:1, k:sandbox@user_002, mode:LOCK, rate:100, size:204
2026-05-25 16:14:01, EXEC, v:1, k:sandbox@user_002, mode:FREE
2026-05-25 16:17:39, MOVE, v:1, k:sandbox@user_002, mode:BACK
2026-05-25 16:17:47, MOVE, v:1, k:ed@multiset, mode:PICK
2026-05-25 16:17:33, MOVE, v:1, k:sandbox@user_002, mode:EDIT
2026-05-25 16:22:42, EXEC, v:1, k:ed@multiset, mode:FULL, rate:0, size:199
2026-05-25 16:22:31, MOVE, v:1, k:ed@multiset, mode:EDIT
2026-05-25 16:22:42, MOVE, v:1, k:ed@multiset, mode:EDIT
2026-05-25 16:28:51, MOVE, v:1, k:ed@multiset, mode:EDIT
2026-05-25 16:32:17, EXEC, v:1, k:ed@multiset, mode:FULL, rate:0, size:201
2026-05-25 16:32:34, MOVE, v:1, k:ed@multiset, mode:EDIT
2026-05-25 16:32:17, MOVE, v:1, k:ed@multiset, mode:EDIT
2026-05-25 16:47:24, EXEC, v:1, k:ed@multiset, mode:FULL, rate:0, size:199
2026-05-25 16:47:24, MOVE, v:1, k:ed@multiset, mode:EDIT
2026-05-25 16:53:56, MOVE, v:1, k:ed@multiset, mode:EDIT
2026-05-25 16:58:20, MOVE, v:1, k:ed@multiset, mode:EDIT
2026-05-25 16:59:26, MOVE, v:1, k:ed@multiset, mode:BACK
2026-05-25 16:59:45, MOVE, v:1, k:ed@queimada, mode:PICK
2026-05-25 17:01:56, MOVE, v:1, k:ed@queimada, mode:BACK
2026-05-25 17:02:21, SELF, v:1, k:ed@recursao, self:1, rate:100
2026-05-25 17:02:36, SELF, v:1, k:ed@analise, self:1
2026-05-25 17:03:16, MOVE, v:1, k:ed@multiset, mode:PICK
2026-05-25 17:58:12, MOVE, v:1, k:ed@multiset, mode:PICK
2026-05-25 17:59:38, EXEC, v:1, k:ed@multiset, mode:FULL, rate:0, size:205
2026-05-25 18:01:01, EXEC, v:1, k:ed@multiset, mode:FULL, rate:0, size:205
2026-05-25 18:01:17, EXEC, v:1, k:ed@multiset, mode:FULL, rate:0, size:205
2026-05-25 18:01:43, EXEC, v:1, k:ed@multiset, mode:FULL, rate:0, size:205
2026-05-25 18:01:55, EXEC, v:1, k:ed@multiset, mode:FULL, rate:0, size:205
2026-05-25 18:02:03, EXEC, v:1, k:ed@multiset, mode:FULL, rate:0
2026-05-25 18:02:29, EXEC, v:1, k:ed@multiset, mode:FULL, rate:0, size:205
2026-05-25 18:02:36, EXEC, v:1, k:ed@multiset, mode:FULL, rate:0
2026-05-25 18:03:04, MOVE, v:1, k:ed@multiset, mode:EDIT
2026-05-25 18:02:36, MOVE, v:1, k:ed@multiset, mode:EDIT
2026-05-25 18:03:09, EXEC, v:1, k:ed@multiset, mode:FULL, rate:0, size:205
2026-05-25 18:03:11, EXEC, v:1, k:ed@multiset, mode:FULL, rate:0
2026-05-25 18:03:21, EXEC, v:1, k:ed@multiset, mode:FULL, rate:0
2026-05-25 18:03:37, EXEC, v:1, k:ed@multiset, mode:FULL, rate:0, size:205
2026-05-25 18:04:06, EXEC, v:1, k:ed@multiset, mode:FULL, rate:0, size:205
2026-05-25 18:04:11, EXEC, v:1, k:ed@multiset, mode:FULL, rate:0, size:205
2026-05-25 18:04:14, EXEC, v:1, k:ed@multiset, mode:FULL, rate:0
2026-05-25 18:04:19, EXEC, v:1, k:ed@multiset, mode:FULL, rate:0, size:205
2026-05-25 18:04:20, EXEC, v:1, k:ed@multiset, mode:FULL, rate:0
2026-05-25 18:04:25, EXEC, v:1, k:ed@multiset, mode:FULL, rate:0, size:205
2026-05-25 18:05:34, EXEC, v:1, k:ed@multiset, mode:FULL, rate:0, size:205
2026-05-25 18:05:35, EXEC, v:1, k:ed@multiset, mode:FULL, rate:0
2026-05-25 18:05:40, EXEC, v:1, k:ed@multiset, mode:FULL, rate:0, size:205
2026-05-25 18:07:03, EXEC, v:1, k:ed@multiset, mode:FULL, rate:0, size:205
2026-05-25 18:07:04, EXEC, v:1, k:ed@multiset, mode:FULL, rate:0
2026-05-25 18:07:09, EXEC, v:1, k:ed@multiset, mode:FULL, rate:0
2026-05-25 18:07:13, EXEC, v:1, k:ed@multiset, mode:FULL, rate:0, size:205
2026-05-25 18:07:15, EXEC, v:1, k:ed@multiset, mode:FULL, rate:0
2026-05-25 18:07:24, EXEC, v:1, k:ed@multiset, mode:FULL, rate:16, size:205
2026-05-25 18:07:24, MOVE, v:1, k:ed@multiset, mode:EDIT
2026-05-25 18:07:23, MOVE, v:1, k:ed@multiset, mode:EDIT
2026-05-25 18:10:58, EXEC, v:1, k:ed@multiset, mode:FULL, rate:16, size:205
2026-05-25 18:11:02, EXEC, v:1, k:ed@multiset, mode:FULL, rate:16
2026-05-25 18:12:57, MOVE, v:1, k:ed@multiset, mode:EDIT
2026-05-25 18:11:02, MOVE, v:1, k:ed@multiset, mode:EDIT
2026-05-25 18:13:31, EXEC, v:1, k:ed@multiset, mode:FULL, rate:16, size:205
2026-05-25 18:13:42, EXEC, v:1, k:ed@multiset, mode:FULL, rate:16, size:205
2026-05-25 18:13:44, EXEC, v:1, k:ed@multiset, mode:FULL, rate:16
2026-05-25 18:13:47, EXEC, v:1, k:ed@multiset, mode:FULL, rate:16
2026-05-25 18:13:56, EXEC, v:1, k:ed@multiset, mode:FULL, rate:16
2026-05-25 18:14:07, MOVE, v:1, k:ed@multiset, mode:BACK
2026-05-25 18:14:11, MOVE, v:1, k:ed@bettersearch, mode:PICK
2026-05-25 18:14:44, MOVE, v:1, k:ed@bettersearch, mode:BACK
2026-05-25 18:15:31, MOVE, v:1, k:ed@multiset, mode:PICK
2026-05-25 18:15:32, EXEC, v:1, k:ed@multiset, mode:FULL, rate:16, size:205
2026-05-25 18:15:34, EXEC, v:1, k:ed@multiset, mode:FULL, rate:16
2026-05-25 18:16:51, EXEC, v:1, k:ed@multiset, mode:FULL, rate:16, size:208
2026-05-25 18:17:14, EXEC, v:1, k:ed@multiset, mode:FULL, rate:16, size:205
2026-05-25 18:17:23, EXEC, v:1, k:ed@multiset, mode:FULL, rate:16, size:205
2026-05-25 18:17:35, EXEC, v:1, k:ed@multiset, mode:FULL, rate:16, size:205
2026-05-25 18:17:37, EXEC, v:1, k:ed@multiset, mode:FULL, rate:16
2026-05-25 18:17:42, EXEC, v:1, k:ed@multiset, mode:FULL, rate:16, size:205
2026-05-25 18:17:44, EXEC, v:1, k:ed@multiset, mode:FULL, rate:16
2026-05-25 18:17:42, MOVE, v:1, k:ed@multiset, mode:EDIT
2026-05-25 18:17:44, MOVE, v:1, k:ed@multiset, mode:EDIT
2026-05-25 18:22:34, MOVE, v:1, k:ed@multiset, mode:BACK
2026-05-25 18:22:45, MOVE, v:1, k:ed@setbuild, mode:PICK
2026-05-25 18:24:20, MOVE, v:1, k:ed@setbuild, mode:BACK
2026-05-25 18:24:22, MOVE, v:1, k:ed@multiset, mode:PICK
2026-05-25 18:24:23, EXEC, v:1, k:ed@multiset, mode:FULL, rate:16
