2026-05-14 15:43:54, MOVE, v:1, k:ed@setbuild, mode:PICK
2026-05-14 15:44:20, EXEC, v:1, k:ed@setbuild, mode:FULL, rate:0
2026-05-14 15:43:41, MOVE, v:1, k:ed@setbuild, mode:EDIT
2026-05-14 15:43:41, MOVE, v:1, k:ed@setbuild, mode:EDIT
2026-05-14 15:43:41, MOVE, v:1, k:ed@setbuild, mode:EDIT
2026-05-14 15:43:41, MOVE, v:1, k:ed@setbuild, mode:EDIT
2026-05-14 15:43:41, MOVE, v:1, k:ed@vetbuild, mode:EDIT
2026-05-14 15:44:20, MOVE, v:1, k:ed@setbuild, mode:EDIT
2026-05-14 15:52:44, MOVE, v:1, k:ed@setbuild, mode:EDIT
2026-05-14 15:57:32, MOVE, v:1, k:ed@setbuild, mode:EDIT
2026-05-14 16:01:15, MOVE, v:1, k:ed@setbuild, mode:EDIT
2026-05-14 16:05:28, EXEC, v:1, k:ed@setbuild, mode:FULL, rate:0, size:182
2026-05-14 16:05:36, EXEC, v:1, k:ed@setbuild, mode:FULL, rate:0
2026-05-14 16:05:23, MOVE, v:1, k:ed@setbuild, mode:EDIT
2026-05-14 16:05:36, MOVE, v:1, k:ed@setbuild, mode:EDIT
2026-05-14 16:13:03, EXEC, v:1, k:ed@setbuild, mode:FULL, rate:0
2026-05-14 16:13:06, EXEC, v:1, k:ed@setbuild, mode:FULL, rate:0
2026-05-14 16:14:24, EXEC, v:1, k:ed@setbuild, mode:FULL, rate:0, size:182
2026-05-14 16:15:08, EXEC, v:1, k:ed@setbuild, mode:FULL, rate:0, size:183
2026-05-14 16:16:53, EXEC, v:1, k:ed@setbuild, mode:FULL, rate:0, size:184
2026-05-14 16:17:14, EXEC, v:1, k:ed@setbuild, mode:FULL, rate:0
2026-05-14 16:17:17, EXEC, v:1, k:ed@setbuild, mode:FULL, rate:0, size:183
2026-05-14 16:17:35, EXEC, v:1, k:ed@setbuild, mode:FULL, rate:0, size:183
2026-05-14 16:17:35, MOVE, v:1, k:ed@setbuild, mode:EDIT
2026-05-14 16:17:34, MOVE, v:1, k:ed@setbuild, mode:EDIT
2026-05-14 16:18:01, EXEC, v:1, k:ed@setbuild, mode:FULL, rate:0, size:183
2026-05-14 16:19:43, EXEC, v:1, k:ed@setbuild, mode:FULL, rate:0, size:183
2026-05-14 16:19:50, EXEC, v:1, k:ed@setbuild, mode:FULL, rate:0
2026-05-14 16:19:43, MOVE, v:1, k:ed@setbuild, mode:EDIT
2026-05-14 16:19:50, MOVE, v:1, k:ed@setbuild, mode:EDIT
2026-05-14 16:23:17, EXEC, v:1, k:ed@setbuild, mode:FULL, rate:0
2026-05-14 16:24:06, EXEC, v:1, k:ed@setbuild, mode:FULL, rate:0, size:183
2026-05-14 16:24:08, EXEC, v:1, k:ed@setbuild, mode:FULL, rate:0
2026-05-14 16:24:18, EXEC, v:1, k:ed@setbuild, mode:FULL, rate:0, size:183
2026-05-14 16:25:29, EXEC, v:1, k:ed@setbuild, mode:FULL, rate:0, size:184
2026-05-14 16:25:30, EXEC, v:1, k:ed@setbuild, mode:FULL, rate:0
2026-05-14 16:25:33, EXEC, v:1, k:ed@setbuild, mode:FULL, rate:0
2026-05-14 16:25:44, EXEC, v:1, k:ed@setbuild, mode:FULL, rate:0
2026-05-14 16:25:59, EXEC, v:1, k:ed@setbuild, mode:FULL, rate:0, size:184
2026-05-14 16:26:15, EXEC, v:1, k:ed@setbuild, mode:FULL, rate:0, size:184
2026-05-14 16:26:26, EXEC, v:1, k:ed@setbuild, mode:FULL, rate:0
2026-05-14 16:26:28, EXEC, v:1, k:ed@setbuild, mode:FULL, rate:0
2026-05-14 16:26:34, EXEC, v:1, k:ed@setbuild, mode:FULL, rate:0, size:184
2026-05-14 16:27:28, EXEC, v:1, k:ed@setbuild, mode:FULL, rate:0
2026-05-14 16:27:29, EXEC, v:1, k:ed@setbuild, mode:FULL, rate:0, size:184
2026-05-14 16:27:56, EXEC, v:1, k:ed@setbuild, mode:FULL, rate:0, size:184
2026-05-14 16:27:57, EXEC, v:1, k:ed@setbuild, mode:FULL, rate:0
2026-05-14 16:27:57, MOVE, v:1, k:ed@setbuild, mode:EDIT
2026-05-14 16:27:55, MOVE, v:1, k:ed@setbuild, mode:EDIT
2026-05-14 16:27:57, EXEC, v:1, k:ed@setbuild, mode:FULL, rate:0
2026-05-14 16:27:58, EXEC, v:1, k:ed@setbuild, mode:FULL, rate:0
2026-05-14 16:27:58, EXEC, v:1, k:ed@setbuild, mode:FULL, rate:0
2026-05-14 16:27:59, EXEC, v:1, k:ed@setbuild, mode:FULL, rate:0
2026-05-14 16:27:59, EXEC, v:1, k:ed@setbuild, mode:FULL, rate:0
2026-05-14 16:28:29, EXEC, v:1, k:ed@setbuild, mode:FULL, rate:0, size:190
2026-05-14 16:28:30, EXEC, v:1, k:ed@setbuild, mode:FULL, rate:0
2026-05-14 16:28:31, EXEC, v:1, k:ed@setbuild, mode:FULL, rate:0
2026-05-14 16:28:32, EXEC, v:1, k:ed@setbuild, mode:FULL, rate:0
2026-05-14 16:28:33, EXEC, v:1, k:ed@setbuild, mode:FULL, rate:0
2026-05-14 16:28:34, EXEC, v:1, k:ed@setbuild, mode:FULL, rate:0
2026-05-14 16:28:34, EXEC, v:1, k:ed@setbuild, mode:FULL, rate:0
2026-05-14 16:28:35, EXEC, v:1, k:ed@setbuild, mode:FULL, rate:0
2026-05-14 16:28:36, EXEC, v:1, k:ed@setbuild, mode:FULL, rate:0
2026-05-14 16:28:36, EXEC, v:1, k:ed@setbuild, mode:FULL, rate:0
2026-05-14 16:28:44, EXEC, v:1, k:ed@setbuild, mode:FULL, rate:0, size:191
2026-05-14 16:28:45, EXEC, v:1, k:ed@setbuild, mode:FULL, rate:0
2026-05-14 16:28:47, EXEC, v:1, k:ed@setbuild, mode:FULL, rate:0
2026-05-14 16:29:06, MOVE, v:1, k:ed@setbuild, mode:PICK
2026-05-14 16:29:12, EXEC, v:1, k:ed@setbuild, mode:FULL, rate:0, size:184
2026-05-14 16:29:20, EXEC, v:1, k:ed@setbuild, mode:FULL, rate:0, size:184
2026-05-14 16:29:22, EXEC, v:1, k:ed@setbuild, mode:FULL, rate:0
2026-05-14 16:29:31, EXEC, v:1, k:ed@setbuild, mode:FULL, rate:0, size:183
2026-05-14 16:29:30, MOVE, v:1, k:ed@setbuild, mode:EDIT
2026-05-14 16:29:31, MOVE, v:1, k:ed@setbuild, mode:EDIT
