2026-04-06 15:06:28, MOVE, v:1, k:ed@apagando, mode:PICK
2026-04-06 15:38:41, MOVE, v:1, k:ed@apagando, mode:BACK
2026-04-06 15:38:59, MOVE, v:1, k:ed@triangulo, mode:DOWN
2026-04-06 15:39:02, MOVE, v:1, k:ed@triangulo, mode:PICK
2026-04-06 15:44:05, MOVE, v:1, k:ed@triangulo, mode:BACK
2026-04-06 15:44:25, MOVE, v:1, k:ed@apagando, mode:PICK
2026-04-06 15:47:16, MOVE, v:1, k:ed@apagando, mode:BACK
2026-04-06 18:09:37, MOVE, v:1, k:ed@apagando, mode:PICK
2026-04-06 18:29:22, MOVE, v:1, k:ed@apagando, mode:BACK
2026-04-06 18:39:09, MOVE, v:1, k:ed@apagando, mode:PICK
2026-04-06 18:45:42, EXEC, v:1, k:ed@apagando, mode:FULL, size:66, fail:COMP
2026-04-06 18:45:53, EXEC, v:1, k:ed@apagando, mode:FULL, rate:0, size:66
2026-04-06 18:46:27, EXEC, v:1, k:ed@apagando, mode:FULL, rate:0, size:66
2026-04-06 18:47:25, MOVE, v:1, k:ed@apagando, mode:BACK
2026-04-06 18:51:44, MOVE, v:1, k:ed@fractais_png, mode:DOWN
2026-04-06 18:51:45, MOVE, v:1, k:ed@fractais_png, mode:PICK
2026-04-06 18:52:39, MOVE, v:1, k:ed@fractais_png, mode:BACK
2026-04-06 18:57:10, EXEC, v:1, k:src@go, mode:FREE, size:136
2026-04-06 19:09:08, MOVE, v:1, k:ed@triangulo, mode:PICK
2026-04-06 19:17:49, EXEC, v:1, k:ed@triangulo, mode:FULL, rate:0, size:63
2026-04-06 19:18:18, EXEC, v:1, k:ed@triangulo, mode:FULL, rate:0, size:64
2026-04-06 19:18:35, EXEC, v:1, k:ed@triangulo, mode:FULL, rate:0, size:63
