2026-03-23 18:48:56, MOVE, v:1, k:ed@princesa, mode:PICK
2026-03-23 18:48:59, EXEC, v:1, k:ed@princesa, mode:FULL, rate:0
2026-03-23 18:49:04, MOVE, v:1, k:ed@princesa, mode:BACK
2026-03-23 18:50:38, MOVE, v:1, k:ed@princesa, mode:PICK
2026-03-23 18:50:39, EXEC, v:1, k:ed@princesa, mode:FULL, rate:0
2026-03-23 18:56:35, EXEC, v:1, k:ed@princesa, mode:FULL, rate:0, size:75
2026-03-23 18:56:52, EXEC, v:1, k:ed@princesa, mode:FULL, rate:0, size:75
2026-03-23 18:56:57, EXEC, v:1, k:ed@princesa, mode:FULL, rate:0, size:75
2026-03-23 19:07:55, EXEC, v:1, k:ed@princesa, mode:FULL, rate:0, size:82
2026-03-23 19:07:56, MOVE, v:1, k:ed@princesa, mode:BACK
2026-03-23 19:07:59, MOVE, v:1, k:ed@apagando, mode:DOWN
2026-03-23 19:08:06, MOVE, v:1, k:ed@apagando, mode:PICK
2026-03-23 19:08:07, EXEC, v:1, k:ed@apagando, mode:FREE, size:4
2026-03-23 19:26:40, EXEC, v:1, k:ed@apagando, mode:FULL, rate:0, size:62
2026-03-23 19:28:51, EXEC, v:1, k:ed@apagando, mode:FULL, rate:0, size:66
2026-03-23 19:30:41, EXEC, v:1, k:ed@apagando, mode:FULL, rate:0, size:68
2026-03-23 19:31:28, EXEC, v:1, k:ed@apagando, mode:FULL, rate:0, size:68
2026-03-23 19:45:08, EXEC, v:1, k:ed@apagando, mode:FULL, rate:0, size:58
2026-03-23 19:45:29, EXEC, v:1, k:ed@apagando, mode:FULL, rate:0, size:56
2026-03-23 19:51:25, EXEC, v:1, k:ed@apagando, mode:FULL, rate:0, size:52
2026-03-23 19:53:00, EXEC, v:1, k:ed@apagando, mode:FULL, rate:0, size:56
2026-03-23 19:53:04, EXEC, v:1, k:ed@apagando, mode:FULL, rate:0
2026-03-23 19:55:02, EXEC, v:1, k:ed@apagando, mode:FULL, rate:0, size:61
2026-03-23 19:56:36, EXEC, v:1, k:ed@apagando, mode:FULL, rate:0, size:65
2026-03-23 19:58:31, EXEC, v:1, k:ed@apagando, mode:FULL, rate:33, size:67
2026-03-23 19:58:50, EXEC, v:1, k:ed@apagando, mode:FULL, rate:25
2026-03-23 19:58:52, EXEC, v:1, k:ed@apagando, mode:FULL, rate:33
2026-03-23 19:58:56, EXEC, v:1, k:ed@apagando, mode:FULL, rate:33
2026-03-23 19:58:58, EXEC, v:1, k:ed@apagando, mode:FULL, rate:33
2026-03-23 19:58:59, EXEC, v:1, k:ed@apagando, mode:FULL, rate:41
2026-03-23 19:59:00, EXEC, v:1, k:ed@apagando, mode:FULL, rate:41
2026-03-23 19:59:01, EXEC, v:1, k:ed@apagando, mode:FULL, rate:41
2026-03-23 19:59:03, EXEC, v:1, k:ed@apagando, mode:FULL, rate:50
2026-03-23 19:59:04, EXEC, v:1, k:ed@apagando, mode:FULL, rate:16
2026-03-23 19:59:05, EXEC, v:1, k:ed@apagando, mode:FULL, rate:50
2026-03-23 19:59:06, EXEC, v:1, k:ed@apagando, mode:FULL, rate:41
2026-03-23 19:59:07, EXEC, v:1, k:ed@apagando, mode:FULL, rate:58
2026-03-23 19:59:08, EXEC, v:1, k:ed@apagando, mode:FULL, rate:25
2026-03-23 19:59:09, EXEC, v:1, k:ed@apagando, mode:FULL, rate:41
2026-03-23 19:59:10, EXEC, v:1, k:ed@apagando, mode:FULL, rate:41
2026-03-23 19:59:11, EXEC, v:1, k:ed@apagando, mode:FULL, rate:33
2026-03-23 19:59:12, EXEC, v:1, k:ed@apagando, mode:FULL, rate:41
2026-03-23 19:59:12, EXEC, v:1, k:ed@apagando, mode:FULL, rate:41
2026-03-23 19:59:13, EXEC, v:1, k:ed@apagando, mode:FULL, rate:25
2026-03-23 19:59:14, EXEC, v:1, k:ed@apagando, mode:FULL, rate:41
2026-03-23 19:59:15, EXEC, v:1, k:ed@apagando, mode:FULL, rate:25
2026-03-23 19:59:16, EXEC, v:1, k:ed@apagando, mode:FULL, rate:25
2026-03-23 19:59:17, EXEC, v:1, k:ed@apagando, mode:FULL, rate:41
2026-03-23 19:59:18, EXEC, v:1, k:ed@apagando, mode:FULL, rate:41
2026-03-23 19:59:19, EXEC, v:1, k:ed@apagando, mode:FULL, rate:50
2026-03-23 19:59:20, EXEC, v:1, k:ed@apagando, mode:FULL, rate:16
2026-03-23 19:59:21, EXEC, v:1, k:ed@apagando, mode:FULL, rate:33
2026-03-23 19:59:22, EXEC, v:1, k:ed@apagando, mode:FULL, rate:41
2026-03-23 19:59:23, EXEC, v:1, k:ed@apagando, mode:FULL, rate:41
2026-03-23 19:59:23, EXEC, v:1, k:ed@apagando, mode:FULL, rate:41
2026-03-23 19:59:24, EXEC, v:1, k:ed@apagando, mode:FULL, rate:33
2026-03-23 19:59:27, EXEC, v:1, k:ed@apagando, mode:FULL, rate:41
2026-03-23 19:59:29, EXEC, v:1, k:ed@apagando, mode:FULL, rate:16
2026-03-23 19:59:31, EXEC, v:1, k:ed@apagando, mode:FULL, rate:41
2026-03-23 19:59:32, EXEC, v:1, k:ed@apagando, mode:FULL, rate:41
2026-03-23 19:59:33, EXEC, v:1, k:ed@apagando, mode:FULL, rate:16
2026-03-23 19:59:34, EXEC, v:1, k:ed@apagando, mode:FULL, rate:41
2026-03-23 19:59:35, EXEC, v:1, k:ed@apagando, mode:FULL, rate:41
2026-03-23 19:59:35, EXEC, v:1, k:ed@apagando, mode:FULL, rate:33
2026-03-23 19:59:36, EXEC, v:1, k:ed@apagando, mode:FULL, rate:41
2026-03-23 19:59:37, EXEC, v:1, k:ed@apagando, mode:FULL, rate:41
2026-03-23 19:59:38, EXEC, v:1, k:ed@apagando, mode:FULL, rate:41
2026-03-23 19:59:38, EXEC, v:1, k:ed@apagando, mode:FULL, rate:41
2026-03-23 19:59:39, EXEC, v:1, k:ed@apagando, mode:FULL, rate:66
2026-03-23 19:59:40, EXEC, v:1, k:ed@apagando, mode:FULL, rate:58
2026-03-23 19:59:41, EXEC, v:1, k:ed@apagando, mode:FULL, rate:41
2026-03-23 19:59:42, EXEC, v:1, k:ed@apagando, mode:FULL, rate:33
2026-03-23 19:59:43, EXEC, v:1, k:ed@apagando, mode:FULL, rate:58
2026-03-23 19:59:44, EXEC, v:1, k:ed@apagando, mode:FULL, rate:33
2026-03-23 19:59:45, EXEC, v:1, k:ed@apagando, mode:FULL, rate:25
2026-03-23 19:59:46, EXEC, v:1, k:ed@apagando, mode:FULL, rate:50
2026-03-23 19:59:47, EXEC, v:1, k:ed@apagando, mode:FULL, rate:50
2026-03-23 19:59:48, EXEC, v:1, k:ed@apagando, mode:FULL, rate:33
2026-03-23 19:59:49, EXEC, v:1, k:ed@apagando, mode:FULL, rate:33
2026-03-23 19:59:50, EXEC, v:1, k:ed@apagando, mode:FULL, rate:41
2026-03-23 19:59:51, EXEC, v:1, k:ed@apagando, mode:FULL, rate:58
2026-03-23 19:59:52, EXEC, v:1, k:ed@apagando, mode:FULL, rate:50
2026-03-23 19:59:53, EXEC, v:1, k:ed@apagando, mode:FULL, rate:25
2026-03-23 19:59:54, EXEC, v:1, k:ed@apagando, mode:FULL, rate:41
2026-03-23 19:59:56, EXEC, v:1, k:ed@apagando, mode:FULL, rate:50
2026-03-23 19:59:58, EXEC, v:1, k:ed@apagando, mode:FULL, rate:16
2026-03-23 19:59:59, EXEC, v:1, k:ed@apagando, mode:FULL, rate:41
2026-03-23 20:00:00, EXEC, v:1, k:ed@apagando, mode:FULL, rate:75
2026-03-23 20:00:06, EXEC, v:1, k:ed@apagando, mode:FULL, rate:58
2026-03-23 20:00:07, EXEC, v:1, k:ed@apagando, mode:FULL, rate:41
2026-03-23 20:00:08, EXEC, v:1, k:ed@apagando, mode:FULL, rate:25
2026-03-23 20:00:09, EXEC, v:1, k:ed@apagando, mode:FULL, rate:41
2026-03-23 20:00:10, EXEC, v:1, k:ed@apagando, mode:FULL, rate:33
2026-03-23 20:00:11, EXEC, v:1, k:ed@apagando, mode:FULL, rate:41
2026-03-23 20:00:12, EXEC, v:1, k:ed@apagando, mode:FULL, rate:58
2026-03-23 20:00:13, EXEC, v:1, k:ed@apagando, mode:FULL, rate:41
2026-03-23 20:00:14, EXEC, v:1, k:ed@apagando, mode:FULL, rate:41
2026-03-23 20:00:15, EXEC, v:1, k:ed@apagando, mode:FULL, rate:41
2026-03-23 20:00:16, EXEC, v:1, k:ed@apagando, mode:FULL, rate:33
2026-03-23 20:00:17, EXEC, v:1, k:ed@apagando, mode:FULL, rate:66
2026-03-23 20:00:18, EXEC, v:1, k:ed@apagando, mode:FULL, rate:41
2026-03-23 20:00:19, EXEC, v:1, k:ed@apagando, mode:FULL, rate:25
2026-03-23 20:00:20, EXEC, v:1, k:ed@apagando, mode:FULL, rate:33
2026-03-23 20:00:21, EXEC, v:1, k:ed@apagando, mode:FULL, rate:41
2026-03-23 20:00:22, EXEC, v:1, k:ed@apagando, mode:FULL, rate:33
2026-03-23 20:00:22, EXEC, v:1, k:ed@apagando, mode:FULL, rate:66
2026-03-23 20:00:23, EXEC, v:1, k:ed@apagando, mode:FULL, rate:58
2026-03-23 20:00:25, EXEC, v:1, k:ed@apagando, mode:FULL, rate:33
2026-03-23 20:00:26, EXEC, v:1, k:ed@apagando, mode:FULL, rate:50
2026-03-23 20:00:27, EXEC, v:1, k:ed@apagando, mode:FULL, rate:58
2026-03-23 20:00:28, EXEC, v:1, k:ed@apagando, mode:FULL, rate:66
2026-03-23 20:00:30, EXEC, v:1, k:ed@apagando, mode:FULL, rate:25
2026-03-23 20:00:31, EXEC, v:1, k:ed@apagando, mode:FULL, rate:25
2026-03-23 20:00:31, EXEC, v:1, k:ed@apagando, mode:FULL, rate:41
2026-03-23 20:00:32, EXEC, v:1, k:ed@apagando, mode:FULL, rate:50
2026-03-23 20:00:34, EXEC, v:1, k:ed@apagando, mode:FULL, rate:50
2026-03-23 20:00:35, EXEC, v:1, k:ed@apagando, mode:FULL, rate:58
2026-03-23 20:00:37, EXEC, v:1, k:ed@apagando, mode:FULL, rate:58
2026-03-23 20:00:38, EXEC, v:1, k:ed@apagando, mode:FULL, rate:41
2026-03-23 20:00:39, EXEC, v:1, k:ed@apagando, mode:FULL, rate:66
2026-03-23 20:00:40, EXEC, v:1, k:ed@apagando, mode:FULL, rate:33
2026-03-23 20:00:41, EXEC, v:1, k:ed@apagando, mode:FULL, rate:41
2026-03-23 20:00:43, EXEC, v:1, k:ed@apagando, mode:FULL, rate:50
2026-03-23 20:00:44, EXEC, v:1, k:ed@apagando, mode:FULL, rate:41
2026-03-23 20:00:45, EXEC, v:1, k:ed@apagando, mode:FULL, rate:41
2026-03-23 20:00:46, EXEC, v:1, k:ed@apagando, mode:FULL, rate:58
2026-03-23 20:00:47, EXEC, v:1, k:ed@apagando, mode:FULL, rate:50
2026-03-23 20:00:48, EXEC, v:1, k:ed@apagando, mode:FULL, rate:41
2026-03-23 20:00:49, EXEC, v:1, k:ed@apagando, mode:FULL, rate:41
2026-03-23 20:00:50, EXEC, v:1, k:ed@apagando, mode:FULL, rate:58
2026-03-23 20:00:51, EXEC, v:1, k:ed@apagando, mode:FULL, rate:41
2026-03-23 20:00:52, EXEC, v:1, k:ed@apagando, mode:FULL, rate:50
2026-03-23 20:00:53, EXEC, v:1, k:ed@apagando, mode:FULL, rate:16
2026-03-23 20:00:53, EXEC, v:1, k:ed@apagando, mode:FULL, rate:41
2026-03-23 20:00:54, EXEC, v:1, k:ed@apagando, mode:FULL, rate:41
2026-03-23 20:00:55, EXEC, v:1, k:ed@apagando, mode:FULL, rate:50
2026-03-23 20:00:56, EXEC, v:1, k:ed@apagando, mode:FULL, rate:33
2026-03-23 20:00:57, EXEC, v:1, k:ed@apagando, mode:FULL, rate:25
2026-03-23 20:00:58, EXEC, v:1, k:ed@apagando, mode:FULL, rate:25
2026-03-23 20:00:59, EXEC, v:1, k:ed@apagando, mode:FULL, rate:25
2026-03-23 20:01:00, EXEC, v:1, k:ed@apagando, mode:FULL, rate:66
2026-03-23 20:01:01, EXEC, v:1, k:ed@apagando, mode:FULL, rate:33
2026-03-23 20:01:01, EXEC, v:1, k:ed@apagando, mode:FULL, rate:41
2026-03-23 20:01:02, EXEC, v:1, k:ed@apagando, mode:FULL, rate:33
2026-03-23 20:01:03, EXEC, v:1, k:ed@apagando, mode:FULL, rate:66
2026-03-23 20:01:04, EXEC, v:1, k:ed@apagando, mode:FULL, rate:41
2026-03-23 20:01:05, EXEC, v:1, k:ed@apagando, mode:FULL, rate:41
2026-03-23 20:01:06, EXEC, v:1, k:ed@apagando, mode:FULL, rate:50
2026-03-23 20:01:07, EXEC, v:1, k:ed@apagando, mode:FULL, rate:8
2026-03-23 20:01:08, EXEC, v:1, k:ed@apagando, mode:FULL, rate:58
2026-03-23 20:01:09, EXEC, v:1, k:ed@apagando, mode:FULL, rate:50
2026-03-23 20:01:10, EXEC, v:1, k:ed@apagando, mode:FULL, rate:41
2026-03-23 20:01:11, EXEC, v:1, k:ed@apagando, mode:FULL, rate:41
2026-03-23 20:01:12, EXEC, v:1, k:ed@apagando, mode:FULL, rate:50
2026-03-23 20:01:13, EXEC, v:1, k:ed@apagando, mode:FULL, rate:50
2026-03-23 20:01:14, EXEC, v:1, k:ed@apagando, mode:FULL, rate:41
2026-03-23 20:01:14, EXEC, v:1, k:ed@apagando, mode:FULL, rate:41
2026-03-23 20:01:15, EXEC, v:1, k:ed@apagando, mode:FULL, rate:50
2026-03-23 20:01:16, EXEC, v:1, k:ed@apagando, mode:FULL, rate:25
2026-03-23 20:01:17, EXEC, v:1, k:ed@apagando, mode:FULL, rate:25
2026-03-23 20:01:18, EXEC, v:1, k:ed@apagando, mode:FULL, rate:33
2026-03-23 20:01:20, EXEC, v:1, k:ed@apagando, mode:FULL, rate:25
2026-03-23 20:01:21, EXEC, v:1, k:ed@apagando, mode:FULL, rate:41
2026-03-23 20:01:21, EXEC, v:1, k:ed@apagando, mode:FULL, rate:33
2026-03-23 20:01:22, EXEC, v:1, k:ed@apagando, mode:FULL, rate:33
2026-03-23 20:01:24, EXEC, v:1, k:ed@apagando, mode:FULL, rate:41
2026-03-23 20:01:25, EXEC, v:1, k:ed@apagando, mode:FULL, rate:50
2026-03-23 20:01:25, EXEC, v:1, k:ed@apagando, mode:FULL, rate:50
2026-03-23 20:01:27, EXEC, v:1, k:ed@apagando, mode:FULL, rate:33
2026-03-23 20:01:27, EXEC, v:1, k:ed@apagando, mode:FULL, rate:66
2026-03-23 20:01:29, EXEC, v:1, k:ed@apagando, mode:FULL, rate:50
2026-03-23 20:01:29, EXEC, v:1, k:ed@apagando, mode:FULL, rate:25
2026-03-23 20:01:30, EXEC, v:1, k:ed@apagando, mode:FULL, rate:41
2026-03-23 20:01:31, EXEC, v:1, k:ed@apagando, mode:FULL, rate:33
2026-03-23 20:01:32, EXEC, v:1, k:ed@apagando, mode:FULL, rate:41
2026-03-23 20:01:33, EXEC, v:1, k:ed@apagando, mode:FULL, rate:41
2026-03-23 20:01:34, EXEC, v:1, k:ed@apagando, mode:FULL, rate:75
2026-03-23 20:01:34, EXEC, v:1, k:ed@apagando, mode:FULL, rate:25
2026-03-23 20:01:35, EXEC, v:1, k:ed@apagando, mode:FULL, rate:41
2026-03-23 20:01:36, EXEC, v:1, k:ed@apagando, mode:FULL, rate:8
2026-03-23 20:01:37, EXEC, v:1, k:ed@apagando, mode:FULL, rate:33
2026-03-23 20:01:38, EXEC, v:1, k:ed@apagando, mode:FULL, rate:58
2026-03-23 20:01:39, EXEC, v:1, k:ed@apagando, mode:FULL, rate:33
2026-03-23 20:01:40, EXEC, v:1, k:ed@apagando, mode:FULL, rate:16
2026-03-23 20:01:41, EXEC, v:1, k:ed@apagando, mode:FULL, rate:58
2026-03-23 20:01:42, EXEC, v:1, k:ed@apagando, mode:FULL, rate:41
2026-03-23 20:01:43, EXEC, v:1, k:ed@apagando, mode:FULL, rate:25
2026-03-23 20:01:44, EXEC, v:1, k:ed@apagando, mode:FULL, rate:50
2026-03-23 20:01:44, EXEC, v:1, k:ed@apagando, mode:FULL, rate:16
2026-03-23 20:01:45, EXEC, v:1, k:ed@apagando, mode:FULL, rate:58
2026-03-23 20:01:46, EXEC, v:1, k:ed@apagando, mode:FULL, rate:33
2026-03-23 20:01:47, EXEC, v:1, k:ed@apagando, mode:FULL, rate:41
2026-03-23 20:01:48, EXEC, v:1, k:ed@apagando, mode:FULL, rate:25
2026-03-23 20:01:49, EXEC, v:1, k:ed@apagando, mode:FULL, rate:16
2026-03-23 20:01:50, EXEC, v:1, k:ed@apagando, mode:FULL, rate:33
2026-03-23 20:01:50, EXEC, v:1, k:ed@apagando, mode:FULL, rate:41
2026-03-23 20:01:51, EXEC, v:1, k:ed@apagando, mode:FULL, rate:58
2026-03-23 20:01:52, EXEC, v:1, k:ed@apagando, mode:FULL, rate:33
2026-03-23 20:01:53, EXEC, v:1, k:ed@apagando, mode:FULL, rate:41
2026-03-23 20:01:54, EXEC, v:1, k:ed@apagando, mode:FULL, rate:58
2026-03-23 20:01:55, EXEC, v:1, k:ed@apagando, mode:FULL, rate:50
2026-03-23 20:01:56, EXEC, v:1, k:ed@apagando, mode:FULL, rate:50
2026-03-23 20:01:57, EXEC, v:1, k:ed@apagando, mode:FULL, rate:66
2026-03-23 20:01:58, EXEC, v:1, k:ed@apagando, mode:FULL, rate:25
2026-03-23 20:01:58, EXEC, v:1, k:ed@apagando, mode:FULL, rate:25
2026-03-23 20:01:59, EXEC, v:1, k:ed@apagando, mode:FULL, rate:33
2026-03-23 20:02:00, EXEC, v:1, k:ed@apagando, mode:FULL, rate:25
2026-03-23 20:02:01, EXEC, v:1, k:ed@apagando, mode:FULL, rate:58
2026-03-23 20:02:02, EXEC, v:1, k:ed@apagando, mode:FULL, rate:33
2026-03-23 20:02:03, EXEC, v:1, k:ed@apagando, mode:FULL, rate:58
2026-03-23 20:02:04, EXEC, v:1, k:ed@apagando, mode:FULL, rate:41
2026-03-23 20:02:05, EXEC, v:1, k:ed@apagando, mode:FULL, rate:41
2026-03-23 20:02:06, EXEC, v:1, k:ed@apagando, mode:FULL, rate:25
2026-03-23 20:02:07, EXEC, v:1, k:ed@apagando, mode:FULL, rate:25
2026-03-23 20:02:08, EXEC, v:1, k:ed@apagando, mode:FULL, rate:33
2026-03-23 20:02:09, EXEC, v:1, k:ed@apagando, mode:FULL, rate:41
2026-03-23 20:02:09, EXEC, v:1, k:ed@apagando, mode:FULL, rate:50
2026-03-23 20:02:10, EXEC, v:1, k:ed@apagando, mode:FULL, rate:33
2026-03-23 20:02:11, EXEC, v:1, k:ed@apagando, mode:FULL, rate:41
2026-03-23 20:02:12, EXEC, v:1, k:ed@apagando, mode:FULL, rate:33
2026-03-23 20:02:13, EXEC, v:1, k:ed@apagando, mode:FULL, rate:33
2026-03-23 20:02:14, EXEC, v:1, k:ed@apagando, mode:FULL, rate:33
2026-03-23 20:02:15, EXEC, v:1, k:ed@apagando, mode:FULL, rate:33
2026-03-23 20:02:15, EXEC, v:1, k:ed@apagando, mode:FULL, rate:41
2026-03-23 20:02:16, EXEC, v:1, k:ed@apagando, mode:FULL, rate:50
2026-03-23 20:02:17, EXEC, v:1, k:ed@apagando, mode:FULL, rate:41
2026-03-23 20:02:18, EXEC, v:1, k:ed@apagando, mode:FULL, rate:50
2026-03-23 20:02:19, EXEC, v:1, k:ed@apagando, mode:FULL, rate:50
2026-03-23 20:02:21, EXEC, v:1, k:ed@apagando, mode:FULL, rate:25
2026-03-23 20:02:22, EXEC, v:1, k:ed@apagando, mode:FULL, rate:25
2026-03-23 20:02:22, EXEC, v:1, k:ed@apagando, mode:FULL, rate:33
2026-03-23 20:02:23, EXEC, v:1, k:ed@apagando, mode:FULL, rate:50
2026-03-23 20:02:24, EXEC, v:1, k:ed@apagando, mode:FULL, rate:25
2026-03-23 20:02:25, EXEC, v:1, k:ed@apagando, mode:FULL, rate:25
2026-03-23 20:02:26, EXEC, v:1, k:ed@apagando, mode:FULL, rate:41
2026-03-23 20:02:27, EXEC, v:1, k:ed@apagando, mode:FULL, rate:41
2026-03-23 20:02:28, EXEC, v:1, k:ed@apagando, mode:FULL, rate:33
2026-03-23 20:02:29, EXEC, v:1, k:ed@apagando, mode:FULL, rate:58
2026-03-23 20:02:30, EXEC, v:1, k:ed@apagando, mode:FULL, rate:50
2026-03-23 20:02:31, EXEC, v:1, k:ed@apagando, mode:FULL, rate:66
2026-03-23 20:02:32, EXEC, v:1, k:ed@apagando, mode:FULL, rate:58
2026-03-23 20:02:32, EXEC, v:1, k:ed@apagando, mode:FULL, rate:41
2026-03-23 20:02:33, EXEC, v:1, k:ed@apagando, mode:FULL, rate:58
2026-03-23 20:02:35, EXEC, v:1, k:ed@apagando, mode:FULL, rate:41
2026-03-23 20:02:36, EXEC, v:1, k:ed@apagando, mode:FULL, rate:25
2026-03-23 20:02:38, EXEC, v:1, k:ed@apagando, mode:FULL, rate:41
2026-03-23 20:02:39, EXEC, v:1, k:ed@apagando, mode:FULL, rate:41
2026-03-23 20:02:41, EXEC, v:1, k:ed@apagando, mode:FULL, rate:33
2026-03-23 20:02:45, EXEC, v:1, k:ed@apagando, mode:FULL, rate:41
2026-03-23 20:02:46, EXEC, v:1, k:ed@apagando, mode:FULL, rate:33
2026-03-23 20:02:47, EXEC, v:1, k:ed@apagando, mode:FULL, rate:33
2026-03-23 20:02:48, EXEC, v:1, k:ed@apagando, mode:FULL, rate:50
2026-03-23 20:02:49, EXEC, v:1, k:ed@apagando, mode:FULL, rate:41
2026-03-23 20:02:50, EXEC, v:1, k:ed@apagando, mode:FULL, rate:41
2026-03-23 20:02:51, EXEC, v:1, k:ed@apagando, mode:FULL, rate:58
2026-03-23 20:02:53, EXEC, v:1, k:ed@apagando, mode:FULL, rate:50
2026-03-23 20:02:54, EXEC, v:1, k:ed@apagando, mode:FULL, rate:33
2026-03-23 20:02:59, EXEC, v:1, k:ed@apagando, mode:FULL, rate:25
2026-03-23 20:03:00, EXEC, v:1, k:ed@apagando, mode:FULL, rate:41
2026-03-23 20:03:01, EXEC, v:1, k:ed@apagando, mode:FULL, rate:41
2026-03-23 20:03:02, EXEC, v:1, k:ed@apagando, mode:FULL, rate:25
2026-03-23 20:03:03, EXEC, v:1, k:ed@apagando, mode:FULL, rate:41
2026-03-23 20:03:04, EXEC, v:1, k:ed@apagando, mode:FULL, rate:41
2026-03-23 20:03:04, EXEC, v:1, k:ed@apagando, mode:FULL, rate:25
2026-03-23 20:03:05, EXEC, v:1, k:ed@apagando, mode:FULL, rate:41
2026-03-23 20:03:06, EXEC, v:1, k:ed@apagando, mode:FULL, rate:33
2026-03-23 20:03:07, EXEC, v:1, k:ed@apagando, mode:FULL, rate:58
2026-03-23 20:03:08, EXEC, v:1, k:ed@apagando, mode:FULL, rate:41
2026-03-23 20:03:09, EXEC, v:1, k:ed@apagando, mode:FULL, rate:66
2026-03-23 20:03:10, EXEC, v:1, k:ed@apagando, mode:FULL, rate:25
2026-03-23 20:03:11, EXEC, v:1, k:ed@apagando, mode:FULL, rate:41
2026-03-23 20:03:11, EXEC, v:1, k:ed@apagando, mode:FULL, rate:41
2026-03-23 20:03:12, EXEC, v:1, k:ed@apagando, mode:FULL, rate:41
2026-03-23 20:03:13, EXEC, v:1, k:ed@apagando, mode:FULL, rate:41
2026-03-23 20:03:14, EXEC, v:1, k:ed@apagando, mode:FULL, rate:50
2026-03-23 20:03:15, EXEC, v:1, k:ed@apagando, mode:FULL, rate:75
2026-03-23 20:03:16, EXEC, v:1, k:ed@apagando, mode:FULL, rate:75
2026-03-23 20:03:18, EXEC, v:1, k:ed@apagando, mode:FULL, rate:50
2026-03-23 20:03:19, EXEC, v:1, k:ed@apagando, mode:FULL, rate:33
2026-03-23 20:03:20, EXEC, v:1, k:ed@apagando, mode:FULL, rate:50
2026-03-23 20:03:21, EXEC, v:1, k:ed@apagando, mode:FULL, rate:50
2026-03-23 20:03:22, EXEC, v:1, k:ed@apagando, mode:FULL, rate:50
2026-03-23 20:03:22, EXEC, v:1, k:ed@apagando, mode:FULL, rate:41
2026-03-23 20:03:23, EXEC, v:1, k:ed@apagando, mode:FULL, rate:33
2026-03-23 20:03:24, EXEC, v:1, k:ed@apagando, mode:FULL, rate:41
2026-03-23 20:03:25, EXEC, v:1, k:ed@apagando, mode:FULL, rate:33
2026-03-23 20:03:26, EXEC, v:1, k:ed@apagando, mode:FULL, rate:41
2026-03-23 20:03:27, EXEC, v:1, k:ed@apagando, mode:FULL, rate:33
2026-03-23 20:03:28, EXEC, v:1, k:ed@apagando, mode:FULL, rate:50
2026-03-23 20:03:29, EXEC, v:1, k:ed@apagando, mode:FULL, rate:41
2026-03-23 20:03:29, EXEC, v:1, k:ed@apagando, mode:FULL, rate:41
2026-03-23 20:03:30, EXEC, v:1, k:ed@apagando, mode:FULL, rate:33
2026-03-23 20:03:31, EXEC, v:1, k:ed@apagando, mode:FULL, rate:16
2026-03-23 20:03:32, EXEC, v:1, k:ed@apagando, mode:FULL, rate:33
2026-03-23 20:03:33, EXEC, v:1, k:ed@apagando, mode:FULL, rate:58
2026-03-23 20:03:34, EXEC, v:1, k:ed@apagando, mode:FULL, rate:41
2026-03-23 20:03:36, EXEC, v:1, k:ed@apagando, mode:FULL, rate:41
2026-03-23 20:03:37, MOVE, v:1, k:ed@apagando, mode:BACK
2026-03-23 20:04:41, MOVE, v:1, k:ed@apagando, mode:PICK
2026-03-23 20:04:43, EXEC, v:1, k:ed@apagando, mode:FULL, rate:58
2026-03-23 20:04:44, EXEC, v:1, k:ed@apagando, mode:FULL, rate:41
2026-03-23 20:04:45, EXEC, v:1, k:ed@apagando, mode:FULL, rate:58
2026-03-23 20:04:46, EXEC, v:1, k:ed@apagando, mode:FULL, rate:50
2026-03-23 20:04:47, EXEC, v:1, k:ed@apagando, mode:FULL, rate:33
2026-03-23 20:04:48, EXEC, v:1, k:ed@apagando, mode:FULL, rate:41
2026-03-23 20:04:49, EXEC, v:1, k:ed@apagando, mode:FULL, rate:41
2026-03-23 20:04:50, EXEC, v:1, k:ed@apagando, mode:FULL, rate:58
2026-03-23 20:04:50, EXEC, v:1, k:ed@apagando, mode:FULL, rate:58
2026-03-23 20:04:52, EXEC, v:1, k:ed@apagando, mode:FULL, rate:33
2026-03-23 20:04:52, EXEC, v:1, k:ed@apagando, mode:FULL, rate:16
2026-03-23 20:04:54, EXEC, v:1, k:ed@apagando, mode:FULL, rate:25
2026-03-23 20:04:55, EXEC, v:1, k:ed@apagando, mode:FULL, rate:41
2026-03-23 20:04:56, EXEC, v:1, k:ed@apagando, mode:FULL, rate:50
2026-03-23 20:04:57, EXEC, v:1, k:ed@apagando, mode:FULL, rate:33
2026-03-23 20:04:58, EXEC, v:1, k:ed@apagando, mode:FULL, rate:66
2026-03-23 20:04:59, EXEC, v:1, k:ed@apagando, mode:FULL, rate:50
2026-03-23 20:05:00, EXEC, v:1, k:ed@apagando, mode:FULL, rate:41
2026-03-23 20:05:01, EXEC, v:1, k:ed@apagando, mode:FULL, rate:25
2026-03-23 20:05:02, EXEC, v:1, k:ed@apagando, mode:FULL, rate:50
2026-03-23 20:05:03, EXEC, v:1, k:ed@apagando, mode:FULL, rate:41
2026-03-23 20:05:04, EXEC, v:1, k:ed@apagando, mode:FULL, rate:33
2026-03-23 20:05:05, EXEC, v:1, k:ed@apagando, mode:FULL, rate:75
2026-03-23 20:05:06, EXEC, v:1, k:ed@apagando, mode:FULL, rate:58
2026-03-23 20:05:07, EXEC, v:1, k:ed@apagando, mode:FULL, rate:41
2026-03-23 20:05:09, EXEC, v:1, k:ed@apagando, mode:FULL, rate:33
2026-03-23 20:05:10, EXEC, v:1, k:ed@apagando, mode:FULL, rate:41
2026-03-23 20:05:11, EXEC, v:1, k:ed@apagando, mode:FULL, rate:33
2026-03-23 20:05:12, EXEC, v:1, k:ed@apagando, mode:FULL, rate:66
2026-03-23 20:05:12, EXEC, v:1, k:ed@apagando, mode:FULL, rate:41
2026-03-23 20:05:13, EXEC, v:1, k:ed@apagando, mode:FULL, rate:41
2026-03-23 20:05:14, EXEC, v:1, k:ed@apagando, mode:FULL, rate:50
2026-03-23 20:05:15, EXEC, v:1, k:ed@apagando, mode:FULL, rate:50
2026-03-23 20:05:16, EXEC, v:1, k:ed@apagando, mode:FULL, rate:41
2026-03-23 20:05:17, EXEC, v:1, k:ed@apagando, mode:FULL, rate:66
2026-03-23 20:05:18, EXEC, v:1, k:ed@apagando, mode:FULL, rate:33
2026-03-23 20:05:19, EXEC, v:1, k:ed@apagando, mode:FULL, rate:41
2026-03-23 20:05:20, EXEC, v:1, k:ed@apagando, mode:FULL, rate:50
2026-03-23 20:05:21, EXEC, v:1, k:ed@apagando, mode:FULL, rate:50
2026-03-23 20:05:21, EXEC, v:1, k:ed@apagando, mode:FULL, rate:25
2026-03-23 20:05:22, EXEC, v:1, k:ed@apagando, mode:FULL, rate:66
2026-03-23 20:05:23, EXEC, v:1, k:ed@apagando, mode:FULL, rate:33
2026-03-23 20:05:24, EXEC, v:1, k:ed@apagando, mode:FULL, rate:50
2026-03-23 20:05:25, EXEC, v:1, k:ed@apagando, mode:FULL, rate:41
2026-03-23 20:05:26, EXEC, v:1, k:ed@apagando, mode:FULL, rate:33
2026-03-23 20:05:27, EXEC, v:1, k:ed@apagando, mode:FULL, rate:33
2026-03-23 20:05:27, EXEC, v:1, k:ed@apagando, mode:FULL, rate:25
2026-03-23 20:05:28, EXEC, v:1, k:ed@apagando, mode:FULL, rate:33
2026-03-23 20:05:29, EXEC, v:1, k:ed@apagando, mode:FULL, rate:41
2026-03-23 20:05:30, EXEC, v:1, k:ed@apagando, mode:FULL, rate:50
2026-03-23 20:05:31, EXEC, v:1, k:ed@apagando, mode:FULL, rate:41
2026-03-23 20:05:32, EXEC, v:1, k:ed@apagando, mode:FULL, rate:25
2026-03-23 20:05:33, EXEC, v:1, k:ed@apagando, mode:FULL, rate:33
2026-03-23 20:05:35, EXEC, v:1, k:ed@apagando, mode:FULL, rate:41
2026-03-23 20:05:36, EXEC, v:1, k:ed@apagando, mode:FULL, rate:41
2026-03-23 20:05:37, EXEC, v:1, k:ed@apagando, mode:FULL, rate:33
2026-03-23 20:05:38, EXEC, v:1, k:ed@apagando, mode:FULL, rate:50
2026-03-23 20:05:39, EXEC, v:1, k:ed@apagando, mode:FULL, rate:33
2026-03-23 20:05:40, EXEC, v:1, k:ed@apagando, mode:FULL, rate:41
2026-03-23 20:05:41, EXEC, v:1, k:ed@apagando, mode:FULL, rate:75
2026-03-23 20:05:43, EXEC, v:1, k:ed@apagando, mode:FULL, rate:50
2026-03-23 20:05:44, EXEC, v:1, k:ed@apagando, mode:FULL, rate:58
2026-03-23 20:05:45, EXEC, v:1, k:ed@apagando, mode:FULL, rate:16
2026-03-23 20:05:46, EXEC, v:1, k:ed@apagando, mode:FULL, rate:41
2026-03-23 20:05:46, EXEC, v:1, k:ed@apagando, mode:FULL, rate:58
2026-03-23 20:05:47, EXEC, v:1, k:ed@apagando, mode:FULL, rate:41
2026-03-23 20:05:48, EXEC, v:1, k:ed@apagando, mode:FULL, rate:25
2026-03-23 20:05:49, EXEC, v:1, k:ed@apagando, mode:FULL, rate:41
2026-03-23 20:05:50, EXEC, v:1, k:ed@apagando, mode:FULL, rate:58
2026-03-23 20:05:51, EXEC, v:1, k:ed@apagando, mode:FULL, rate:33
2026-03-23 20:05:52, EXEC, v:1, k:ed@apagando, mode:FULL, rate:66
2026-03-23 20:05:53, EXEC, v:1, k:ed@apagando, mode:FULL, rate:66
2026-03-23 20:05:53, EXEC, v:1, k:ed@apagando, mode:FULL, rate:50
2026-03-23 20:05:54, EXEC, v:1, k:ed@apagando, mode:FULL, rate:33
2026-03-23 20:05:55, EXEC, v:1, k:ed@apagando, mode:FULL, rate:33
2026-03-23 20:05:56, EXEC, v:1, k:ed@apagando, mode:FULL, rate:58
2026-03-23 20:05:57, EXEC, v:1, k:ed@apagando, mode:FULL, rate:33
2026-03-23 20:05:58, EXEC, v:1, k:ed@apagando, mode:FULL, rate:41
2026-03-23 20:05:59, EXEC, v:1, k:ed@apagando, mode:FULL, rate:16
2026-03-23 20:06:00, EXEC, v:1, k:ed@apagando, mode:FULL, rate:41
2026-03-23 20:06:00, EXEC, v:1, k:ed@apagando, mode:FULL, rate:50
2026-03-23 20:06:01, EXEC, v:1, k:ed@apagando, mode:FULL, rate:50
2026-03-23 20:06:02, EXEC, v:1, k:ed@apagando, mode:FULL, rate:50
2026-03-23 20:06:03, EXEC, v:1, k:ed@apagando, mode:FULL, rate:33
2026-03-23 20:06:03, EXEC, v:1, k:ed@apagando, mode:FULL, rate:33
2026-03-23 20:06:04, EXEC, v:1, k:ed@apagando, mode:FULL, rate:50
2026-03-23 20:06:05, EXEC, v:1, k:ed@apagando, mode:FULL, rate:16
2026-03-23 20:06:06, EXEC, v:1, k:ed@apagando, mode:FULL, rate:33
2026-03-23 20:06:07, EXEC, v:1, k:ed@apagando, mode:FULL, rate:58
2026-03-23 20:06:08, EXEC, v:1, k:ed@apagando, mode:FULL, rate:50
2026-03-23 20:06:09, EXEC, v:1, k:ed@apagando, mode:FULL, rate:41
2026-03-23 20:06:10, EXEC, v:1, k:ed@apagando, mode:FULL, rate:25
2026-03-23 20:06:11, EXEC, v:1, k:ed@apagando, mode:FULL, rate:50
2026-03-23 20:06:12, EXEC, v:1, k:ed@apagando, mode:FULL, rate:33
2026-03-23 20:06:13, EXEC, v:1, k:ed@apagando, mode:FULL, rate:50
2026-03-23 20:06:13, EXEC, v:1, k:ed@apagando, mode:FULL, rate:16
2026-03-23 20:06:14, EXEC, v:1, k:ed@apagando, mode:FULL, rate:50
2026-03-23 20:06:15, EXEC, v:1, k:ed@apagando, mode:FULL, rate:33
2026-03-23 20:06:16, EXEC, v:1, k:ed@apagando, mode:FULL, rate:41
2026-03-23 20:06:17, EXEC, v:1, k:ed@apagando, mode:FULL, rate:33
2026-03-23 20:06:18, EXEC, v:1, k:ed@apagando, mode:FULL, rate:33
2026-03-23 20:06:19, EXEC, v:1, k:ed@apagando, mode:FULL, rate:50
2026-03-23 20:06:20, EXEC, v:1, k:ed@apagando, mode:FULL, rate:25
2026-03-23 20:06:20, EXEC, v:1, k:ed@apagando, mode:FULL, rate:16
2026-03-23 20:06:21, EXEC, v:1, k:ed@apagando, mode:FULL, rate:41
2026-03-23 20:06:22, EXEC, v:1, k:ed@apagando, mode:FULL, rate:58
2026-03-23 20:06:23, EXEC, v:1, k:ed@apagando, mode:FULL, rate:41
2026-03-23 20:06:24, EXEC, v:1, k:ed@apagando, mode:FULL, rate:16
2026-03-23 20:06:25, EXEC, v:1, k:ed@apagando, mode:FULL, rate:41
2026-03-23 20:06:25, EXEC, v:1, k:ed@apagando, mode:FULL, rate:33
2026-03-23 20:06:26, EXEC, v:1, k:ed@apagando, mode:FULL, rate:50
2026-03-23 20:06:27, EXEC, v:1, k:ed@apagando, mode:FULL, rate:25
2026-03-23 20:06:28, EXEC, v:1, k:ed@apagando, mode:FULL, rate:41
2026-03-23 20:06:29, EXEC, v:1, k:ed@apagando, mode:FULL, rate:41
2026-03-23 20:06:30, EXEC, v:1, k:ed@apagando, mode:FULL, rate:58
2026-03-23 20:06:31, EXEC, v:1, k:ed@apagando, mode:FULL, rate:41
2026-03-23 20:06:32, EXEC, v:1, k:ed@apagando, mode:FULL, rate:50
2026-03-23 20:06:33, EXEC, v:1, k:ed@apagando, mode:FULL, rate:66
2026-03-23 20:06:33, EXEC, v:1, k:ed@apagando, mode:FULL, rate:33
2026-03-23 20:06:35, EXEC, v:1, k:ed@apagando, mode:FULL, rate:33
2026-03-23 20:06:35, EXEC, v:1, k:ed@apagando, mode:FULL, rate:50
2026-03-23 20:06:37, EXEC, v:1, k:ed@apagando, mode:FULL, rate:58
2026-03-23 20:06:38, EXEC, v:1, k:ed@apagando, mode:FULL, rate:41
2026-03-23 20:06:39, EXEC, v:1, k:ed@apagando, mode:FULL, rate:41
2026-03-23 20:06:40, EXEC, v:1, k:ed@apagando, mode:FULL, rate:50
2026-03-23 20:06:41, EXEC, v:1, k:ed@apagando, mode:FULL, rate:66
2026-03-23 20:06:42, EXEC, v:1, k:ed@apagando, mode:FULL, rate:41
2026-03-23 20:06:43, EXEC, v:1, k:ed@apagando, mode:FULL, rate:25
2026-03-23 20:06:44, EXEC, v:1, k:ed@apagando, mode:FULL, rate:41
2026-03-23 20:06:45, EXEC, v:1, k:ed@apagando, mode:FULL, rate:50
2026-03-23 20:06:46, EXEC, v:1, k:ed@apagando, mode:FULL, rate:58
2026-03-23 20:06:47, EXEC, v:1, k:ed@apagando, mode:FULL, rate:33
2026-03-23 20:06:48, EXEC, v:1, k:ed@apagando, mode:FULL, rate:50
2026-03-23 20:06:49, EXEC, v:1, k:ed@apagando, mode:FULL, rate:16
2026-03-23 20:06:49, EXEC, v:1, k:ed@apagando, mode:FULL, rate:66
2026-03-23 20:06:51, EXEC, v:1, k:ed@apagando, mode:FULL, rate:41
2026-03-23 20:06:52, EXEC, v:1, k:ed@apagando, mode:FULL, rate:50
2026-03-23 20:06:53, EXEC, v:1, k:ed@apagando, mode:FULL, rate:58
2026-03-23 20:06:54, EXEC, v:1, k:ed@apagando, mode:FULL, rate:33
2026-03-23 20:06:55, EXEC, v:1, k:ed@apagando, mode:FULL, rate:41
2026-03-23 20:06:56, EXEC, v:1, k:ed@apagando, mode:FULL, rate:41
2026-03-23 20:06:57, EXEC, v:1, k:ed@apagando, mode:FULL, rate:41
2026-03-23 20:06:57, EXEC, v:1, k:ed@apagando, mode:FULL, rate:25
2026-03-23 20:06:58, EXEC, v:1, k:ed@apagando, mode:FULL, rate:8
2026-03-23 20:06:59, EXEC, v:1, k:ed@apagando, mode:FULL, rate:41
2026-03-23 20:07:00, EXEC, v:1, k:ed@apagando, mode:FULL, rate:33
