2026-03-17 18:23:18, MOVE, v:1, k:ed@gomos, mode:PICK
2026-03-17 18:23:48, EXEC, v:1, k:ed@gomos, mode:FULL, size:77, fail:COMP
2026-03-17 18:23:54, EXEC, v:1, k:ed@gomos, mode:FULL, size:77, fail:COMP
2026-03-17 18:24:09, EXEC, v:1, k:ed@gomos, mode:FULL, fail:COMP
2026-03-17 18:24:25, EXEC, v:1, k:ed@gomos, mode:FULL, fail:COMP
2026-03-17 18:24:26, EXEC, v:1, k:ed@gomos, mode:FULL, fail:COMP
2026-03-17 18:24:27, EXEC, v:1, k:ed@gomos, mode:FULL, fail:COMP
2026-03-17 18:24:27, EXEC, v:1, k:ed@gomos, mode:FULL, fail:COMP
2026-03-17 18:30:21, EXEC, v:1, k:ed@gomos, mode:FULL, fail:COMP
2026-03-17 18:30:22, EXEC, v:1, k:ed@gomos, mode:FULL, fail:COMP
2026-03-17 18:30:41, EXEC, v:1, k:ed@gomos, mode:FULL, fail:COMP
2026-03-17 18:30:42, EXEC, v:1, k:ed@gomos, mode:FULL, fail:COMP
2026-03-17 18:30:49, EXEC, v:1, k:ed@gomos, mode:FULL, rate:66, size:74
2026-03-17 18:33:57, EXEC, v:1, k:ed@gomos, mode:FULL, rate:66
2026-03-17 18:34:17, EXEC, v:1, k:ed@gomos, mode:FULL, rate:66, size:104
2026-03-17 18:34:46, EXEC, v:1, k:ed@gomos, mode:FULL, rate:16, size:104
2026-03-17 18:34:58, EXEC, v:1, k:ed@gomos, mode:FULL, rate:66, size:104
2026-03-17 18:48:40, EXEC, v:1, k:ed@gomos, mode:FULL, rate:0, size:97
2026-03-17 18:49:29, EXEC, v:1, k:ed@gomos, mode:FULL, rate:0, size:97
2026-03-17 18:49:30, EXEC, v:1, k:ed@gomos, mode:FULL, rate:0
2026-03-17 18:49:36, EXEC, v:1, k:ed@gomos, mode:FULL, rate:0
2026-03-17 18:49:37, EXEC, v:1, k:ed@gomos, mode:FULL, rate:0
2026-03-17 18:49:41, EXEC, v:1, k:ed@gomos, mode:FULL, rate:0
2026-03-17 18:51:41, EXEC, v:1, k:ed@gomos, mode:FULL, rate:0, size:97
2026-03-17 18:52:55, EXEC, v:1, k:ed@gomos, mode:FULL, rate:100, size:98
2026-03-17 18:53:10, MOVE, v:1, k:ed@gomos, mode:BACK
2026-03-17 18:53:30, SELF, v:1, k:ed@gomos, self:1, rate:100, study:60
2026-03-17 18:54:05, MOVE, v:1, k:ed@princesa, mode:PICK
2026-03-17 18:54:43, EXEC, v:1, k:ed@princesa, mode:FULL, rate:0
2026-03-17 19:01:30, MOVE, v:1, k:ed@princesa, mode:BACK
2026-03-17 19:01:35, MOVE, v:1, k:ed@casais, mode:PICK
2026-03-17 19:02:16, MOVE, v:1, k:ed@casais, mode:BACK
2026-03-17 19:02:21, MOVE, v:1, k:ed@princesa, mode:PICK
2026-03-17 19:08:29, EXEC, v:1, k:ed@princesa, mode:FULL, rate:0, size:53
2026-03-17 19:10:51, EXEC, v:1, k:ed@princesa, mode:FULL, rate:0, size:54
2026-03-17 19:11:31, EXEC, v:1, k:ed@princesa, mode:FULL, rate:0
2026-03-17 19:11:35, EXEC, v:1, k:ed@princesa, mode:FULL, rate:0, size:55
2026-03-17 19:12:50, EXEC, v:1, k:ed@princesa, mode:FULL, rate:0, size:53
2026-03-17 19:14:06, EXEC, v:1, k:ed@princesa, mode:FULL, rate:0, size:53
2026-03-17 19:14:35, EXEC, v:1, k:ed@princesa, mode:FULL, rate:0, size:55
2026-03-17 19:14:36, EXEC, v:1, k:ed@princesa, mode:FULL, rate:0
2026-03-17 19:14:37, EXEC, v:1, k:ed@princesa, mode:FULL, rate:0
2026-03-17 19:15:13, EXEC, v:1, k:ed@princesa, mode:FULL, size:55, fail:COMP
2026-03-17 19:15:25, EXEC, v:1, k:ed@princesa, mode:FULL, rate:0, size:55
2026-03-17 19:15:39, EXEC, v:1, k:ed@princesa, mode:FULL, rate:0, size:55
2026-03-17 19:16:08, EXEC, v:1, k:ed@princesa, mode:FULL, rate:0
2026-03-17 19:16:12, EXEC, v:1, k:ed@princesa, mode:FULL, rate:0
2026-03-17 19:16:15, EXEC, v:1, k:ed@princesa, mode:FULL, rate:0, size:55
2026-03-17 19:16:25, EXEC, v:1, k:ed@princesa, mode:FULL, rate:0, size:55
2026-03-17 19:17:28, EXEC, v:1, k:ed@princesa, mode:FULL, rate:0, size:53
2026-03-17 19:24:46, EXEC, v:1, k:ed@princesa, mode:FULL, rate:0, size:74
2026-03-17 19:25:05, EXEC, v:1, k:ed@princesa, mode:FULL, rate:0
2026-03-17 19:32:17, EXEC, v:1, k:ed@princesa, mode:FULL, rate:0, size:95
2026-03-17 19:32:43, EXEC, v:1, k:ed@princesa, mode:FULL, rate:0
2026-03-17 19:32:48, EXEC, v:1, k:ed@princesa, mode:FULL, rate:0
2026-03-17 19:32:50, EXEC, v:1, k:ed@princesa, mode:FREE
2026-03-17 19:33:21, MOVE, v:1, k:ed@princesa, mode:PICK
2026-03-17 19:33:23, EXEC, v:1, k:ed@princesa, mode:FREE
2026-03-17 19:34:07, MOVE, v:1, k:ed@princesa, mode:PICK
2026-03-17 19:34:28, EXEC, v:1, k:ed@princesa, mode:FULL, rate:0, size:95
2026-03-17 19:36:26, EXEC, v:1, k:ed@princesa, mode:FULL, rate:0, size:95
2026-03-17 19:37:21, EXEC, v:1, k:ed@princesa, mode:FULL, rate:0, size:91
2026-03-17 19:37:36, EXEC, v:1, k:ed@princesa, mode:FULL, rate:0, size:90
2026-03-17 19:40:09, EXEC, v:1, k:ed@princesa, mode:FULL, size:94, fail:COMP
2026-03-17 19:40:47, EXEC, v:1, k:ed@princesa, mode:FULL, size:94, fail:COMP
2026-03-17 19:40:48, EXEC, v:1, k:ed@princesa, mode:FULL, fail:COMP
2026-03-17 19:41:00, EXEC, v:1, k:ed@princesa, mode:FULL, fail:COMP
2026-03-17 19:41:34, EXEC, v:1, k:ed@princesa, mode:FULL, rate:0, size:94
2026-03-17 19:45:08, EXEC, v:1, k:ed@princesa, mode:FULL, rate:0, size:94
2026-03-17 19:45:10, EXEC, v:1, k:ed@princesa, mode:FULL, rate:0
2026-03-17 19:45:15, EXEC, v:1, k:ed@princesa, mode:FULL, rate:0
2026-03-17 19:48:43, EXEC, v:1, k:ed@princesa, mode:FULL, rate:0, size:100
2026-03-17 19:48:44, EXEC, v:1, k:ed@princesa, mode:FULL, rate:0
2026-03-17 19:50:01, EXEC, v:1, k:ed@princesa, mode:FULL, rate:0, size:105
2026-03-17 19:51:01, MOVE, v:1, k:ed@princesa, mode:BACK
