2026-03-24 18:17:49, SELF, v:1, k:ed@gomos, self:1, rate:100, study:60
2026-03-24 18:18:25, MOVE, v:1, k:ed@apagando, mode:PICK
2026-03-24 18:18:26, EXEC, v:1, k:ed@apagando, mode:FULL, rate:58
2026-03-24 18:18:28, EXEC, v:1, k:ed@apagando, mode:FULL, rate:66
2026-03-24 18:18:28, EXEC, v:1, k:ed@apagando, mode:FULL, rate:25
2026-03-24 18:18:29, EXEC, v:1, k:ed@apagando, mode:FULL, rate:16
2026-03-24 18:18:30, EXEC, v:1, k:ed@apagando, mode:FULL, rate:50
2026-03-24 18:18:31, EXEC, v:1, k:ed@apagando, mode:FULL, rate:41
2026-03-24 18:18:32, EXEC, v:1, k:ed@apagando, mode:FULL, rate:41
2026-03-24 18:18:38, EXEC, v:1, k:ed@apagando, mode:FULL, rate:66
2026-03-24 18:18:39, EXEC, v:1, k:ed@apagando, mode:FULL, rate:50
2026-03-24 18:18:40, EXEC, v:1, k:ed@apagando, mode:FULL, rate:33
2026-03-24 18:18:41, EXEC, v:1, k:ed@apagando, mode:FULL, rate:41
2026-03-24 18:18:42, EXEC, v:1, k:ed@apagando, mode:FULL, rate:50
2026-03-24 18:18:46, EXEC, v:1, k:ed@apagando, mode:FULL, rate:25
2026-03-24 18:18:47, EXEC, v:1, k:ed@apagando, mode:FULL, rate:33
2026-03-24 18:18:48, EXEC, v:1, k:ed@apagando, mode:FULL, rate:50
2026-03-24 18:18:49, EXEC, v:1, k:ed@apagando, mode:FULL, rate:66
2026-03-24 18:18:50, EXEC, v:1, k:ed@apagando, mode:FULL, rate:33
2026-03-24 18:18:51, EXEC, v:1, k:ed@apagando, mode:FULL, rate:41
2026-03-24 18:18:52, EXEC, v:1, k:ed@apagando, mode:FULL, rate:33
2026-03-24 18:18:53, EXEC, v:1, k:ed@apagando, mode:FULL, rate:33
2026-03-24 18:18:54, EXEC, v:1, k:ed@apagando, mode:FULL, rate:33
2026-03-24 18:18:54, EXEC, v:1, k:ed@apagando, mode:FULL, rate:41
2026-03-24 18:18:55, EXEC, v:1, k:ed@apagando, mode:FULL, rate:41
2026-03-24 18:18:56, EXEC, v:1, k:ed@apagando, mode:FULL, rate:41
2026-03-24 18:18:57, EXEC, v:1, k:ed@apagando, mode:FULL, rate:33
2026-03-24 18:18:58, EXEC, v:1, k:ed@apagando, mode:FULL, rate:58
2026-03-24 18:18:59, EXEC, v:1, k:ed@apagando, mode:FULL, rate:41
2026-03-24 18:18:59, EXEC, v:1, k:ed@apagando, mode:FULL, rate:41
2026-03-24 18:19:00, EXEC, v:1, k:ed@apagando, mode:FULL, rate:33
2026-03-24 18:19:01, EXEC, v:1, k:ed@apagando, mode:FULL, rate:41
2026-03-24 18:19:02, EXEC, v:1, k:ed@apagando, mode:FULL, rate:50
2026-03-24 18:19:05, EXEC, v:1, k:ed@apagando, mode:FULL, rate:33
2026-03-24 18:19:06, EXEC, v:1, k:ed@apagando, mode:FULL, rate:41
2026-03-24 18:19:07, EXEC, v:1, k:ed@apagando, mode:FULL, rate:58
2026-03-24 18:19:08, EXEC, v:1, k:ed@apagando, mode:FULL, rate:58
2026-03-24 18:19:09, EXEC, v:1, k:ed@apagando, mode:FULL, rate:41
2026-03-24 18:19:10, EXEC, v:1, k:ed@apagando, mode:FULL, rate:25
2026-03-24 18:19:10, EXEC, v:1, k:ed@apagando, mode:FULL, rate:33
2026-03-24 18:19:11, EXEC, v:1, k:ed@apagando, mode:FULL, rate:33
2026-03-24 18:19:12, EXEC, v:1, k:ed@apagando, mode:FULL, rate:50
2026-03-24 18:19:13, EXEC, v:1, k:ed@apagando, mode:FULL, rate:25
2026-03-24 18:19:14, EXEC, v:1, k:ed@apagando, mode:FULL, rate:33
2026-03-24 18:19:15, EXEC, v:1, k:ed@apagando, mode:FULL, rate:41
2026-03-24 18:19:16, EXEC, v:1, k:ed@apagando, mode:FULL, rate:83
2026-03-24 18:19:17, EXEC, v:1, k:ed@apagando, mode:FULL, rate:33
2026-03-24 18:19:18, EXEC, v:1, k:ed@apagando, mode:FULL, rate:16
2026-03-24 18:19:19, EXEC, v:1, k:ed@apagando, mode:FULL, rate:41
2026-03-24 18:19:19, EXEC, v:1, k:ed@apagando, mode:FULL, rate:33
2026-03-24 18:19:20, EXEC, v:1, k:ed@apagando, mode:FULL, rate:58
2026-03-24 18:19:21, EXEC, v:1, k:ed@apagando, mode:FULL, rate:41
2026-03-24 18:19:22, EXEC, v:1, k:ed@apagando, mode:FULL, rate:41
2026-03-24 18:19:23, EXEC, v:1, k:ed@apagando, mode:FULL, rate:50
2026-03-24 18:19:24, EXEC, v:1, k:ed@apagando, mode:FULL, rate:33
2026-03-24 18:19:25, EXEC, v:1, k:ed@apagando, mode:FULL, rate:50
2026-03-24 18:19:25, EXEC, v:1, k:ed@apagando, mode:FULL, rate:50
2026-03-24 18:19:26, EXEC, v:1, k:ed@apagando, mode:FULL, rate:41
2026-03-24 18:19:27, EXEC, v:1, k:ed@apagando, mode:FULL, rate:25
2026-03-24 18:19:28, EXEC, v:1, k:ed@apagando, mode:FULL, rate:50
2026-03-24 18:19:29, EXEC, v:1, k:ed@apagando, mode:FULL, rate:41
2026-03-24 18:19:29, EXEC, v:1, k:ed@apagando, mode:FULL, rate:33
2026-03-24 18:19:30, EXEC, v:1, k:ed@apagando, mode:FULL, rate:33
2026-03-24 18:19:31, EXEC, v:1, k:ed@apagando, mode:FULL, rate:41
2026-03-24 18:19:32, EXEC, v:1, k:ed@apagando, mode:FULL, rate:50
2026-03-24 18:19:33, EXEC, v:1, k:ed@apagando, mode:FULL, rate:41
2026-03-24 18:19:34, EXEC, v:1, k:ed@apagando, mode:FULL, rate:41
2026-03-24 18:19:34, EXEC, v:1, k:ed@apagando, mode:FULL, rate:33
2026-03-24 18:19:35, EXEC, v:1, k:ed@apagando, mode:FULL, rate:33
2026-03-24 18:19:36, EXEC, v:1, k:ed@apagando, mode:FULL, rate:25
2026-03-24 18:19:37, EXEC, v:1, k:ed@apagando, mode:FULL, rate:50
2026-03-24 18:19:38, EXEC, v:1, k:ed@apagando, mode:FULL, rate:66
2026-03-24 18:19:39, EXEC, v:1, k:ed@apagando, mode:FULL, rate:50
2026-03-24 18:19:39, EXEC, v:1, k:ed@apagando, mode:FULL, rate:33
2026-03-24 18:19:40, EXEC, v:1, k:ed@apagando, mode:FULL, rate:41
2026-03-24 18:19:41, EXEC, v:1, k:ed@apagando, mode:FULL, rate:50
2026-03-24 18:19:42, EXEC, v:1, k:ed@apagando, mode:FULL, rate:50
2026-03-24 18:19:43, EXEC, v:1, k:ed@apagando, mode:FULL, rate:41
2026-03-24 18:19:44, EXEC, v:1, k:ed@apagando, mode:FULL, rate:25
2026-03-24 18:19:45, EXEC, v:1, k:ed@apagando, mode:FULL, rate:75
2026-03-24 18:19:45, EXEC, v:1, k:ed@apagando, mode:FULL, rate:41
2026-03-24 18:19:46, EXEC, v:1, k:ed@apagando, mode:FULL, rate:41
2026-03-24 18:19:47, EXEC, v:1, k:ed@apagando, mode:FULL, rate:41
2026-03-24 18:19:48, EXEC, v:1, k:ed@apagando, mode:FULL, rate:41
2026-03-24 18:19:49, EXEC, v:1, k:ed@apagando, mode:FULL, rate:16
2026-03-24 18:19:50, EXEC, v:1, k:ed@apagando, mode:FULL, rate:33
2026-03-24 18:19:51, EXEC, v:1, k:ed@apagando, mode:FULL, rate:33
2026-03-24 18:19:51, EXEC, v:1, k:ed@apagando, mode:FULL, rate:50
2026-03-24 18:19:52, EXEC, v:1, k:ed@apagando, mode:FULL, rate:41
2026-03-24 18:19:53, EXEC, v:1, k:ed@apagando, mode:FULL, rate:41
2026-03-24 18:19:54, EXEC, v:1, k:ed@apagando, mode:FULL, rate:66
2026-03-24 18:19:55, EXEC, v:1, k:ed@apagando, mode:FULL, rate:25
2026-03-24 18:19:56, EXEC, v:1, k:ed@apagando, mode:FULL, rate:50
2026-03-24 18:19:57, EXEC, v:1, k:ed@apagando, mode:FULL, rate:50
2026-03-24 18:19:57, EXEC, v:1, k:ed@apagando, mode:FULL, rate:41
2026-03-24 18:19:58, EXEC, v:1, k:ed@apagando, mode:FULL, rate:41
2026-03-24 18:19:59, EXEC, v:1, k:ed@apagando, mode:FULL, rate:66
2026-03-24 18:20:00, EXEC, v:1, k:ed@apagando, mode:FULL, rate:58
2026-03-24 18:20:01, EXEC, v:1, k:ed@apagando, mode:FULL, rate:25
2026-03-24 18:20:02, EXEC, v:1, k:ed@apagando, mode:FULL, rate:50
2026-03-24 18:20:03, EXEC, v:1, k:ed@apagando, mode:FULL, rate:41
2026-03-24 18:20:03, EXEC, v:1, k:ed@apagando, mode:FULL, rate:33
2026-03-24 18:20:04, EXEC, v:1, k:ed@apagando, mode:FULL, rate:50
2026-03-24 18:20:05, EXEC, v:1, k:ed@apagando, mode:FULL, rate:25
2026-03-24 18:20:06, EXEC, v:1, k:ed@apagando, mode:FULL, rate:25
2026-03-24 18:20:07, EXEC, v:1, k:ed@apagando, mode:FULL, rate:50
2026-03-24 18:20:08, EXEC, v:1, k:ed@apagando, mode:FULL, rate:41
2026-03-24 18:20:08, EXEC, v:1, k:ed@apagando, mode:FULL, rate:41
2026-03-24 18:20:09, EXEC, v:1, k:ed@apagando, mode:FULL, rate:33
2026-03-24 18:20:10, EXEC, v:1, k:ed@apagando, mode:FULL, rate:41
2026-03-24 18:20:11, EXEC, v:1, k:ed@apagando, mode:FULL, rate:41
2026-03-24 18:20:12, EXEC, v:1, k:ed@apagando, mode:FULL, rate:8
2026-03-24 18:20:13, EXEC, v:1, k:ed@apagando, mode:FULL, rate:25
2026-03-24 18:20:14, EXEC, v:1, k:ed@apagando, mode:FULL, rate:33
2026-03-24 18:20:14, EXEC, v:1, k:ed@apagando, mode:FULL, rate:41
2026-03-24 18:20:15, EXEC, v:1, k:ed@apagando, mode:FULL, rate:50
2026-03-24 18:20:16, EXEC, v:1, k:ed@apagando, mode:FULL, rate:50
2026-03-24 18:20:17, EXEC, v:1, k:ed@apagando, mode:FULL, rate:33
2026-03-24 18:20:18, EXEC, v:1, k:ed@apagando, mode:FULL, rate:41
2026-03-24 18:20:19, EXEC, v:1, k:ed@apagando, mode:FULL, rate:25
2026-03-24 18:20:19, EXEC, v:1, k:ed@apagando, mode:FULL, rate:41
2026-03-24 18:20:20, EXEC, v:1, k:ed@apagando, mode:FULL, rate:33
2026-03-24 18:20:21, EXEC, v:1, k:ed@apagando, mode:FULL, rate:33
2026-03-24 18:20:22, EXEC, v:1, k:ed@apagando, mode:FULL, rate:25
2026-03-24 18:20:23, EXEC, v:1, k:ed@apagando, mode:FULL, rate:66
2026-03-24 18:20:24, EXEC, v:1, k:ed@apagando, mode:FULL, rate:33
2026-03-24 18:20:25, EXEC, v:1, k:ed@apagando, mode:FULL, rate:50
2026-03-24 18:20:26, EXEC, v:1, k:ed@apagando, mode:FULL, rate:41
2026-03-24 18:20:27, EXEC, v:1, k:ed@apagando, mode:FULL, rate:25
2026-03-24 18:20:27, EXEC, v:1, k:ed@apagando, mode:FULL, rate:33
2026-03-24 18:20:28, EXEC, v:1, k:ed@apagando, mode:FULL, rate:58
2026-03-24 18:20:29, EXEC, v:1, k:ed@apagando, mode:FULL, rate:41
2026-03-24 18:20:30, EXEC, v:1, k:ed@apagando, mode:FULL, rate:33
2026-03-24 18:20:31, EXEC, v:1, k:ed@apagando, mode:FULL, rate:33
2026-03-24 18:20:32, EXEC, v:1, k:ed@apagando, mode:FULL, rate:50
2026-03-24 18:20:33, EXEC, v:1, k:ed@apagando, mode:FULL, rate:41
2026-03-24 18:20:33, EXEC, v:1, k:ed@apagando, mode:FULL, rate:50
2026-03-24 18:20:34, EXEC, v:1, k:ed@apagando, mode:FULL, rate:16
2026-03-24 18:20:35, EXEC, v:1, k:ed@apagando, mode:FULL, rate:33
2026-03-24 18:20:36, EXEC, v:1, k:ed@apagando, mode:FULL, rate:41
2026-03-24 18:20:37, EXEC, v:1, k:ed@apagando, mode:FULL, rate:33
2026-03-24 18:20:38, EXEC, v:1, k:ed@apagando, mode:FULL, rate:41
2026-03-24 18:20:43, EXEC, v:1, k:ed@apagando, mode:FULL, rate:33
2026-03-24 18:20:44, EXEC, v:1, k:ed@apagando, mode:FULL, rate:41
2026-03-24 18:20:45, EXEC, v:1, k:ed@apagando, mode:FULL, rate:50
2026-03-24 18:20:46, EXEC, v:1, k:ed@apagando, mode:FULL, rate:50
2026-03-24 18:20:47, EXEC, v:1, k:ed@apagando, mode:FULL, rate:25
2026-03-24 18:20:48, EXEC, v:1, k:ed@apagando, mode:FULL, rate:58
2026-03-24 18:20:49, EXEC, v:1, k:ed@apagando, mode:FULL, rate:33
2026-03-24 18:20:50, EXEC, v:1, k:ed@apagando, mode:FULL, rate:33
2026-03-24 18:20:50, EXEC, v:1, k:ed@apagando, mode:FULL, rate:16
2026-03-24 18:20:51, EXEC, v:1, k:ed@apagando, mode:FULL, rate:33
2026-03-24 18:21:00, EXEC, v:1, k:ed@apagando, mode:FULL, rate:58
2026-03-24 18:21:01, EXEC, v:1, k:ed@apagando, mode:FULL, rate:50
2026-03-24 18:21:01, EXEC, v:1, k:ed@apagando, mode:FULL, rate:41
2026-03-24 18:21:02, EXEC, v:1, k:ed@apagando, mode:FULL, rate:33
2026-03-24 18:21:03, EXEC, v:1, k:ed@apagando, mode:FULL, rate:41
2026-03-24 18:21:04, EXEC, v:1, k:ed@apagando, mode:FULL, rate:33
2026-03-24 18:21:05, EXEC, v:1, k:ed@apagando, mode:FULL, rate:58
2026-03-24 18:21:06, EXEC, v:1, k:ed@apagando, mode:FULL, rate:50
2026-03-24 18:21:07, EXEC, v:1, k:ed@apagando, mode:FULL, rate:33
2026-03-24 18:21:07, EXEC, v:1, k:ed@apagando, mode:FULL, rate:41
2026-03-24 18:21:08, EXEC, v:1, k:ed@apagando, mode:FULL, rate:33
2026-03-24 18:21:09, EXEC, v:1, k:ed@apagando, mode:FULL, rate:58
2026-03-24 18:21:10, EXEC, v:1, k:ed@apagando, mode:FULL, rate:50
2026-03-24 18:21:11, EXEC, v:1, k:ed@apagando, mode:FULL, rate:33
2026-03-24 18:21:12, EXEC, v:1, k:ed@apagando, mode:FULL, rate:41
2026-03-24 18:21:13, EXEC, v:1, k:ed@apagando, mode:FULL, rate:58
2026-03-24 18:21:14, EXEC, v:1, k:ed@apagando, mode:FULL, rate:50
2026-03-24 18:21:15, EXEC, v:1, k:ed@apagando, mode:FULL, rate:33
2026-03-24 18:21:16, EXEC, v:1, k:ed@apagando, mode:FULL, rate:66
2026-03-24 18:21:17, EXEC, v:1, k:ed@apagando, mode:FULL, rate:58
2026-03-24 18:21:18, EXEC, v:1, k:ed@apagando, mode:FULL, rate:33
2026-03-24 18:21:18, EXEC, v:1, k:ed@apagando, mode:FULL, rate:41
2026-03-24 18:21:19, EXEC, v:1, k:ed@apagando, mode:FULL, rate:50
2026-03-24 18:21:20, EXEC, v:1, k:ed@apagando, mode:FULL, rate:16
2026-03-24 18:21:21, EXEC, v:1, k:ed@apagando, mode:FULL, rate:41
2026-03-24 18:21:22, EXEC, v:1, k:ed@apagando, mode:FULL, rate:50
2026-03-24 18:21:23, EXEC, v:1, k:ed@apagando, mode:FULL, rate:25
2026-03-24 18:21:24, EXEC, v:1, k:ed@apagando, mode:FULL, rate:41
2026-03-24 18:21:25, EXEC, v:1, k:ed@apagando, mode:FULL, rate:50
2026-03-24 18:21:25, EXEC, v:1, k:ed@apagando, mode:FULL, rate:16
2026-03-24 18:21:26, EXEC, v:1, k:ed@apagando, mode:FULL, rate:33
2026-03-24 18:21:27, EXEC, v:1, k:ed@apagando, mode:FULL, rate:16
2026-03-24 18:21:28, EXEC, v:1, k:ed@apagando, mode:FULL, rate:33
2026-03-24 18:21:29, EXEC, v:1, k:ed@apagando, mode:FULL, rate:50
2026-03-24 18:21:30, EXEC, v:1, k:ed@apagando, mode:FULL, rate:50
2026-03-24 18:21:31, EXEC, v:1, k:ed@apagando, mode:FULL, rate:41
2026-03-24 18:21:32, EXEC, v:1, k:ed@apagando, mode:FULL, rate:25
2026-03-24 18:21:33, EXEC, v:1, k:ed@apagando, mode:FULL, rate:25
2026-03-24 18:21:33, EXEC, v:1, k:ed@apagando, mode:FULL, rate:25
2026-03-24 18:21:34, EXEC, v:1, k:ed@apagando, mode:FULL, rate:33
2026-03-24 18:21:35, EXEC, v:1, k:ed@apagando, mode:FULL, rate:41
2026-03-24 18:21:36, EXEC, v:1, k:ed@apagando, mode:FULL, rate:25
2026-03-24 18:21:37, EXEC, v:1, k:ed@apagando, mode:FULL, rate:41
2026-03-24 18:21:38, EXEC, v:1, k:ed@apagando, mode:FULL, rate:58
2026-03-24 18:21:38, EXEC, v:1, k:ed@apagando, mode:FULL, rate:25
2026-03-24 18:21:39, EXEC, v:1, k:ed@apagando, mode:FULL, rate:25
2026-03-24 18:21:40, EXEC, v:1, k:ed@apagando, mode:FULL, rate:50
2026-03-24 18:21:41, EXEC, v:1, k:ed@apagando, mode:FULL, rate:58
2026-03-24 18:21:42, EXEC, v:1, k:ed@apagando, mode:FULL, rate:50
2026-03-24 18:21:43, EXEC, v:1, k:ed@apagando, mode:FULL, rate:58
2026-03-24 18:21:44, EXEC, v:1, k:ed@apagando, mode:FULL, rate:66
2026-03-24 18:21:45, EXEC, v:1, k:ed@apagando, mode:FULL, rate:33
2026-03-24 18:21:45, EXEC, v:1, k:ed@apagando, mode:FULL, rate:66
2026-03-24 18:21:46, EXEC, v:1, k:ed@apagando, mode:FULL, rate:33
2026-03-24 18:21:47, EXEC, v:1, k:ed@apagando, mode:FULL, rate:58
2026-03-24 18:21:48, EXEC, v:1, k:ed@apagando, mode:FULL, rate:50
2026-03-24 18:21:49, EXEC, v:1, k:ed@apagando, mode:FULL, rate:58
2026-03-24 18:21:50, EXEC, v:1, k:ed@apagando, mode:FULL, rate:33
2026-03-24 18:21:50, EXEC, v:1, k:ed@apagando, mode:FULL, rate:58
2026-03-24 18:21:51, EXEC, v:1, k:ed@apagando, mode:FULL, rate:41
2026-03-24 18:21:52, EXEC, v:1, k:ed@apagando, mode:FULL, rate:50
2026-03-24 18:21:53, EXEC, v:1, k:ed@apagando, mode:FULL, rate:58
2026-03-24 18:21:54, EXEC, v:1, k:ed@apagando, mode:FULL, rate:41
2026-03-24 18:21:55, EXEC, v:1, k:ed@apagando, mode:FULL, rate:50
2026-03-24 18:21:55, EXEC, v:1, k:ed@apagando, mode:FULL, rate:33
2026-03-24 18:21:56, EXEC, v:1, k:ed@apagando, mode:FULL, rate:58
2026-03-24 18:21:57, EXEC, v:1, k:ed@apagando, mode:FULL, rate:33
2026-03-24 18:22:06, EXEC, v:1, k:ed@apagando, mode:FULL, rate:50
2026-03-24 18:22:07, EXEC, v:1, k:ed@apagando, mode:FULL, rate:58
2026-03-24 18:22:08, EXEC, v:1, k:ed@apagando, mode:FULL, rate:58
2026-03-24 18:22:08, EXEC, v:1, k:ed@apagando, mode:FULL, rate:41
2026-03-24 18:22:09, EXEC, v:1, k:ed@apagando, mode:FULL, rate:41
2026-03-24 18:22:10, EXEC, v:1, k:ed@apagando, mode:FULL, rate:50
2026-03-24 18:22:11, EXEC, v:1, k:ed@apagando, mode:FULL, rate:33
2026-03-24 18:22:12, EXEC, v:1, k:ed@apagando, mode:FULL, rate:66
2026-03-24 18:22:13, EXEC, v:1, k:ed@apagando, mode:FULL, rate:50
2026-03-24 18:22:14, EXEC, v:1, k:ed@apagando, mode:FULL, rate:25
2026-03-24 18:22:14, EXEC, v:1, k:ed@apagando, mode:FULL, rate:66
2026-03-24 18:22:15, EXEC, v:1, k:ed@apagando, mode:FULL, rate:50
2026-03-24 18:22:16, EXEC, v:1, k:ed@apagando, mode:FULL, rate:33
2026-03-24 18:22:17, EXEC, v:1, k:ed@apagando, mode:FULL, rate:50
2026-03-24 18:22:18, EXEC, v:1, k:ed@apagando, mode:FULL, rate:33
2026-03-24 18:22:19, EXEC, v:1, k:ed@apagando, mode:FULL, rate:41
2026-03-24 18:22:20, EXEC, v:1, k:ed@apagando, mode:FULL, rate:75
2026-03-24 18:22:20, EXEC, v:1, k:ed@apagando, mode:FULL, rate:33
2026-03-24 18:22:22, EXEC, v:1, k:ed@apagando, mode:FULL, rate:25
2026-03-24 18:22:22, EXEC, v:1, k:ed@apagando, mode:FULL, rate:41
2026-03-24 18:22:24, EXEC, v:1, k:ed@apagando, mode:FULL, rate:41
2026-03-24 18:22:24, EXEC, v:1, k:ed@apagando, mode:FULL, rate:33
2026-03-24 18:22:25, EXEC, v:1, k:ed@apagando, mode:FULL, rate:41
2026-03-24 18:22:26, EXEC, v:1, k:ed@apagando, mode:FULL, rate:41
2026-03-24 18:22:27, EXEC, v:1, k:ed@apagando, mode:FULL, rate:41
2026-03-24 18:22:28, EXEC, v:1, k:ed@apagando, mode:FULL, rate:41
2026-03-24 18:22:29, EXEC, v:1, k:ed@apagando, mode:FULL, rate:25
2026-03-24 18:22:30, EXEC, v:1, k:ed@apagando, mode:FULL, rate:25
2026-03-24 18:22:31, EXEC, v:1, k:ed@apagando, mode:FULL, rate:41
2026-03-24 18:22:32, EXEC, v:1, k:ed@apagando, mode:FULL, rate:41
2026-03-24 18:22:33, EXEC, v:1, k:ed@apagando, mode:FULL, rate:50
2026-03-24 18:22:34, EXEC, v:1, k:ed@apagando, mode:FULL, rate:33
2026-03-24 18:22:35, EXEC, v:1, k:ed@apagando, mode:FULL, rate:41
2026-03-24 18:22:36, EXEC, v:1, k:ed@apagando, mode:FULL, rate:41
2026-03-24 18:22:36, EXEC, v:1, k:ed@apagando, mode:FULL, rate:16
2026-03-24 18:22:37, EXEC, v:1, k:ed@apagando, mode:FULL, rate:33
2026-03-24 18:22:38, EXEC, v:1, k:ed@apagando, mode:FULL, rate:33
2026-03-24 18:22:39, EXEC, v:1, k:ed@apagando, mode:FULL, rate:41
2026-03-24 18:22:40, EXEC, v:1, k:ed@apagando, mode:FULL, rate:50
2026-03-24 18:22:41, EXEC, v:1, k:ed@apagando, mode:FULL, rate:58
2026-03-24 18:22:41, EXEC, v:1, k:ed@apagando, mode:FULL, rate:41
2026-03-24 18:22:42, EXEC, v:1, k:ed@apagando, mode:FULL, rate:58
2026-03-24 18:22:43, EXEC, v:1, k:ed@apagando, mode:FULL, rate:25
2026-03-24 18:22:44, EXEC, v:1, k:ed@apagando, mode:FULL, rate:41
2026-03-24 18:22:45, EXEC, v:1, k:ed@apagando, mode:FULL, rate:33
2026-03-24 18:22:45, EXEC, v:1, k:ed@apagando, mode:FULL, rate:41
2026-03-24 18:22:46, EXEC, v:1, k:ed@apagando, mode:FULL, rate:41
2026-03-24 18:22:47, EXEC, v:1, k:ed@apagando, mode:FULL, rate:50
2026-03-24 18:22:48, EXEC, v:1, k:ed@apagando, mode:FULL, rate:41
2026-03-24 18:22:49, EXEC, v:1, k:ed@apagando, mode:FULL, rate:50
2026-03-24 18:22:50, EXEC, v:1, k:ed@apagando, mode:FULL, rate:50
2026-03-24 18:22:50, EXEC, v:1, k:ed@apagando, mode:FULL, rate:41
2026-03-24 18:22:51, EXEC, v:1, k:ed@apagando, mode:FULL, rate:33
2026-03-24 18:22:52, EXEC, v:1, k:ed@apagando, mode:FULL, rate:50
2026-03-24 18:22:53, EXEC, v:1, k:ed@apagando, mode:FULL, rate:58
2026-03-24 18:22:54, EXEC, v:1, k:ed@apagando, mode:FULL, rate:41
2026-03-24 18:22:55, EXEC, v:1, k:ed@apagando, mode:FULL, rate:50
2026-03-24 18:22:55, EXEC, v:1, k:ed@apagando, mode:FULL, rate:41
2026-03-24 18:22:56, EXEC, v:1, k:ed@apagando, mode:FULL, rate:41
2026-03-24 18:22:57, EXEC, v:1, k:ed@apagando, mode:FULL, rate:33
2026-03-24 18:22:58, EXEC, v:1, k:ed@apagando, mode:FULL, rate:33
2026-03-24 18:22:59, EXEC, v:1, k:ed@apagando, mode:FULL, rate:41
2026-03-24 18:23:00, EXEC, v:1, k:ed@apagando, mode:FULL, rate:50
2026-03-24 18:23:01, EXEC, v:1, k:ed@apagando, mode:FULL, rate:58
2026-03-24 18:23:01, EXEC, v:1, k:ed@apagando, mode:FULL, rate:50
2026-03-24 18:23:02, EXEC, v:1, k:ed@apagando, mode:FULL, rate:33
2026-03-24 18:23:03, EXEC, v:1, k:ed@apagando, mode:FULL, rate:33
2026-03-24 18:23:04, EXEC, v:1, k:ed@apagando, mode:FULL, rate:41
2026-03-24 18:23:05, EXEC, v:1, k:ed@apagando, mode:FULL, rate:41
2026-03-24 18:23:05, EXEC, v:1, k:ed@apagando, mode:FULL, rate:41
2026-03-24 18:23:06, EXEC, v:1, k:ed@apagando, mode:FULL, rate:33
2026-03-24 18:23:07, EXEC, v:1, k:ed@apagando, mode:FULL, rate:41
2026-03-24 18:23:08, EXEC, v:1, k:ed@apagando, mode:FULL, rate:58
2026-03-24 18:23:09, EXEC, v:1, k:ed@apagando, mode:FULL, rate:41
2026-03-24 18:23:09, EXEC, v:1, k:ed@apagando, mode:FULL, rate:33
2026-03-24 18:23:10, EXEC, v:1, k:ed@apagando, mode:FULL, rate:50
2026-03-24 18:23:11, EXEC, v:1, k:ed@apagando, mode:FULL, rate:50
2026-03-24 18:23:12, EXEC, v:1, k:ed@apagando, mode:FULL, rate:50
2026-03-24 18:23:12, EXEC, v:1, k:ed@apagando, mode:FULL, rate:41
2026-03-24 18:23:13, EXEC, v:1, k:ed@apagando, mode:FULL, rate:50
2026-03-24 18:23:14, EXEC, v:1, k:ed@apagando, mode:FULL, rate:25
2026-03-24 18:23:15, EXEC, v:1, k:ed@apagando, mode:FULL, rate:33
2026-03-24 18:23:15, EXEC, v:1, k:ed@apagando, mode:FULL, rate:41
2026-03-24 18:23:16, EXEC, v:1, k:ed@apagando, mode:FULL, rate:41
2026-03-24 18:23:17, EXEC, v:1, k:ed@apagando, mode:FULL, rate:16
2026-03-24 18:23:18, EXEC, v:1, k:ed@apagando, mode:FULL, rate:41
2026-03-24 18:23:19, EXEC, v:1, k:ed@apagando, mode:FULL, rate:25
2026-03-24 18:23:19, EXEC, v:1, k:ed@apagando, mode:FULL, rate:33
2026-03-24 18:23:20, EXEC, v:1, k:ed@apagando, mode:FULL, rate:50
2026-03-24 18:23:21, EXEC, v:1, k:ed@apagando, mode:FULL, rate:41
2026-03-24 18:23:22, EXEC, v:1, k:ed@apagando, mode:FULL, rate:25
2026-03-24 18:23:23, EXEC, v:1, k:ed@apagando, mode:FULL, rate:50
2026-03-24 18:23:23, EXEC, v:1, k:ed@apagando, mode:FULL, rate:25
2026-03-24 18:23:24, EXEC, v:1, k:ed@apagando, mode:FULL, rate:50
2026-03-24 18:23:25, EXEC, v:1, k:ed@apagando, mode:FULL, rate:41
2026-03-24 18:23:26, EXEC, v:1, k:ed@apagando, mode:FULL, rate:33
2026-03-24 18:23:27, EXEC, v:1, k:ed@apagando, mode:FULL, rate:75
2026-03-24 18:23:28, EXEC, v:1, k:ed@apagando, mode:FULL, rate:50
2026-03-24 18:23:29, EXEC, v:1, k:ed@apagando, mode:FULL, rate:33
2026-03-24 18:23:30, EXEC, v:1, k:ed@apagando, mode:FULL, rate:41
2026-03-24 18:23:30, EXEC, v:1, k:ed@apagando, mode:FULL, rate:33
2026-03-24 18:23:31, EXEC, v:1, k:ed@apagando, mode:FULL, rate:33
2026-03-24 18:23:32, EXEC, v:1, k:ed@apagando, mode:FULL, rate:41
2026-03-24 18:23:33, EXEC, v:1, k:ed@apagando, mode:FULL, rate:41
2026-03-24 18:23:34, EXEC, v:1, k:ed@apagando, mode:FULL, rate:66
2026-03-24 18:23:35, EXEC, v:1, k:ed@apagando, mode:FULL, rate:50
2026-03-24 18:23:35, EXEC, v:1, k:ed@apagando, mode:FULL, rate:50
2026-03-24 18:23:36, EXEC, v:1, k:ed@apagando, mode:FULL, rate:41
2026-03-24 18:23:37, EXEC, v:1, k:ed@apagando, mode:FULL, rate:41
2026-03-24 18:23:38, EXEC, v:1, k:ed@apagando, mode:FULL, rate:50
2026-03-24 18:23:39, EXEC, v:1, k:ed@apagando, mode:FULL, rate:58
2026-03-24 18:23:40, EXEC, v:1, k:ed@apagando, mode:FULL, rate:41
2026-03-24 18:23:41, EXEC, v:1, k:ed@apagando, mode:FULL, rate:58
2026-03-24 18:23:41, EXEC, v:1, k:ed@apagando, mode:FULL, rate:41
2026-03-24 18:23:42, EXEC, v:1, k:ed@apagando, mode:FULL, rate:33
2026-03-24 18:23:43, EXEC, v:1, k:ed@apagando, mode:FULL, rate:50
2026-03-24 18:23:44, EXEC, v:1, k:ed@apagando, mode:FULL, rate:50
2026-03-24 18:23:45, EXEC, v:1, k:ed@apagando, mode:FULL, rate:41
2026-03-24 18:23:46, EXEC, v:1, k:ed@apagando, mode:FULL, rate:16
2026-03-24 18:23:47, EXEC, v:1, k:ed@apagando, mode:FULL, rate:50
2026-03-24 18:23:48, EXEC, v:1, k:ed@apagando, mode:FULL, rate:25
2026-03-24 18:23:48, EXEC, v:1, k:ed@apagando, mode:FULL, rate:50
2026-03-24 18:23:49, EXEC, v:1, k:ed@apagando, mode:FULL, rate:41
2026-03-24 18:23:50, EXEC, v:1, k:ed@apagando, mode:FULL, rate:50
2026-03-24 18:23:51, EXEC, v:1, k:ed@apagando, mode:FULL, rate:41
2026-03-24 18:23:52, EXEC, v:1, k:ed@apagando, mode:FULL, rate:50
2026-03-24 18:23:53, EXEC, v:1, k:ed@apagando, mode:FULL, rate:66
2026-03-24 18:23:53, EXEC, v:1, k:ed@apagando, mode:FULL, rate:33
2026-03-24 18:23:54, EXEC, v:1, k:ed@apagando, mode:FULL, rate:33
2026-03-24 18:23:55, EXEC, v:1, k:ed@apagando, mode:FULL, rate:33
2026-03-24 18:23:56, EXEC, v:1, k:ed@apagando, mode:FULL, rate:41
2026-03-24 18:23:57, EXEC, v:1, k:ed@apagando, mode:FULL, rate:25
2026-03-24 18:23:58, EXEC, v:1, k:ed@apagando, mode:FULL, rate:58
2026-03-24 18:23:59, EXEC, v:1, k:ed@apagando, mode:FULL, rate:50
2026-03-24 18:24:00, EXEC, v:1, k:ed@apagando, mode:FULL, rate:41
2026-03-24 18:24:00, EXEC, v:1, k:ed@apagando, mode:FULL, rate:41
2026-03-24 18:24:01, EXEC, v:1, k:ed@apagando, mode:FULL, rate:25
2026-03-24 18:24:02, EXEC, v:1, k:ed@apagando, mode:FULL, rate:41
2026-03-24 18:24:03, EXEC, v:1, k:ed@apagando, mode:FULL, rate:33
2026-03-24 18:24:04, EXEC, v:1, k:ed@apagando, mode:FULL, rate:50
2026-03-24 18:24:04, EXEC, v:1, k:ed@apagando, mode:FULL, rate:16
2026-03-24 18:24:05, EXEC, v:1, k:ed@apagando, mode:FULL, rate:25
2026-03-24 18:24:06, EXEC, v:1, k:ed@apagando, mode:FULL, rate:41
2026-03-24 18:24:07, EXEC, v:1, k:ed@apagando, mode:FULL, rate:25
2026-03-24 18:24:08, EXEC, v:1, k:ed@apagando, mode:FULL, rate:50
2026-03-24 18:24:08, EXEC, v:1, k:ed@apagando, mode:FULL, rate:50
2026-03-24 18:24:09, EXEC, v:1, k:ed@apagando, mode:FULL, rate:50
2026-03-24 18:24:10, EXEC, v:1, k:ed@apagando, mode:FULL, rate:41
2026-03-24 18:24:11, EXEC, v:1, k:ed@apagando, mode:FULL, rate:25
2026-03-24 18:24:12, EXEC, v:1, k:ed@apagando, mode:FULL, rate:25
2026-03-24 18:24:13, EXEC, v:1, k:ed@apagando, mode:FULL, rate:25
2026-03-24 18:24:13, EXEC, v:1, k:ed@apagando, mode:FULL, rate:25
2026-03-24 18:24:14, EXEC, v:1, k:ed@apagando, mode:FULL, rate:58
2026-03-24 18:24:15, EXEC, v:1, k:ed@apagando, mode:FULL, rate:58
2026-03-24 18:24:16, EXEC, v:1, k:ed@apagando, mode:FULL, rate:25
2026-03-24 18:24:17, EXEC, v:1, k:ed@apagando, mode:FULL, rate:50
2026-03-24 18:24:18, EXEC, v:1, k:ed@apagando, mode:FULL, rate:33
2026-03-24 18:24:18, EXEC, v:1, k:ed@apagando, mode:FULL, rate:41
2026-03-24 18:24:19, EXEC, v:1, k:ed@apagando, mode:FULL, rate:33
2026-03-24 18:24:20, EXEC, v:1, k:ed@apagando, mode:FULL, rate:33
2026-03-24 18:24:21, EXEC, v:1, k:ed@apagando, mode:FULL, rate:41
2026-03-24 18:24:22, EXEC, v:1, k:ed@apagando, mode:FULL, rate:33
2026-03-24 18:24:23, EXEC, v:1, k:ed@apagando, mode:FULL, rate:50
2026-03-24 18:24:23, EXEC, v:1, k:ed@apagando, mode:FULL, rate:25
2026-03-24 18:24:24, EXEC, v:1, k:ed@apagando, mode:FULL, rate:33
2026-03-24 18:24:25, EXEC, v:1, k:ed@apagando, mode:FULL, rate:41
2026-03-24 18:24:26, EXEC, v:1, k:ed@apagando, mode:FULL, rate:41
2026-03-24 18:24:27, EXEC, v:1, k:ed@apagando, mode:FULL, rate:41
2026-03-24 18:24:27, EXEC, v:1, k:ed@apagando, mode:FULL, rate:33
2026-03-24 18:24:28, EXEC, v:1, k:ed@apagando, mode:FULL, rate:50
2026-03-24 18:24:29, EXEC, v:1, k:ed@apagando, mode:FULL, rate:50
2026-03-24 18:24:30, EXEC, v:1, k:ed@apagando, mode:FULL, rate:33
2026-03-24 18:24:30, EXEC, v:1, k:ed@apagando, mode:FULL, rate:41
2026-03-24 18:24:31, EXEC, v:1, k:ed@apagando, mode:FULL, rate:25
2026-03-24 18:24:32, EXEC, v:1, k:ed@apagando, mode:FULL, rate:33
2026-03-24 18:24:33, EXEC, v:1, k:ed@apagando, mode:FULL, rate:50
2026-03-24 18:24:34, EXEC, v:1, k:ed@apagando, mode:FULL, rate:50
2026-03-24 18:24:35, EXEC, v:1, k:ed@apagando, mode:FULL, rate:50
2026-03-24 18:24:36, EXEC, v:1, k:ed@apagando, mode:FULL, rate:25
2026-03-24 18:24:36, EXEC, v:1, k:ed@apagando, mode:FULL, rate:33
2026-03-24 18:24:37, EXEC, v:1, k:ed@apagando, mode:FULL, rate:50
2026-03-24 18:24:38, EXEC, v:1, k:ed@apagando, mode:FULL, rate:41
2026-03-24 18:24:39, EXEC, v:1, k:ed@apagando, mode:FULL, rate:50
2026-03-24 18:24:40, EXEC, v:1, k:ed@apagando, mode:FULL, rate:58
2026-03-24 18:24:40, EXEC, v:1, k:ed@apagando, mode:FULL, rate:50
2026-03-24 18:24:41, EXEC, v:1, k:ed@apagando, mode:FULL, rate:58
2026-03-24 18:24:42, EXEC, v:1, k:ed@apagando, mode:FULL, rate:41
2026-03-24 18:24:43, EXEC, v:1, k:ed@apagando, mode:FULL, rate:58
2026-03-24 18:24:43, EXEC, v:1, k:ed@apagando, mode:FULL, rate:50
2026-03-24 18:24:44, EXEC, v:1, k:ed@apagando, mode:FULL, rate:25
2026-03-24 18:24:45, EXEC, v:1, k:ed@apagando, mode:FULL, rate:50
2026-03-24 18:24:46, EXEC, v:1, k:ed@apagando, mode:FULL, rate:25
2026-03-24 18:24:46, EXEC, v:1, k:ed@apagando, mode:FULL, rate:33
2026-03-24 18:24:47, EXEC, v:1, k:ed@apagando, mode:FULL, rate:16
2026-03-24 18:24:48, EXEC, v:1, k:ed@apagando, mode:FULL, rate:50
2026-03-24 18:24:49, EXEC, v:1, k:ed@apagando, mode:FULL, rate:41
2026-03-24 18:24:50, EXEC, v:1, k:ed@apagando, mode:FULL, rate:41
2026-03-24 18:24:50, EXEC, v:1, k:ed@apagando, mode:FREE
2026-03-24 18:25:31, MOVE, v:1, k:ed@apagando, mode:PICK
2026-03-24 18:25:32, EXEC, v:1, k:ed@apagando, mode:FULL, rate:50
2026-03-24 18:25:33, EXEC, v:1, k:ed@apagando, mode:FULL, rate:66
2026-03-24 18:25:34, EXEC, v:1, k:ed@apagando, mode:FULL, rate:33
2026-03-24 18:25:34, EXEC, v:1, k:ed@apagando, mode:FULL, rate:50
2026-03-24 18:25:35, EXEC, v:1, k:ed@apagando, mode:FULL, rate:25
2026-03-24 18:25:36, EXEC, v:1, k:ed@apagando, mode:FULL, rate:50
2026-03-24 18:25:37, EXEC, v:1, k:ed@apagando, mode:FULL, rate:50
2026-03-24 18:25:38, EXEC, v:1, k:ed@apagando, mode:FULL, rate:50
2026-03-24 18:25:38, EXEC, v:1, k:ed@apagando, mode:FULL, rate:58
2026-03-24 18:25:39, EXEC, v:1, k:ed@apagando, mode:FULL, rate:25
2026-03-24 18:25:40, EXEC, v:1, k:ed@apagando, mode:FULL, rate:33
2026-03-24 18:25:41, EXEC, v:1, k:ed@apagando, mode:FULL, rate:33
2026-03-24 18:25:42, EXEC, v:1, k:ed@apagando, mode:FULL, rate:25
2026-03-24 18:25:43, EXEC, v:1, k:ed@apagando, mode:FULL, rate:50
2026-03-24 18:25:43, EXEC, v:1, k:ed@apagando, mode:FULL, rate:25
2026-03-24 18:25:44, EXEC, v:1, k:ed@apagando, mode:FULL, rate:50
2026-03-24 18:25:45, EXEC, v:1, k:ed@apagando, mode:FULL, rate:50
2026-03-24 18:25:46, EXEC, v:1, k:ed@apagando, mode:FULL, rate:58
2026-03-24 18:25:47, EXEC, v:1, k:ed@apagando, mode:FULL, rate:58
2026-03-24 18:25:48, EXEC, v:1, k:ed@apagando, mode:FULL, rate:50
2026-03-24 18:25:48, EXEC, v:1, k:ed@apagando, mode:FULL, rate:58
2026-03-24 18:25:49, EXEC, v:1, k:ed@apagando, mode:FULL, rate:50
2026-03-24 18:25:50, EXEC, v:1, k:ed@apagando, mode:FULL, rate:41
2026-03-24 18:25:51, EXEC, v:1, k:ed@apagando, mode:FULL, rate:58
2026-03-24 18:25:52, EXEC, v:1, k:ed@apagando, mode:FULL, rate:33
2026-03-24 18:25:53, EXEC, v:1, k:ed@apagando, mode:FULL, rate:33
2026-03-24 18:25:54, EXEC, v:1, k:ed@apagando, mode:FULL, rate:25
2026-03-24 18:25:55, EXEC, v:1, k:ed@apagando, mode:FULL, rate:41
2026-03-24 18:25:55, EXEC, v:1, k:ed@apagando, mode:FULL, rate:58
2026-03-24 18:25:57, EXEC, v:1, k:ed@apagando, mode:FULL, rate:50
2026-03-24 18:25:58, EXEC, v:1, k:ed@apagando, mode:FULL, rate:33
2026-03-24 18:25:58, EXEC, v:1, k:ed@apagando, mode:FULL, rate:66
2026-03-24 18:25:59, EXEC, v:1, k:ed@apagando, mode:FULL, rate:41
2026-03-24 18:25:59, EXEC, v:1, k:ed@apagando, mode:FULL, rate:25
2026-03-24 18:25:59, EXEC, v:1, k:ed@apagando, mode:FULL, rate:50
2026-03-24 18:26:00, EXEC, v:1, k:ed@apagando, mode:FULL, rate:25
2026-03-24 18:26:00, EXEC, v:1, k:ed@apagando, mode:FULL, rate:66
2026-03-24 18:26:01, EXEC, v:1, k:ed@apagando, mode:FULL, rate:33
2026-03-24 18:26:01, EXEC, v:1, k:ed@apagando, mode:FULL, rate:58
2026-03-24 18:26:01, EXEC, v:1, k:ed@apagando, mode:FULL, rate:33
2026-03-24 18:26:02, EXEC, v:1, k:ed@apagando, mode:FULL, rate:41
2026-03-24 18:26:02, EXEC, v:1, k:ed@apagando, mode:FULL, rate:41
2026-03-24 18:26:03, EXEC, v:1, k:ed@apagando, mode:FULL, rate:58
2026-03-24 18:26:03, EXEC, v:1, k:ed@apagando, mode:FULL, rate:33
2026-03-24 18:26:03, EXEC, v:1, k:ed@apagando, mode:FULL, rate:50
2026-03-24 18:26:04, EXEC, v:1, k:ed@apagando, mode:FULL, rate:25
2026-03-24 18:26:04, EXEC, v:1, k:ed@apagando, mode:FULL, rate:16
2026-03-24 18:26:05, EXEC, v:1, k:ed@apagando, mode:FULL, rate:25
2026-03-24 18:26:05, EXEC, v:1, k:ed@apagando, mode:FULL, rate:50
2026-03-24 18:26:05, EXEC, v:1, k:ed@apagando, mode:FULL, rate:33
2026-03-24 18:26:06, EXEC, v:1, k:ed@apagando, mode:FULL, rate:41
2026-03-24 18:26:06, EXEC, v:1, k:ed@apagando, mode:FULL, rate:50
2026-03-24 18:26:07, EXEC, v:1, k:ed@apagando, mode:FULL, rate:66
2026-03-24 18:26:07, EXEC, v:1, k:ed@apagando, mode:FULL, rate:33
2026-03-24 18:26:08, EXEC, v:1, k:ed@apagando, mode:FULL, rate:33
2026-03-24 18:26:08, EXEC, v:1, k:ed@apagando, mode:FULL, rate:25
2026-03-24 18:26:08, EXEC, v:1, k:ed@apagando, mode:FULL, rate:16
2026-03-24 18:26:09, EXEC, v:1, k:ed@apagando, mode:FULL, rate:25
2026-03-24 18:26:09, EXEC, v:1, k:ed@apagando, mode:FULL, rate:58
2026-03-24 18:26:10, EXEC, v:1, k:ed@apagando, mode:FULL, rate:58
2026-03-24 18:26:10, EXEC, v:1, k:ed@apagando, mode:FULL, rate:16
2026-03-24 18:26:10, EXEC, v:1, k:ed@apagando, mode:FULL, rate:50
2026-03-24 18:26:11, EXEC, v:1, k:ed@apagando, mode:FULL, rate:33
2026-03-24 18:26:11, EXEC, v:1, k:ed@apagando, mode:FULL, rate:58
2026-03-24 18:26:11, EXEC, v:1, k:ed@apagando, mode:FULL, rate:33
2026-03-24 18:26:12, EXEC, v:1, k:ed@apagando, mode:FULL, rate:33
2026-03-24 18:26:12, EXEC, v:1, k:ed@apagando, mode:FULL, rate:33
2026-03-24 18:26:13, EXEC, v:1, k:ed@apagando, mode:FULL, rate:33
2026-03-24 18:26:13, EXEC, v:1, k:ed@apagando, mode:FULL, rate:33
2026-03-24 18:26:13, EXEC, v:1, k:ed@apagando, mode:FULL, rate:58
2026-03-24 18:26:14, EXEC, v:1, k:ed@apagando, mode:FULL, rate:58
2026-03-24 18:26:14, EXEC, v:1, k:ed@apagando, mode:FULL, rate:16
2026-03-24 18:26:15, EXEC, v:1, k:ed@apagando, mode:FULL, rate:41
2026-03-24 18:26:15, EXEC, v:1, k:ed@apagando, mode:FULL, rate:25
2026-03-24 18:26:15, EXEC, v:1, k:ed@apagando, mode:FULL, rate:33
2026-03-24 18:26:16, EXEC, v:1, k:ed@apagando, mode:FULL, rate:16
2026-03-24 18:26:16, EXEC, v:1, k:ed@apagando, mode:FULL, rate:41
2026-03-24 18:26:17, EXEC, v:1, k:ed@apagando, mode:FULL, rate:8
2026-03-24 18:26:17, EXEC, v:1, k:ed@apagando, mode:FULL, rate:50
2026-03-24 18:26:18, EXEC, v:1, k:ed@apagando, mode:FULL, rate:33
2026-03-24 18:26:18, EXEC, v:1, k:ed@apagando, mode:FULL, rate:33
2026-03-24 18:26:18, EXEC, v:1, k:ed@apagando, mode:FULL, rate:50
2026-03-24 18:26:19, EXEC, v:1, k:ed@apagando, mode:FULL, rate:41
2026-03-24 18:26:19, EXEC, v:1, k:ed@apagando, mode:FULL, rate:25
2026-03-24 18:26:20, EXEC, v:1, k:ed@apagando, mode:FULL, rate:50
2026-03-24 18:26:20, EXEC, v:1, k:ed@apagando, mode:FULL, rate:58
2026-03-24 18:26:20, EXEC, v:1, k:ed@apagando, mode:FULL, rate:50
2026-03-24 18:26:21, EXEC, v:1, k:ed@apagando, mode:FULL, rate:41
2026-03-24 18:26:21, EXEC, v:1, k:ed@apagando, mode:FULL, rate:50
2026-03-24 18:26:21, EXEC, v:1, k:ed@apagando, mode:FULL, rate:33
2026-03-24 18:26:22, EXEC, v:1, k:ed@apagando, mode:FULL, rate:33
2026-03-24 18:26:22, EXEC, v:1, k:ed@apagando, mode:FULL, rate:50
2026-03-24 18:26:23, EXEC, v:1, k:ed@apagando, mode:FULL, rate:58
2026-03-24 18:26:23, EXEC, v:1, k:ed@apagando, mode:FULL, rate:50
2026-03-24 18:26:24, EXEC, v:1, k:ed@apagando, mode:FULL, rate:33
2026-03-24 18:26:24, EXEC, v:1, k:ed@apagando, mode:FULL, rate:41
2026-03-24 18:26:24, EXEC, v:1, k:ed@apagando, mode:FULL, rate:58
2026-03-24 18:26:25, EXEC, v:1, k:ed@apagando, mode:FULL, rate:33
2026-03-24 18:26:25, EXEC, v:1, k:ed@apagando, mode:FULL, rate:16
2026-03-24 18:26:26, EXEC, v:1, k:ed@apagando, mode:FULL, rate:25
2026-03-24 18:26:26, EXEC, v:1, k:ed@apagando, mode:FULL, rate:58
2026-03-24 18:26:26, EXEC, v:1, k:ed@apagando, mode:FULL, rate:41
2026-03-24 18:26:27, EXEC, v:1, k:ed@apagando, mode:FULL, rate:16
2026-03-24 18:26:27, EXEC, v:1, k:ed@apagando, mode:FULL, rate:50
2026-03-24 18:26:28, EXEC, v:1, k:ed@apagando, mode:FULL, rate:25
2026-03-24 18:26:28, EXEC, v:1, k:ed@apagando, mode:FULL, rate:41
2026-03-24 18:26:29, EXEC, v:1, k:ed@apagando, mode:FULL, rate:41
2026-03-24 18:26:29, EXEC, v:1, k:ed@apagando, mode:FULL, rate:58
2026-03-24 18:26:29, EXEC, v:1, k:ed@apagando, mode:FULL, rate:33
2026-03-24 18:26:30, EXEC, v:1, k:ed@apagando, mode:FULL, rate:41
2026-03-24 18:26:30, EXEC, v:1, k:ed@apagando, mode:FULL, rate:41
2026-03-24 18:26:34, EXEC, v:1, k:ed@apagando, mode:FULL, rate:50
2026-03-24 18:26:35, EXEC, v:1, k:ed@apagando, mode:FULL, rate:33
2026-03-24 18:26:36, EXEC, v:1, k:ed@apagando, mode:FULL, rate:41
2026-03-24 18:26:36, EXEC, v:1, k:ed@apagando, mode:FULL, rate:33
2026-03-24 18:26:37, EXEC, v:1, k:ed@apagando, mode:FULL, rate:50
2026-03-24 18:26:39, EXEC, v:1, k:ed@apagando, mode:FULL, rate:50
2026-03-24 18:26:40, EXEC, v:1, k:ed@apagando, mode:FULL, rate:16
2026-03-24 18:26:41, EXEC, v:1, k:ed@apagando, mode:FULL, rate:33
2026-03-24 18:26:42, EXEC, v:1, k:ed@apagando, mode:FULL, rate:41
2026-03-24 18:26:43, EXEC, v:1, k:ed@apagando, mode:FULL, rate:33
2026-03-24 18:26:44, EXEC, v:1, k:ed@apagando, mode:FULL, rate:41
2026-03-24 18:26:45, EXEC, v:1, k:ed@apagando, mode:FULL, rate:58
2026-03-24 18:26:45, EXEC, v:1, k:ed@apagando, mode:FULL, rate:41
2026-03-24 18:27:11, EXEC, v:1, k:ed@apagando, mode:FULL, rate:66
2026-03-24 18:27:13, EXEC, v:1, k:ed@apagando, mode:FULL, rate:41
2026-03-24 18:27:14, EXEC, v:1, k:ed@apagando, mode:FULL, rate:33
2026-03-24 18:27:14, EXEC, v:1, k:ed@apagando, mode:FULL, rate:25
2026-03-24 18:27:15, EXEC, v:1, k:ed@apagando, mode:FULL, rate:41
2026-03-24 18:27:16, EXEC, v:1, k:ed@apagando, mode:FULL, rate:50
2026-03-24 18:27:17, EXEC, v:1, k:ed@apagando, mode:FULL, rate:41
2026-03-24 18:27:18, EXEC, v:1, k:ed@apagando, mode:FULL, rate:58
2026-03-24 18:27:19, EXEC, v:1, k:ed@apagando, mode:FULL, rate:33
2026-03-24 18:27:20, EXEC, v:1, k:ed@apagando, mode:FULL, rate:25
2026-03-24 18:27:21, EXEC, v:1, k:ed@apagando, mode:FULL, rate:75
2026-03-24 18:27:21, EXEC, v:1, k:ed@apagando, mode:FULL, rate:8
2026-03-24 18:27:22, EXEC, v:1, k:ed@apagando, mode:FULL, rate:75
2026-03-24 18:27:24, EXEC, v:1, k:ed@apagando, mode:FULL, rate:41
2026-03-24 18:27:25, EXEC, v:1, k:ed@apagando, mode:FULL, rate:41
2026-03-24 18:27:26, EXEC, v:1, k:ed@apagando, mode:FULL, rate:41
2026-03-24 18:27:27, EXEC, v:1, k:ed@apagando, mode:FULL, rate:25
2026-03-24 18:27:29, EXEC, v:1, k:ed@apagando, mode:FULL, rate:50
2026-03-24 18:27:29, EXEC, v:1, k:ed@apagando, mode:FULL, rate:41
2026-03-24 18:27:31, EXEC, v:1, k:ed@apagando, mode:FULL, rate:33
2026-03-24 18:27:31, EXEC, v:1, k:ed@apagando, mode:FULL, rate:50
2026-03-24 18:27:32, EXEC, v:1, k:ed@apagando, mode:FULL, rate:25
2026-03-24 18:27:33, EXEC, v:1, k:ed@apagando, mode:FULL, rate:41
2026-03-24 18:27:34, EXEC, v:1, k:ed@apagando, mode:FULL, rate:50
2026-03-24 18:27:35, EXEC, v:1, k:ed@apagando, mode:FULL, rate:50
2026-03-24 18:27:36, EXEC, v:1, k:ed@apagando, mode:FULL, rate:25
2026-03-24 18:27:37, EXEC, v:1, k:ed@apagando, mode:FULL, rate:50
2026-03-24 18:27:37, EXEC, v:1, k:ed@apagando, mode:FULL, rate:66
2026-03-24 18:27:38, EXEC, v:1, k:ed@apagando, mode:FULL, rate:33
2026-03-24 18:27:39, EXEC, v:1, k:ed@apagando, mode:FULL, rate:33
2026-03-24 18:27:40, EXEC, v:1, k:ed@apagando, mode:FULL, rate:66
2026-03-24 18:27:41, EXEC, v:1, k:ed@apagando, mode:FULL, rate:25
2026-03-24 18:27:42, EXEC, v:1, k:ed@apagando, mode:FULL, rate:41
2026-03-24 18:27:43, EXEC, v:1, k:ed@apagando, mode:FULL, rate:33
2026-03-24 18:27:44, EXEC, v:1, k:ed@apagando, mode:FULL, rate:50
2026-03-24 18:27:44, EXEC, v:1, k:ed@apagando, mode:FULL, rate:41
2026-03-24 18:27:45, EXEC, v:1, k:ed@apagando, mode:FULL, rate:58
2026-03-24 18:27:46, EXEC, v:1, k:ed@apagando, mode:FULL, rate:50
2026-03-24 18:27:48, EXEC, v:1, k:ed@apagando, mode:FULL, rate:50
2026-03-24 18:27:50, EXEC, v:1, k:ed@apagando, mode:FULL, rate:33
2026-03-24 18:27:52, EXEC, v:1, k:ed@apagando, mode:FULL, rate:33
2026-03-24 18:27:54, EXEC, v:1, k:ed@apagando, mode:FULL, rate:58
2026-03-24 18:27:54, EXEC, v:1, k:ed@apagando, mode:FULL, rate:58
2026-03-24 18:28:01, EXEC, v:1, k:ed@apagando, mode:FULL, rate:33
2026-03-24 18:28:01, EXEC, v:1, k:ed@apagando, mode:FULL, rate:41
2026-03-24 18:28:02, EXEC, v:1, k:ed@apagando, mode:FULL, rate:66
2026-03-24 18:28:04, EXEC, v:1, k:ed@apagando, mode:FULL, rate:33
2026-03-24 18:28:05, EXEC, v:1, k:ed@apagando, mode:FULL, rate:16
2026-03-24 18:28:06, EXEC, v:1, k:ed@apagando, mode:FULL, rate:58
2026-03-24 18:28:07, EXEC, v:1, k:ed@apagando, mode:FULL, rate:33
2026-03-24 18:28:08, EXEC, v:1, k:ed@apagando, mode:FULL, rate:25
2026-03-24 18:28:09, EXEC, v:1, k:ed@apagando, mode:FULL, rate:41
2026-03-24 18:28:09, EXEC, v:1, k:ed@apagando, mode:FULL, rate:83
2026-03-24 18:28:12, EXEC, v:1, k:ed@apagando, mode:FULL, rate:41
2026-03-24 18:28:13, EXEC, v:1, k:ed@apagando, mode:FULL, rate:41
2026-03-24 18:28:14, EXEC, v:1, k:ed@apagando, mode:FULL, rate:41
2026-03-24 18:28:16, EXEC, v:1, k:ed@apagando, mode:FULL, rate:41
2026-03-24 18:28:17, EXEC, v:1, k:ed@apagando, mode:FULL, rate:50
2026-03-24 18:28:17, EXEC, v:1, k:ed@apagando, mode:FULL, rate:41
2026-03-24 18:28:18, EXEC, v:1, k:ed@apagando, mode:FULL, rate:33
2026-03-24 18:28:19, EXEC, v:1, k:ed@apagando, mode:FULL, rate:33
2026-03-24 18:28:20, EXEC, v:1, k:ed@apagando, mode:FULL, rate:33
2026-03-24 18:28:21, EXEC, v:1, k:ed@apagando, mode:FULL, rate:33
2026-03-24 18:28:22, EXEC, v:1, k:ed@apagando, mode:FULL, rate:25
2026-03-24 18:28:23, EXEC, v:1, k:ed@apagando, mode:FULL, rate:33
2026-03-24 18:28:23, EXEC, v:1, k:ed@apagando, mode:FULL, rate:58
2026-03-24 18:28:24, EXEC, v:1, k:ed@apagando, mode:FULL, rate:33
2026-03-24 18:28:25, EXEC, v:1, k:ed@apagando, mode:FULL, rate:33
2026-03-24 18:28:26, EXEC, v:1, k:ed@apagando, mode:FULL, rate:33
2026-03-24 18:28:27, EXEC, v:1, k:ed@apagando, mode:FULL, rate:25
2026-03-24 18:28:28, EXEC, v:1, k:ed@apagando, mode:FULL, rate:50
2026-03-24 18:28:28, EXEC, v:1, k:ed@apagando, mode:FULL, rate:33
2026-03-24 18:28:29, EXEC, v:1, k:ed@apagando, mode:FULL, rate:58
2026-03-24 18:28:30, MOVE, v:1, k:ed@apagando, mode:BACK
2026-03-24 18:28:40, MOVE, v:1, k:ed@apagando, mode:PICK
2026-03-24 18:28:41, EXEC, v:1, k:ed@apagando, mode:FULL, rate:33
2026-03-24 18:28:42, EXEC, v:1, k:ed@apagando, mode:FULL, rate:33
2026-03-24 18:28:43, EXEC, v:1, k:ed@apagando, mode:FULL, rate:33
2026-03-24 18:28:44, EXEC, v:1, k:ed@apagando, mode:FULL, rate:66
2026-03-24 18:28:45, EXEC, v:1, k:ed@apagando, mode:FULL, rate:33
2026-03-24 18:28:46, EXEC, v:1, k:ed@apagando, mode:FULL, rate:50
2026-03-24 18:28:46, EXEC, v:1, k:ed@apagando, mode:FULL, rate:58
2026-03-24 18:28:47, EXEC, v:1, k:ed@apagando, mode:FULL, rate:41
2026-03-24 18:28:48, EXEC, v:1, k:ed@apagando, mode:FULL, rate:25
2026-03-24 18:28:49, EXEC, v:1, k:ed@apagando, mode:FULL, rate:33
2026-03-24 18:28:50, EXEC, v:1, k:ed@apagando, mode:FULL, rate:25
2026-03-24 18:28:51, EXEC, v:1, k:ed@apagando, mode:FULL, rate:58
2026-03-24 18:28:51, EXEC, v:1, k:ed@apagando, mode:FULL, rate:25
2026-03-24 18:28:52, EXEC, v:1, k:ed@apagando, mode:FULL, rate:50
2026-03-24 18:28:53, EXEC, v:1, k:ed@apagando, mode:FULL, rate:33
2026-03-24 18:28:54, EXEC, v:1, k:ed@apagando, mode:FULL, rate:50
2026-03-24 18:28:54, EXEC, v:1, k:ed@apagando, mode:FULL, rate:50
2026-03-24 18:28:55, EXEC, v:1, k:ed@apagando, mode:FULL, rate:58
2026-03-24 18:28:56, EXEC, v:1, k:ed@apagando, mode:FULL, rate:66
2026-03-24 18:28:57, EXEC, v:1, k:ed@apagando, mode:FULL, rate:25
2026-03-24 18:28:58, EXEC, v:1, k:ed@apagando, mode:FULL, rate:33
2026-03-24 18:28:59, EXEC, v:1, k:ed@apagando, mode:FULL, rate:41
2026-03-24 18:29:00, EXEC, v:1, k:ed@apagando, mode:FULL, rate:50
2026-03-24 18:29:00, EXEC, v:1, k:ed@apagando, mode:FULL, rate:33
2026-03-24 18:29:01, EXEC, v:1, k:ed@apagando, mode:FULL, rate:41
2026-03-24 18:29:02, EXEC, v:1, k:ed@apagando, mode:FULL, rate:58
2026-03-24 18:29:03, EXEC, v:1, k:ed@apagando, mode:FULL, rate:33
2026-03-24 18:29:04, EXEC, v:1, k:ed@apagando, mode:FULL, rate:58
2026-03-24 18:29:05, EXEC, v:1, k:ed@apagando, mode:FULL, rate:16
2026-03-24 18:29:05, EXEC, v:1, k:ed@apagando, mode:FULL, rate:66
2026-03-24 18:29:06, EXEC, v:1, k:ed@apagando, mode:FULL, rate:58
2026-03-24 18:29:07, EXEC, v:1, k:ed@apagando, mode:FULL, rate:25
2026-03-24 18:29:08, EXEC, v:1, k:ed@apagando, mode:FULL, rate:50
2026-03-24 18:29:41, EXEC, v:1, k:ed@apagando, mode:FULL, rate:33
2026-03-24 18:29:42, EXEC, v:1, k:ed@apagando, mode:FULL, rate:33
2026-03-24 18:29:43, EXEC, v:1, k:ed@apagando, mode:FULL, rate:41
2026-03-24 18:29:44, EXEC, v:1, k:ed@apagando, mode:FULL, rate:50
2026-03-24 18:29:49, EXEC, v:1, k:ed@apagando, mode:FULL, rate:50
2026-03-24 18:29:49, EXEC, v:1, k:ed@apagando, mode:FULL, rate:58
2026-03-24 18:29:58, EXEC, v:1, k:ed@apagando, mode:FULL, rate:41
2026-03-24 18:29:58, EXEC, v:1, k:ed@apagando, mode:FULL, rate:50
2026-03-24 18:29:59, EXEC, v:1, k:ed@apagando, mode:FULL, rate:50
2026-03-24 18:30:00, EXEC, v:1, k:ed@apagando, mode:FULL, rate:41
2026-03-24 18:30:01, EXEC, v:1, k:ed@apagando, mode:FULL, rate:33
2026-03-24 18:30:02, EXEC, v:1, k:ed@apagando, mode:FULL, rate:25
2026-03-24 18:30:02, EXEC, v:1, k:ed@apagando, mode:FULL, rate:33
2026-03-24 18:30:03, EXEC, v:1, k:ed@apagando, mode:FULL, rate:41
2026-03-24 18:30:04, EXEC, v:1, k:ed@apagando, mode:FULL, rate:41
2026-03-24 18:30:05, EXEC, v:1, k:ed@apagando, mode:FULL, rate:41
2026-03-24 18:30:06, EXEC, v:1, k:ed@apagando, mode:FULL, rate:41
2026-03-24 18:30:06, EXEC, v:1, k:ed@apagando, mode:FULL, rate:50
2026-03-24 18:30:07, EXEC, v:1, k:ed@apagando, mode:FULL, rate:66
2026-03-24 18:30:08, EXEC, v:1, k:ed@apagando, mode:FULL, rate:41
2026-03-24 18:30:09, EXEC, v:1, k:ed@apagando, mode:FULL, rate:33
2026-03-24 18:30:09, EXEC, v:1, k:ed@apagando, mode:FULL, rate:41
2026-03-24 18:30:10, EXEC, v:1, k:ed@apagando, mode:FULL, rate:33
2026-03-24 18:30:11, EXEC, v:1, k:ed@apagando, mode:FULL, rate:33
2026-03-24 18:30:12, EXEC, v:1, k:ed@apagando, mode:FULL, rate:50
2026-03-24 18:30:14, EXEC, v:1, k:ed@apagando, mode:FULL, rate:50
2026-03-24 18:30:22, EXEC, v:1, k:ed@apagando, mode:FULL, rate:50
2026-03-24 18:30:22, EXEC, v:1, k:ed@apagando, mode:FULL, rate:25
2026-03-24 18:30:23, EXEC, v:1, k:ed@apagando, mode:FULL, rate:33
2026-03-24 18:30:24, EXEC, v:1, k:ed@apagando, mode:FULL, rate:41
2026-03-24 18:30:25, EXEC, v:1, k:ed@apagando, mode:FULL, rate:58
2026-03-24 18:30:25, EXEC, v:1, k:ed@apagando, mode:FULL, rate:50
2026-03-24 18:30:26, EXEC, v:1, k:ed@apagando, mode:FULL, rate:50
2026-03-24 18:30:27, EXEC, v:1, k:ed@apagando, mode:FULL, rate:33
2026-03-24 18:30:28, EXEC, v:1, k:ed@apagando, mode:FULL, rate:50
2026-03-24 18:30:28, EXEC, v:1, k:ed@apagando, mode:FULL, rate:41
2026-03-24 18:30:29, EXEC, v:1, k:ed@apagando, mode:FULL, rate:41
2026-03-24 18:30:30, EXEC, v:1, k:ed@apagando, mode:FULL, rate:50
2026-03-24 18:30:31, EXEC, v:1, k:ed@apagando, mode:FULL, rate:41
2026-03-24 18:30:32, EXEC, v:1, k:ed@apagando, mode:FULL, rate:41
2026-03-24 18:30:33, EXEC, v:1, k:ed@apagando, mode:FULL, rate:33
2026-03-24 18:30:33, EXEC, v:1, k:ed@apagando, mode:FULL, rate:66
2026-03-24 18:30:34, EXEC, v:1, k:ed@apagando, mode:FULL, rate:33
2026-03-24 18:30:44, EXEC, v:1, k:ed@apagando, mode:FULL, rate:58
2026-03-24 18:30:45, EXEC, v:1, k:ed@apagando, mode:FULL, rate:58
2026-03-24 18:30:46, EXEC, v:1, k:ed@apagando, mode:FULL, rate:58
2026-03-24 18:30:46, EXEC, v:1, k:ed@apagando, mode:FULL, rate:33
2026-03-24 18:30:47, EXEC, v:1, k:ed@apagando, mode:FULL, rate:33
2026-03-24 18:30:48, EXEC, v:1, k:ed@apagando, mode:FULL, rate:41
2026-03-24 18:30:49, EXEC, v:1, k:ed@apagando, mode:FULL, rate:50
2026-03-24 18:30:49, EXEC, v:1, k:ed@apagando, mode:FULL, rate:25
2026-03-24 18:30:50, EXEC, v:1, k:ed@apagando, mode:FULL, rate:41
2026-03-24 18:30:51, EXEC, v:1, k:ed@apagando, mode:FULL, rate:41
2026-03-24 18:30:52, EXEC, v:1, k:ed@apagando, mode:FULL, rate:33
2026-03-24 18:30:53, EXEC, v:1, k:ed@apagando, mode:FULL, rate:58
2026-03-24 18:30:53, EXEC, v:1, k:ed@apagando, mode:FULL, rate:41
2026-03-24 18:30:54, EXEC, v:1, k:ed@apagando, mode:FULL, rate:75
2026-03-24 18:30:55, EXEC, v:1, k:ed@apagando, mode:FULL, rate:41
2026-03-24 18:30:56, EXEC, v:1, k:ed@apagando, mode:FULL, rate:16
2026-03-24 18:30:57, EXEC, v:1, k:ed@apagando, mode:FULL, rate:41
2026-03-24 18:30:58, EXEC, v:1, k:ed@apagando, mode:FULL, rate:50
2026-03-24 18:30:59, EXEC, v:1, k:ed@apagando, mode:FULL, rate:25
2026-03-24 18:31:00, EXEC, v:1, k:ed@apagando, mode:FULL, rate:16
2026-03-24 18:31:00, EXEC, v:1, k:ed@apagando, mode:FULL, rate:41
2026-03-24 18:31:01, EXEC, v:1, k:ed@apagando, mode:FULL, rate:33
2026-03-24 18:31:02, EXEC, v:1, k:ed@apagando, mode:FULL, rate:50
2026-03-24 18:31:03, EXEC, v:1, k:ed@apagando, mode:FULL, rate:50
2026-03-24 18:31:04, EXEC, v:1, k:ed@apagando, mode:FULL, rate:33
2026-03-24 18:31:05, EXEC, v:1, k:ed@apagando, mode:FULL, rate:25
2026-03-24 18:31:05, EXEC, v:1, k:ed@apagando, mode:FULL, rate:50
2026-03-24 18:31:06, EXEC, v:1, k:ed@apagando, mode:FULL, rate:33
2026-03-24 18:31:07, MOVE, v:1, k:ed@apagando, mode:BACK
2026-03-24 18:33:11, MOVE, v:1, k:ed@apagando, mode:PICK
2026-03-24 18:33:12, EXEC, v:1, k:ed@apagando, mode:FULL, rate:0, size:67
2026-03-24 18:33:41, EXEC, v:1, k:ed@apagando, mode:FULL, rate:0, size:67
2026-03-24 18:34:13, EXEC, v:1, k:ed@apagando, mode:FULL, rate:0, size:67
2026-03-24 18:34:25, EXEC, v:1, k:ed@apagando, mode:FULL, rate:0, size:67
2026-03-24 18:34:26, EXEC, v:1, k:ed@apagando, mode:FULL, rate:0
2026-03-24 18:34:39, EXEC, v:1, k:ed@apagando, mode:FULL, rate:0
2026-03-24 18:35:57, EXEC, v:1, k:ed@apagando, mode:FULL, size:53, fail:COMP
2026-03-24 18:35:58, EXEC, v:1, k:ed@apagando, mode:FULL, size:40, fail:COMP
2026-03-24 18:36:37, EXEC, v:1, k:ed@apagando, mode:FULL, size:62, fail:COMP
2026-03-24 18:36:38, EXEC, v:1, k:ed@apagando, mode:FULL, fail:COMP
2026-03-24 18:36:43, EXEC, v:1, k:ed@apagando, mode:FULL, fail:COMP
2026-03-24 18:36:45, EXEC, v:1, k:ed@apagando, mode:FULL, rate:0, size:61
2026-03-24 18:36:53, EXEC, v:1, k:ed@apagando, mode:FULL, rate:0, size:61
2026-03-24 18:37:23, EXEC, v:1, k:ed@apagando, mode:FULL, rate:0, size:61
2026-03-24 18:38:23, EXEC, v:1, k:ed@apagando, mode:FULL, rate:0, size:63
2026-03-24 18:42:47, EXEC, v:1, k:ed@apagando, mode:FULL, rate:0, size:63
2026-03-24 18:43:25, EXEC, v:1, k:ed@apagando, mode:FULL, rate:0, size:63
2026-03-24 18:51:17, MOVE, v:1, k:ed@apagando, mode:BACK
