2026-04-09 11:17:42, MOVE, v:1, k:ed@resto, mode:DOWN
2026-04-09 11:17:56, MOVE, v:1, k:ed@resto, mode:PICK
2026-04-09 11:17:42, MOVE, v:1, k:ed@resto, mode:EDIT
2026-04-09 11:22:13, MOVE, v:1, k:ed@resto, mode:EDIT
2026-04-09 11:24:29, EXEC, v:1, k:ed@resto, mode:FULL, rate:0, size:29
2026-04-09 11:27:04, EXEC, v:1, k:ed@resto, mode:FULL, rate:0, size:29
2026-04-09 11:27:02, MOVE, v:1, k:ed@resto, mode:EDIT
2026-04-09 11:27:04, MOVE, v:1, k:ed@resto, mode:EDIT
2026-04-09 11:28:42, EXEC, v:1, k:ed@resto, mode:FULL, rate:0, size:30
2026-04-09 11:29:36, EXEC, v:1, k:ed@resto, mode:FULL, rate:0, size:30
2026-04-09 11:30:15, EXEC, v:1, k:ed@resto, mode:FULL, rate:0, size:21
2026-04-09 11:30:51, EXEC, v:1, k:ed@resto, mode:FULL, rate:100, size:27
2026-04-09 11:30:53, MOVE, v:1, k:ed@resto, mode:BACK
2026-04-09 11:31:25, SELF, v:1, k:ed@resto, self:1, rate:100, study:10
2026-04-09 11:31:40, MOVE, v:1, k:ed@mdc, mode:PICK
2026-04-09 11:31:47, EXEC, v:1, k:ed@mdc, mode:FULL, rate:0, size:15
2026-04-09 11:30:51, MOVE, v:1, k:ed@resto, mode:EDIT
2026-04-09 11:30:51, MOVE, v:1, k:ed@resto, mode:EDIT
2026-04-09 11:31:46, MOVE, v:1, k:ed@mdc, mode:EDIT
2026-04-09 11:31:47, MOVE, v:1, k:ed@mdc, mode:EDIT
2026-04-09 11:34:43, MOVE, v:1, k:ed@mdc, mode:BACK
2026-04-09 11:35:14, MOVE, v:1, k:ed@vetequals, mode:DOWN
2026-04-09 11:35:16, MOVE, v:1, k:ed@vetequals, mode:PICK
2026-04-09 11:33:19, MOVE, v:1, k:ed@mdc, mode:EDIT
2026-04-09 11:35:14, MOVE, v:1, k:ed@vetequals, mode:EDIT
2026-04-09 11:36:54, MOVE, v:1, k:ed@vetequals, mode:EDIT
2026-04-09 11:40:20, EXEC, v:1, k:ed@vetequals, mode:FULL, rate:80, size:57
2026-04-09 11:41:51, MOVE, v:1, k:ed@vetequals, mode:EDIT
2026-04-09 11:40:20, MOVE, v:1, k:ed@vetequals, mode:EDIT
2026-04-09 11:42:49, EXEC, v:1, k:ed@vetequals, mode:FULL, rate:70, size:57
2026-04-09 11:44:24, EXEC, v:1, k:ed@vetequals, mode:FULL, rate:80, size:57
2026-04-09 11:45:05, EXEC, v:1, k:ed@vetequals, mode:FULL, rate:0, size:59
2026-04-09 11:45:50, EXEC, v:1, k:ed@vetequals, mode:FULL, rate:80, size:57
2026-04-09 11:46:52, EXEC, v:1, k:ed@vetequals, mode:FULL, rate:30, size:57
2026-04-09 11:47:37, MOVE, v:1, k:ed@vetequals, mode:PICK
2026-04-09 11:47:40, EXEC, v:1, k:ed@vetequals, mode:FULL, rate:80, size:57
2026-04-09 11:48:03, EXEC, v:1, k:ed@vetequals, mode:FULL, rate:0, size:59
2026-04-09 11:48:44, EXEC, v:1, k:ed@vetequals, mode:FULL, rate:0, size:59
2026-04-09 11:49:41, MOVE, v:1, k:ed@vetequals, mode:BACK
2026-04-09 11:49:42, MOVE, v:1, k:ed@vetequals, mode:PICK
2026-04-09 11:50:31, EXEC, v:1, k:ed@vetequals, mode:FULL, rate:30, size:57
2026-04-09 11:50:59, EXEC, v:1, k:ed@vetequals, mode:FULL, rate:80, size:57
2026-04-09 11:50:59, MOVE, v:1, k:ed@vetequals, mode:EDIT
2026-04-09 11:50:58, MOVE, v:1, k:ed@vetequals, mode:EDIT
2026-04-09 11:53:57, EXEC, v:1, k:ed@vetequals, mode:FULL, rate:10, size:57
2026-04-09 11:55:17, EXEC, v:1, k:ed@vetequals, mode:FULL, rate:80, size:57
2026-04-09 11:55:42, EXEC, v:1, k:ed@vetequals, mode:FULL, rate:0, size:59
2026-04-09 11:56:59, EXEC, v:1, k:ed@vetequals, mode:FULL, rate:80, size:57
2026-04-09 11:57:07, EXEC, v:1, k:ed@vetequals, mode:FULL, rate:80, size:56
2026-04-09 11:57:12, MOVE, v:1, k:ed@vetequals, mode:EDIT
2026-04-09 11:57:07, MOVE, v:1, k:ed@vetequals, mode:EDIT
2026-04-09 11:59:14, EXEC, v:1, k:ed@vetequals, mode:FULL, rate:10, size:58
2026-04-09 11:59:26, EXEC, v:1, k:ed@vetequals, mode:FULL, rate:80, size:60
2026-04-09 12:00:05, EXEC, v:1, k:ed@vetequals, mode:FULL, rate:0, size:60
2026-04-09 12:00:14, EXEC, v:1, k:ed@vetequals, mode:FULL, rate:80, size:60
2026-04-09 12:02:04, EXEC, v:1, k:ed@vetequals, mode:FULL, rate:70, size:60
2026-04-09 12:02:03, MOVE, v:1, k:ed@vetequals, mode:EDIT
2026-04-09 12:02:04, MOVE, v:1, k:ed@vetequals, mode:EDIT
2026-04-09 12:02:50, EXEC, v:1, k:ed@vetequals, mode:FULL, rate:80, size:60
2026-04-09 12:03:37, EXEC, v:1, k:ed@vetequals, mode:FULL, rate:80, size:60
2026-04-09 12:03:52, EXEC, v:1, k:ed@vetequals, mode:FULL, rate:80, size:60
2026-04-09 12:04:15, MOVE, v:1, k:ed@vetequals, mode:BACK
2026-04-09 12:04:26, MOVE, v:1, k:ed@eh_primo, mode:DOWN
2026-04-09 12:04:28, MOVE, v:1, k:ed@eh_primo, mode:PICK
2026-04-09 12:03:51, MOVE, v:1, k:ed@vetequals, mode:EDIT
2026-04-09 12:03:52, MOVE, v:1, k:ed@vetequals, mode:EDIT
2026-04-09 12:04:26, MOVE, v:1, k:ed@eh_primo, mode:EDIT
2026-04-09 12:07:30, MOVE, v:1, k:ed@eh_primo, mode:EDIT
2026-04-09 12:08:37, EXEC, v:1, k:ed@eh_primo, mode:FULL, rate:44, size:26
2026-04-09 12:09:19, EXEC, v:1, k:ed@eh_primo, mode:FULL, rate:33, size:26
2026-04-09 12:10:51, EXEC, v:1, k:ed@eh_primo, mode:FULL, rate:0, size:26
2026-04-09 12:11:12, EXEC, v:1, k:ed@eh_primo, mode:FULL, rate:55, size:26
2026-04-09 12:12:03, EXEC, v:1, k:ed@eh_primo, mode:FULL, rate:100, size:26
2026-04-09 12:12:04, MOVE, v:1, k:ed@eh_primo, mode:BACK
2026-04-09 12:12:02, MOVE, v:1, k:ed@eh_primo, mode:EDIT
2026-04-09 12:12:02, MOVE, v:1, k:ed@eh_primo, mode:EDIT
2026-04-09 12:12:32, SELF, v:1, k:ed@eh_primo, self:1, rate:100, study:8
2026-04-09 12:12:54, SELF, v:1, k:ed@fractais_png, self:1
2026-04-09 12:13:07, SELF, v:1, k:ed@fractais_png, self:1, rate:100
2026-04-09 12:14:31, MOVE, v:1, k:ed@queimada, mode:DOWN
2026-04-09 12:14:34, MOVE, v:1, k:ed@queimada, mode:PICK
2026-04-09 12:14:31, MOVE, v:1, k:ed@queimada, mode:EDIT
2026-04-09 12:14:31, MOVE, v:1, k:ed@queimada, mode:EDIT
2026-04-09 12:16:54, MOVE, v:1, k:ed@queimada, mode:EDIT
2026-04-09 12:20:05, EXEC, v:1, k:ed@queimada, mode:FULL, rate:0, size:48
2026-04-09 12:20:57, MOVE, v:1, k:ed@queimada, mode:BACK
2026-04-09 12:21:00, MOVE, v:1, k:ed@labirinto, mode:DOWN
2026-04-09 12:21:04, MOVE, v:1, k:ed@labirinto, mode:PICK
2026-04-09 12:19:53, MOVE, v:1, k:ed@queimada, mode:EDIT
2026-04-09 12:20:05, MOVE, v:1, k:ed@queimada, mode:EDIT
2026-04-09 12:21:00, MOVE, v:1, k:ed@labirinto, mode:EDIT
2026-04-09 12:21:00, MOVE, v:1, k:ed@labirinto, mode:EDIT
2026-04-09 12:21:00, MOVE, v:1, k:ed@labirinto, mode:EDIT
2026-04-09 12:24:06, MOVE, v:1, k:ed@labirinto, mode:BACK
2026-04-09 12:24:12, MOVE, v:1, k:ed@queimada, mode:PICK
2026-04-09 12:25:15, EXEC, v:1, k:ed@queimada, mode:FULL, rate:0, size:48
2026-04-09 12:25:58, EXEC, v:1, k:ed@queimada, mode:FULL, rate:0, size:48
2026-04-09 12:26:44, EXEC, v:1, k:ed@queimada, mode:FULL, rate:0, size:48
2026-04-09 12:27:02, MOVE, v:1, k:ed@queimada, mode:BACK
2026-04-09 12:27:27, MOVE, v:1, k:ed@especiais, mode:DOWN
2026-04-09 12:27:28, MOVE, v:1, k:ed@especiais, mode:PICK
2026-04-09 12:26:43, MOVE, v:1, k:ed@queimada, mode:EDIT
2026-04-09 12:26:44, MOVE, v:1, k:ed@queimada, mode:EDIT
2026-04-09 12:27:27, MOVE, v:1, k:ed@especiais, mode:EDIT
2026-04-09 12:27:27, MOVE, v:1, k:ed@especiais, mode:EDIT
2026-04-09 12:29:26, MOVE, v:1, k:ed@especiais, mode:BACK
