2026-04-10 11:11:43, MOVE, v:1, k:ed@apagando, mode:PICK
2026-04-10 11:15:46, MOVE, v:1, k:ed@apagando, mode:EDIT
2026-04-10 11:20:43, MOVE, v:1, k:ed@apagando, mode:EDIT
2026-04-10 11:25:20, MOVE, v:1, k:ed@apagando, mode:EDIT
2026-04-10 11:22:33, MOVE, v:1, k:ed@apagando, mode:EDIT
2026-04-10 11:25:58, EXEC, v:1, k:ed@apagando, mode:FULL, rate:0, size:40
2026-04-10 11:29:25, EXEC, v:1, k:ed@apagando, mode:FULL, rate:0, size:56
2026-04-10 11:30:03, EXEC, v:1, k:ed@apagando, mode:FULL, rate:0, size:54
2026-04-10 11:30:46, MOVE, v:1, k:ed@apagando, mode:EDIT
2026-04-10 11:30:03, MOVE, v:1, k:ed@apagando, mode:EDIT
2026-04-10 11:34:09, EXEC, v:1, k:ed@apagando, mode:FULL, rate:0, size:67
2026-04-10 11:34:28, EXEC, v:1, k:ed@apagando, mode:FULL, rate:0, size:69
2026-04-10 11:35:01, EXEC, v:1, k:ed@apagando, mode:FULL, rate:0, size:69
2026-04-10 11:35:45, MOVE, v:1, k:ed@apagando, mode:EDIT
2026-04-10 11:35:00, MOVE, v:1, k:ed@apagando, mode:EDIT
2026-04-10 11:37:31, EXEC, v:1, k:ed@apagando, mode:FULL, rate:0, size:60
2026-04-10 11:39:11, EXEC, v:1, k:ed@apagando, mode:FULL, rate:0, size:61
2026-04-10 11:40:00, EXEC, v:1, k:ed@apagando, mode:FULL, rate:33, size:61
2026-04-10 11:40:08, EXEC, v:1, k:ed@apagando, mode:FULL, rate:50
2026-04-10 11:40:45, MOVE, v:1, k:ed@apagando, mode:EDIT
2026-04-10 11:40:08, MOVE, v:1, k:ed@apagando, mode:EDIT
2026-04-10 11:42:04, EXEC, v:1, k:ed@apagando, mode:FULL, rate:25, size:64
2026-04-10 11:42:52, EXEC, v:1, k:ed@apagando, mode:FULL, rate:100, size:64
2026-04-10 11:45:35, MOVE, v:1, k:ed@apagando, mode:BACK
2026-04-10 11:42:48, MOVE, v:1, k:ed@apagando, mode:EDIT
2026-04-10 11:42:51, MOVE, v:1, k:ed@apagando, mode:EDIT
2026-04-10 11:45:54, SELF, v:1, k:ed@apagando, self:1, rate:100, study:100
2026-04-10 11:46:32, MOVE, v:1, k:ed@mdc, mode:PICK
2026-04-10 11:50:39, MOVE, v:1, k:ed@mdc, mode:EDIT
2026-04-10 11:51:03, EXEC, v:1, k:ed@mdc, mode:FULL, rate:0, size:23
2026-04-10 11:51:30, EXEC, v:1, k:ed@mdc, mode:FULL, rate:100, size:23
2026-04-10 11:52:33, MOVE, v:1, k:ed@mdc, mode:BACK
2026-04-10 11:52:44, SELF, v:1, k:ed@mdc, self:1, rate:100, study:3
2026-04-10 11:53:11, SELF, v:1, k:ed@+analise, self:1
2026-04-10 11:54:05, SELF, v:1, k:ed@+recursao, self:1, rate:100
2026-04-10 11:54:15, SELF, v:1, k:ed@+analise, self:1, rate:100
2026-04-10 11:54:44, SELF, v:1, k:ed@fractais_png, self:1, rate:100
2026-04-10 11:54:59, MOVE, v:1, k:ed@treinando, mode:PICK
2026-04-10 11:51:33, MOVE, v:1, k:ed@mdc, mode:EDIT
2026-04-10 11:51:30, MOVE, v:1, k:ed@mdc, mode:EDIT
2026-04-10 12:00:46, MOVE, v:1, k:ed@treinando, mode:EDIT
2026-04-10 12:03:19, MOVE, v:1, k:ed@treinando, mode:EDIT
2026-04-10 12:10:38, MOVE, v:1, k:ed@treinando, mode:EDIT
2026-04-10 12:12:33, EXEC, v:1, k:ed@treinando, mode:FULL, rate:0, size:148
2026-04-10 12:14:17, EXEC, v:1, k:ed@treinando, mode:FULL, rate:0, size:148
2026-04-10 12:15:11, EXEC, v:1, k:ed@treinando, mode:FULL, rate:0, size:160
2026-04-10 12:15:16, EXEC, v:1, k:ed@treinando, mode:FULL, rate:0
2026-04-10 12:15:17, EXEC, v:1, k:ed@treinando, mode:FREE
2026-04-10 12:15:09, MOVE, v:1, k:ed@treinando, mode:EDIT
2026-04-10 12:15:18, MOVE, v:1, k:ed@treinando, mode:EDIT
2026-04-10 12:16:20, EXEC, v:1, k:ed@treinando, mode:FULL, rate:0, size:160
2026-04-10 12:16:28, EXEC, v:1, k:ed@treinando, mode:FULL, rate:0
2026-04-10 12:16:35, MOVE, v:1, k:ed@treinando, mode:BACK
2026-04-10 12:16:36, MOVE, v:1, k:ed@treinando, mode:PICK
2026-04-10 12:16:38, EXEC, v:1, k:ed@treinando, mode:FREE
2026-04-10 12:18:27, EXEC, v:1, k:ed@treinando, mode:FULL, rate:0, size:160
2026-04-10 12:18:31, EXEC, v:1, k:ed@treinando, mode:FREE
2026-04-10 12:18:49, EXEC, v:1, k:ed@treinando, mode:FULL, rate:0
2026-04-10 12:20:30, MOVE, v:1, k:ed@treinando, mode:EDIT
2026-04-10 12:18:47, MOVE, v:1, k:ed@treinando, mode:EDIT
2026-04-10 12:20:55, EXEC, v:1, k:ed@treinando, mode:FULL, rate:0, size:160
2026-04-10 12:21:12, EXEC, v:1, k:ed@treinando, mode:FULL, rate:0
2026-04-10 12:21:44, MOVE, v:1, k:ed@treinando, mode:BACK
2026-04-10 12:22:07, MOVE, v:1, k:ed@labirinto, mode:PICK
