2026-04-14 11:15:24, MOVE, v:1, k:fup@loop_i, mode:DOWN
2026-04-14 11:15:25, MOVE, v:1, k:fup@loop_ii, mode:DOWN
2026-04-14 11:15:26, MOVE, v:1, k:fup@loop_iii, mode:DOWN
2026-04-14 11:15:27, MOVE, v:1, k:fup@loop_iv, mode:DOWN
2026-04-14 11:15:28, MOVE, v:1, k:fup@loop_v, mode:DOWN
2026-04-14 11:15:31, MOVE, v:1, k:fup@pares, mode:DOWN
2026-04-14 11:15:32, MOVE, v:1, k:fup@sapatos, mode:DOWN
2026-04-14 11:15:33, MOVE, v:1, k:fup@filhos, mode:DOWN
2026-04-14 11:15:34, MOVE, v:1, k:fup@ceu, mode:DOWN
2026-04-14 11:15:35, MOVE, v:1, k:fup@esconde, mode:DOWN
2026-04-14 11:15:41, MOVE, v:1, k:fup@loop_i, mode:PICK
2026-04-14 11:17:30, EXEC, v:1, k:fup@loop_i, mode:FULL, rate:100, size:13
2026-04-14 11:17:38, MOVE, v:1, k:fup@loop_i, mode:BACK
2026-04-14 11:17:42, MOVE, v:1, k:fup@loop_ii, mode:PICK
2026-04-14 11:15:24, MOVE, v:1, k:fup@loop_i, mode:EDIT
2026-04-14 11:15:24, MOVE, v:1, k:fup@loop_i, mode:EDIT
2026-04-14 11:17:29, MOVE, v:1, k:fup@loop_i, mode:EDIT
2026-04-14 11:15:25, MOVE, v:1, k:fup@loop_ii, mode:EDIT
2026-04-14 11:15:25, MOVE, v:1, k:fup@loop_ii, mode:EDIT
2026-04-14 11:15:26, MOVE, v:1, k:fup@loop_iii, mode:EDIT
2026-04-14 11:15:26, MOVE, v:1, k:fup@loop_iii, mode:EDIT
2026-04-14 11:15:27, MOVE, v:1, k:fup@loop_iv, mode:EDIT
2026-04-14 11:15:27, MOVE, v:1, k:fup@loop_iv, mode:EDIT
2026-04-14 11:15:28, MOVE, v:1, k:fup@loop_v, mode:EDIT
2026-04-14 11:15:31, MOVE, v:1, k:fup@pares, mode:EDIT
2026-04-14 11:15:31, MOVE, v:1, k:fup@pares, mode:EDIT
2026-04-14 11:15:32, MOVE, v:1, k:fup@sapatos, mode:EDIT
2026-04-14 11:15:32, MOVE, v:1, k:fup@sapatos, mode:EDIT
2026-04-14 11:15:33, MOVE, v:1, k:fup@filhos, mode:EDIT
2026-04-14 11:15:33, MOVE, v:1, k:fup@filhos, mode:EDIT
2026-04-14 11:15:34, MOVE, v:1, k:fup@ceu, mode:EDIT
2026-04-14 11:15:34, MOVE, v:1, k:fup@ceu, mode:EDIT
2026-04-14 11:15:35, MOVE, v:1, k:fup@esconde, mode:EDIT
2026-04-14 11:15:35, MOVE, v:1, k:fup@esconde, mode:EDIT
2026-04-14 11:15:35, MOVE, v:1, k:fup@esconde, mode:EDIT
2026-04-14 11:17:30, MOVE, v:1, k:fup@loop_i, mode:EDIT
2026-04-14 11:20:06, MOVE, v:1, k:fup@loop_ii, mode:EDIT
2026-04-14 11:20:28, EXEC, v:1, k:fup@loop_ii, mode:FULL, size:13, fail:COMP
2026-04-14 11:20:52, EXEC, v:1, k:fup@loop_ii, mode:FULL, rate:100, size:14
2026-04-14 11:20:54, MOVE, v:1, k:fup@loop_ii, mode:BACK
2026-04-14 11:20:56, MOVE, v:1, k:fup@loop_iii, mode:PICK
2026-04-14 11:22:40, EXEC, v:1, k:fup@loop_iii, mode:FULL, rate:0, size:15
2026-04-14 11:22:49, EXEC, v:1, k:fup@loop_iii, mode:FULL, rate:100, size:15
2026-04-14 11:22:50, MOVE, v:1, k:fup@loop_iii, mode:BACK
2026-04-14 11:22:55, SELF, v:1, k:fup@loop_ii, self:1, rate:100
2026-04-14 11:22:58, SELF, v:1, k:fup@loop_iii, self:1, rate:100
2026-04-14 11:23:05, MOVE, v:1, k:fup@loop_iv, mode:PICK
2026-04-14 11:20:51, MOVE, v:1, k:fup@loop_ii, mode:EDIT
2026-04-14 11:20:52, MOVE, v:1, k:fup@loop_ii, mode:EDIT
2026-04-14 11:22:49, MOVE, v:1, k:fup@loop_iii, mode:EDIT
2026-04-14 11:22:49, MOVE, v:1, k:fup@loop_iii, mode:EDIT
2026-04-14 11:24:57, MOVE, v:1, k:fup@loop_iv, mode:EDIT
2026-04-14 11:27:16, EXEC, v:1, k:fup@loop_iv, mode:FULL, rate:0, size:22
2026-04-14 11:27:17, EXEC, v:1, k:fup@loop_iv, mode:FULL, rate:0
2026-04-14 11:27:50, EXEC, v:1, k:fup@loop_iv, mode:FULL, rate:100, size:22
2026-04-14 11:27:51, MOVE, v:1, k:fup@loop_iv, mode:BACK
2026-04-14 11:27:56, MOVE, v:1, k:fup@loop_v, mode:PICK
2026-04-14 11:29:19, EXEC, v:1, k:fup@loop_v, mode:FULL, rate:0, size:15
2026-04-14 11:29:29, EXEC, v:1, k:fup@loop_v, mode:FULL, rate:100, size:15
2026-04-14 11:29:30, MOVE, v:1, k:fup@loop_v, mode:BACK
2026-04-14 11:29:35, SELF, v:1, k:fup@loop_v, self:1, rate:100
2026-04-14 11:29:39, MOVE, v:1, k:fup@pares, mode:PICK
2026-04-14 11:27:49, MOVE, v:1, k:fup@loop_iv, mode:EDIT
2026-04-14 11:27:49, MOVE, v:1, k:fup@loop_iv, mode:EDIT
2026-04-14 11:29:28, MOVE, v:1, k:fup@loop_v, mode:EDIT
2026-04-14 11:29:29, MOVE, v:1, k:fup@loop_v, mode:EDIT
2026-04-14 11:30:02, MOVE, v:1, k:fup@pares, mode:EDIT
2026-04-14 11:31:02, EXEC, v:1, k:fup@pares, mode:FULL, rate:28, size:15
2026-04-14 11:31:11, EXEC, v:1, k:fup@pares, mode:FULL, rate:85, size:15
2026-04-14 11:31:44, EXEC, v:1, k:fup@pares, mode:FULL, rate:100, size:17
2026-04-14 11:31:45, MOVE, v:1, k:fup@pares, mode:BACK
2026-04-14 11:31:48, SELF, v:1, k:fup@pares, self:1, rate:100
2026-04-14 11:31:53, MOVE, v:1, k:fup@sapatos, mode:PICK
2026-04-14 11:33:39, EXEC, v:1, k:fup@sapatos, mode:FULL, rate:100, size:20
2026-04-14 11:33:40, MOVE, v:1, k:fup@sapatos, mode:BACK
2026-04-14 11:33:44, SELF, v:1, k:fup@sapatos, self:1, rate:100
2026-04-14 11:33:46, MOVE, v:1, k:fup@filhos, mode:PICK
2026-04-14 11:31:43, MOVE, v:1, k:fup@pares, mode:EDIT
2026-04-14 11:31:44, MOVE, v:1, k:fup@pares, mode:EDIT
2026-04-14 11:33:39, MOVE, v:1, k:fup@sapatos, mode:EDIT
2026-04-14 11:33:39, MOVE, v:1, k:fup@sapatos, mode:EDIT
2026-04-14 11:35:06, MOVE, v:1, k:fup@filhos, mode:EDIT
2026-04-14 11:36:03, EXEC, v:1, k:fup@filhos, mode:FULL, rate:100, size:13
2026-04-14 11:36:05, MOVE, v:1, k:fup@filhos, mode:BACK
2026-04-14 11:36:09, SELF, v:1, k:fup@filhos, self:1, rate:100
2026-04-14 11:36:12, MOVE, v:1, k:fup@ceu, mode:PICK
2026-04-14 11:39:27, EXEC, v:1, k:fup@ceu, mode:FULL, rate:20, size:25
2026-04-14 11:39:54, EXEC, v:1, k:fup@ceu, mode:FULL, rate:20, size:25
2026-04-14 11:40:05, EXEC, v:1, k:fup@ceu, mode:FULL, rate:100, size:26
2026-04-14 11:40:06, MOVE, v:1, k:fup@ceu, mode:BACK
2026-04-14 11:35:57, MOVE, v:1, k:fup@filhos, mode:EDIT
2026-04-14 11:36:03, MOVE, v:1, k:fup@filhos, mode:EDIT
2026-04-14 11:40:02, MOVE, v:1, k:fup@ceu, mode:EDIT
2026-04-14 11:40:05, MOVE, v:1, k:fup@ceu, mode:EDIT
2026-04-14 11:40:10, SELF, v:1, k:fup@ceu, self:1, rate:100
2026-04-14 11:40:12, MOVE, v:1, k:fup@esconde, mode:PICK
2026-04-14 11:43:11, EXEC, v:1, k:fup@esconde, mode:FULL, rate:100, size:21
2026-04-14 11:43:11, MOVE, v:1, k:fup@esconde, mode:BACK
2026-04-14 11:43:15, SELF, v:1, k:fup@esconde, self:1, rate:100
2026-04-14 11:43:24, MOVE, v:1, k:fup@zigzag, mode:DOWN
2026-04-14 11:43:26, MOVE, v:1, k:fup@colorido, mode:DOWN
2026-04-14 11:43:27, MOVE, v:1, k:fup@concentra, mode:DOWN
2026-04-14 11:43:28, MOVE, v:1, k:fup@fuga, mode:DOWN
2026-04-14 11:43:29, MOVE, v:1, k:fup@lotado, mode:DOWN
2026-04-14 11:43:30, MOVE, v:1, k:fup@spok, mode:DOWN
2026-04-14 11:43:30, MOVE, v:1, k:fup@sapinho, mode:DOWN
2026-04-14 11:43:31, MOVE, v:1, k:fup@fatores, mode:DOWN
2026-04-14 11:43:35, MOVE, v:1, k:fup@zigzag, mode:PICK
2026-04-14 11:43:10, MOVE, v:1, k:fup@esconde, mode:EDIT
2026-04-14 11:43:11, MOVE, v:1, k:fup@esconde, mode:EDIT
2026-04-14 11:43:41, MOVE, v:1, k:fup@zigzag, mode:EDIT
2026-04-14 11:43:24, MOVE, v:1, k:fup@zigzag, mode:EDIT
2026-04-14 11:45:06, MOVE, v:1, k:fup@zigzag, mode:EDIT
2026-04-14 11:43:26, MOVE, v:1, k:fup@colorido, mode:EDIT
2026-04-14 11:43:26, MOVE, v:1, k:fup@colorido, mode:EDIT
2026-04-14 11:43:26, MOVE, v:1, k:fup@colorido, mode:EDIT
2026-04-14 11:43:27, MOVE, v:1, k:fup@concentra, mode:EDIT
2026-04-14 11:43:27, MOVE, v:1, k:fup@concentra, mode:EDIT
2026-04-14 11:43:27, MOVE, v:1, k:fup@concentra, mode:EDIT
2026-04-14 11:43:28, MOVE, v:1, k:fup@fuga, mode:EDIT
2026-04-14 11:43:28, MOVE, v:1, k:fup@fuga, mode:EDIT
2026-04-14 11:43:29, MOVE, v:1, k:fup@lotado, mode:EDIT
2026-04-14 11:43:29, MOVE, v:1, k:fup@lotado, mode:EDIT
2026-04-14 11:43:29, MOVE, v:1, k:fup@lotado, mode:EDIT
2026-04-14 11:43:30, MOVE, v:1, k:fup@spok, mode:EDIT
2026-04-14 11:43:30, MOVE, v:1, k:fup@spok, mode:EDIT
2026-04-14 11:43:30, MOVE, v:1, k:fup@spok, mode:EDIT
2026-04-14 11:43:30, MOVE, v:1, k:fup@sapinho, mode:EDIT
2026-04-14 11:43:30, MOVE, v:1, k:fup@sapinho, mode:EDIT
2026-04-14 11:43:30, MOVE, v:1, k:fup@sapinho, mode:EDIT
2026-04-14 11:43:31, MOVE, v:1, k:fup@fatores, mode:EDIT
2026-04-14 11:43:31, MOVE, v:1, k:fup@fatores, mode:EDIT
2026-04-14 11:43:31, MOVE, v:1, k:fup@fatores, mode:EDIT
2026-04-14 11:45:51, EXEC, v:1, k:fup@zigzag, mode:FULL, rate:0, size:29
2026-04-14 11:46:03, EXEC, v:1, k:fup@zigzag, mode:FULL, rate:100, size:29
2026-04-14 11:46:04, MOVE, v:1, k:fup@zigzag, mode:BACK
2026-04-14 11:46:08, SELF, v:1, k:fup@zigzag, self:1, rate:100
2026-04-14 11:46:13, MOVE, v:1, k:fup@colorido, mode:PICK
2026-04-14 11:46:03, MOVE, v:1, k:fup@zigzag, mode:EDIT
2026-04-14 11:46:03, MOVE, v:1, k:fup@zigzag, mode:EDIT
2026-04-14 11:50:06, MOVE, v:1, k:fup@colorido, mode:EDIT
2026-04-14 11:52:12, EXEC, v:1, k:fup@colorido, mode:FULL, rate:16, size:38
2026-04-14 11:53:14, EXEC, v:1, k:fup@colorido, mode:FULL, rate:100, size:41
2026-04-14 11:53:15, MOVE, v:1, k:fup@colorido, mode:BACK
2026-04-14 11:53:19, SELF, v:1, k:fup@colorido, self:1, rate:100
2026-04-14 11:53:23, MOVE, v:1, k:fup@concentra, mode:PICK
2026-04-14 11:53:14, MOVE, v:1, k:fup@colorido, mode:EDIT
2026-04-14 11:53:14, MOVE, v:1, k:fup@colorido, mode:EDIT
2026-04-14 11:55:06, MOVE, v:1, k:fup@concentra, mode:EDIT
2026-04-14 11:55:52, EXEC, v:1, k:fup@concentra, mode:FULL, rate:0, size:15
2026-04-14 11:56:27, EXEC, v:1, k:fup@concentra, mode:FULL, rate:0, size:17
2026-04-14 11:56:36, EXEC, v:1, k:fup@concentra, mode:FULL, rate:100, size:17
2026-04-14 11:56:38, MOVE, v:1, k:fup@concentra, mode:BACK
2026-04-14 11:56:41, SELF, v:1, k:fup@concentra, self:1, rate:100
2026-04-14 11:56:57, MOVE, v:1, k:fup@lotado, mode:PICK
2026-04-14 11:56:36, MOVE, v:1, k:fup@concentra, mode:EDIT
2026-04-14 11:56:36, MOVE, v:1, k:fup@concentra, mode:EDIT
2026-04-14 11:59:53, MOVE, v:1, k:fup@lotado, mode:EDIT
2026-04-14 12:01:57, EXEC, v:1, k:fup@lotado, mode:FULL, rate:66, size:33
2026-04-14 12:02:38, EXEC, v:1, k:fup@lotado, mode:FULL, rate:100, size:33
2026-04-14 12:02:39, MOVE, v:1, k:fup@lotado, mode:BACK
2026-04-14 12:02:42, SELF, v:1, k:fup@lotado, self:1, rate:100
2026-04-14 12:02:46, MOVE, v:1, k:fup@spok, mode:PICK
2026-04-14 12:02:37, MOVE, v:1, k:fup@lotado, mode:EDIT
2026-04-14 12:02:38, MOVE, v:1, k:fup@lotado, mode:EDIT
2026-04-14 12:04:57, MOVE, v:1, k:fup@spok, mode:EDIT
2026-04-14 12:07:17, EXEC, v:1, k:fup@spok, mode:FULL, rate:62, size:22
2026-04-14 12:09:30, EXEC, v:1, k:fup@spok, mode:FULL, rate:62
2026-04-14 12:10:01, MOVE, v:1, k:fup@spok, mode:EDIT
2026-04-14 12:09:30, MOVE, v:1, k:fup@spok, mode:EDIT
2026-04-14 12:10:18, EXEC, v:1, k:fup@spok, mode:FULL, rate:25, size:23
2026-04-14 12:13:17, MOVE, v:1, k:fup@spok, mode:BACK
2026-04-14 12:13:20, MOVE, v:1, k:fup@sapinho, mode:PICK
2026-04-14 12:13:17, MOVE, v:1, k:fup@spok, mode:EDIT
2026-04-14 12:10:18, MOVE, v:1, k:fup@spok, mode:EDIT
2026-04-14 12:15:05, MOVE, v:1, k:fup@sapinho, mode:EDIT
2026-04-14 12:16:55, EXEC, v:1, k:fup@sapinho, mode:FULL, rate:0, size:17
2026-04-14 12:17:14, EXEC, v:1, k:fup@sapinho, mode:FULL, rate:0, size:17
2026-04-14 12:17:56, EXEC, v:1, k:fup@sapinho, mode:FULL, rate:0, size:18
2026-04-14 12:18:29, EXEC, v:1, k:fup@sapinho, mode:FULL, rate:0, size:19
2026-04-14 12:18:46, MOVE, v:1, k:fup@sapinho, mode:PICK
2026-04-14 12:19:23, EXEC, v:1, k:fup@sapinho, mode:FULL, rate:100, size:20
2026-04-14 12:19:25, MOVE, v:1, k:fup@sapinho, mode:BACK
2026-04-14 12:19:28, SELF, v:1, k:fup@sapinho, self:1, rate:100
2026-04-14 12:19:32, MOVE, v:1, k:fup@fatores, mode:PICK
2026-04-14 12:20:15, MOVE, v:1, k:fup@fatores, mode:BACK
2026-04-14 12:20:16, MOVE, v:1, k:fup@fatores, mode:PICK
2026-04-14 12:23:19, EXEC, v:1, k:fup@fatores, mode:FULL, rate:0, size:24
2026-04-14 12:23:36, EXEC, v:1, k:fup@fatores, mode:FULL, rate:0, size:25
2026-04-14 12:23:42, EXEC, v:1, k:fup@fatores, mode:FULL, rate:0, size:25
2026-04-14 12:19:22, MOVE, v:1, k:fup@sapinho, mode:EDIT
2026-04-14 12:19:23, MOVE, v:1, k:fup@sapinho, mode:EDIT
2026-04-14 12:23:40, MOVE, v:1, k:fup@fatores, mode:EDIT
2026-04-14 12:23:40, MOVE, v:1, k:fup@fatores, mode:EDIT
2026-04-14 12:23:57, EXEC, v:1, k:fup@fatores, mode:FULL, rate:0, size:25
2026-04-14 12:24:15, EXEC, v:1, k:fup@fatores, mode:FULL, rate:0, size:25
2026-04-14 12:25:06, EXEC, v:1, k:fup@fatores, mode:FULL, rate:20, size:32
2026-04-14 12:25:50, EXEC, v:1, k:fup@fatores, mode:FULL, rate:20, size:35
2026-04-14 12:27:00, EXEC, v:1, k:fup@fatores, mode:FULL, rate:0, size:35
2026-04-14 12:27:06, MOVE, v:1, k:fup@fatores, mode:BACK
2026-04-14 12:27:07, MOVE, v:1, k:fup@fatores, mode:PICK
2026-04-14 12:27:08, EXEC, v:1, k:fup@fatores, mode:FREE
2026-04-14 12:27:30, MOVE, v:1, k:fup@fatores, mode:PICK
2026-04-14 12:29:02, EXEC, v:1, k:fup@fatores, mode:FULL, rate:20, size:32
2026-04-14 12:30:20, EXEC, v:1, k:fup@fatores, mode:FULL, rate:100, size:31
2026-04-14 12:30:21, MOVE, v:1, k:fup@fatores, mode:BACK
2026-04-14 12:30:26, SELF, v:1, k:fup@fatores, self:1, rate:100
